  Boya.cpp
D:\Uni\3V\IG II\IG-II\Practica 2.3\OGREsdk\include\OGRE\OgreHardwareBuffer.h(180,58): warning C4251: 'Ogre::HardwareBuffer::mShadowBuffer': class 'std::unique_ptr<Ogre::HardwareBuffer,std::default_delete<Ogre::HardwareBuffer>>' necesita tener una interfaz DLL para que la utilicen los clientes de class 'Ogre::HardwareBuffer'
D:\Uni\3V\IG II\IG-II\Practica 2.3\OGREsdk\include\OGRE\OgreHardwareBuffer.h(180): message : vea la declaración de 'std::unique_ptr<Ogre::HardwareBuffer,std::default_delete<Ogre::HardwareBuffer>>'
D:\Uni\3V\IG II\IG-II\Practica 2.3\IG2App\Boya.cpp(10,57): warning C4244: 'argumento': conversión de 'int' a 'Ogre::Real'; posible pérdida de datos
D:\Uni\3V\IG II\IG-II\Practica 2.3\IG2App\Boya.cpp(19,60): warning C4244: 'argumento': conversión de 'int' a 'Ogre::Real'; posible pérdida de datos
D:\Uni\3V\IG II\IG-II\Practica 2.3\IG2App\Boya.cpp(22,35): warning C4244: 'argumento': conversión de 'int' a 'Ogre::Real'; posible pérdida de datos
D:\Uni\3V\IG II\IG-II\Practica 2.3\IG2App\Boya.cpp(23,33): warning C4244: 'argumento': conversión de 'int' a 'const Ogre::Real'; posible pérdida de datos
D:\Uni\3V\IG II\IG-II\Practica 2.3\IG2App\Boya.cpp(27,35): warning C4244: 'argumento': conversión de 'int' a 'Ogre::Real'; posible pérdida de datos
D:\Uni\3V\IG II\IG-II\Practica 2.3\IG2App\Boya.cpp(28,42): warning C4244: 'argumento': conversión de 'int' a 'const Ogre::Real'; posible pérdida de datos
D:\Uni\3V\IG II\IG-II\Practica 2.3\IG2App\Boya.cpp(31,35): warning C4244: 'argumento': conversión de 'int' a 'Ogre::Real'; posible pérdida de datos
D:\Uni\3V\IG II\IG-II\Practica 2.3\IG2App\Boya.cpp(32,33): warning C4244: 'argumento': conversión de 'int' a 'const Ogre::Real'; posible pérdida de datos
D:\Uni\3V\IG II\IG-II\Practica 2.3\IG2App\Boya.cpp(36,35): warning C4244: 'argumento': conversión de 'int' a 'Ogre::Real'; posible pérdida de datos
D:\Uni\3V\IG II\IG-II\Practica 2.3\IG2App\Boya.cpp(37,42): warning C4244: 'argumento': conversión de 'int' a 'const Ogre::Real'; posible pérdida de datos
  Generando código
  1 of 774 functions ( 0.1%) were compiled, the rest were copied from previous compilation.
    0 functions were new in current compilation
    1 functions had inline decision re-evaluated but remain unchanged
  Generación de código finalizada
SDL2main.lib(SDL_windows_main.obj) : warning LNK4099: no se encontró PDB 'SDL2main.pdb' con 'SDL2main.lib(SDL_windows_main.obj)' o en 'D:\Uni\3V\IG II\IG-II\Practica 2.3\bin\SDL2main.pdb'; se vinculará el objeto sin tener en cuenta información de depuración
  IG2App.vcxproj -> D:\Uni\3V\IG II\IG-II\Practica 2.3\bin\IG2AppRelease.exe
