22:10:38: Creating resource group General
22:10:38: Creating resource group OgreInternal
22:10:38: Creating resource group OgreAutodetect
22:10:38: SceneManagerFactory for type 'DefaultSceneManager' registered.
22:10:38: Registering ResourceManager for type Material
22:10:38: Registering ResourceManager for type Mesh
22:10:38: Registering ResourceManager for type Skeleton
22:10:38: MovableObjectFactory for type 'ParticleSystem' registered.
22:10:38: ArchiveFactory for archive type FileSystem registered.
22:10:38: ArchiveFactory for archive type Zip registered.
22:10:38: ArchiveFactory for archive type EmbeddedZip registered.
22:10:38: DDS codec registering
22:10:38: ETC codec registering
22:10:38: Registering ResourceManager for type HighLevelGpuProgram
22:10:38: Registering ResourceManager for type Compositor
22:10:38: MovableObjectFactory for type 'Entity' registered.
22:10:38: MovableObjectFactory for type 'Light' registered.
22:10:38: MovableObjectFactory for type 'BillboardSet' registered.
22:10:38: MovableObjectFactory for type 'ManualObject' registered.
22:10:38: MovableObjectFactory for type 'BillboardChain' registered.
22:10:38: MovableObjectFactory for type 'RibbonTrail' registered.
22:10:38: Loading library C:/Users/felip/OneDrive/Desktop/Programas/Repositorios/IG-II/Practica 2.1/bin/.\RenderSystem_GL
22:10:38: Installing plugin: GL RenderSystem
22:10:38: OpenGL Rendering Subsystem created.
22:10:38: Plugin successfully installed
22:10:38: Loading library C:/Users/felip/OneDrive/Desktop/Programas/Repositorios/IG-II/Practica 2.1/bin/.\RenderSystem_GL3Plus
22:10:38: Installing plugin: GL 3+ RenderSystem
22:10:38: OpenGL 3+ Rendering Subsystem created.
22:10:38: Plugin successfully installed
22:10:38: Loading library C:/Users/felip/OneDrive/Desktop/Programas/Repositorios/IG-II/Practica 2.1/bin/.\Plugin_ParticleFX
22:10:38: Installing plugin: ParticleFX
22:10:38: Particle Emitter Type 'Point' registered
22:10:38: Particle Emitter Type 'Box' registered
22:10:38: Particle Emitter Type 'Ellipsoid' registered
22:10:38: Particle Emitter Type 'Cylinder' registered
22:10:38: Particle Emitter Type 'Ring' registered
22:10:38: Particle Emitter Type 'HollowEllipsoid' registered
22:10:38: Particle Affector Type 'LinearForce' registered
22:10:38: Particle Affector Type 'ColourFader' registered
22:10:38: Particle Affector Type 'ColourFader2' registered
22:10:38: Particle Affector Type 'ColourImage' registered
22:10:38: Particle Affector Type 'ColourInterpolator' registered
22:10:38: Particle Affector Type 'Scaler' registered
22:10:38: Particle Affector Type 'Rotator' registered
22:10:38: Particle Affector Type 'DirectionRandomiser' registered
22:10:38: Particle Affector Type 'DeflectorPlane' registered
22:10:38: Plugin successfully installed
22:10:38: Loading library C:/Users/felip/OneDrive/Desktop/Programas/Repositorios/IG-II/Practica 2.1/bin/.\Plugin_BSPSceneManager
22:10:38: Installing plugin: BSP Scene Manager
22:10:38: Plugin successfully installed
22:10:38: Loading library C:/Users/felip/OneDrive/Desktop/Programas/Repositorios/IG-II/Practica 2.1/bin/.\Codec_STBI
22:10:38: stb_image - v2.19 - public domain JPEG/PNG reader
22:10:38: Supported formats: jpeg,jpg,png,bmp,psd,tga,gif,pic,ppm,pgm,hdr
22:10:38: Loading library C:/Users/felip/OneDrive/Desktop/Programas/Repositorios/IG-II/Practica 2.1/bin/.\Plugin_PCZSceneManager
22:10:38: Installing plugin: Portal Connected Zone Scene Manager
22:10:38: PCZone Factory Type 'ZoneType_Default' registered
22:10:38: Plugin successfully installed
22:10:38: Loading library C:/Users/felip/OneDrive/Desktop/Programas/Repositorios/IG-II/Practica 2.1/bin/.\Plugin_OctreeZone
22:10:38: Installing plugin: Octree Zone Factory
22:10:38: Plugin successfully installed
22:10:38: Loading library C:/Users/felip/OneDrive/Desktop/Programas/Repositorios/IG-II/Practica 2.1/bin/.\Plugin_OctreeSceneManager
22:10:38: Installing plugin: Octree Scene Manager
22:10:38: Plugin successfully installed
22:10:38: *-*-* OGRE Initialising
22:10:38: *-*-* Version 1.11.2 (Rhagorthua)
22:10:38: OverlayElementFactory for type Panel registered.
22:10:38: OverlayElementFactory for type BorderPanel registered.
22:10:38: OverlayElementFactory for type TextArea registered.
22:10:38: Registering ResourceManager for type Font
22:10:38: CPU Identifier & Features
22:10:38: -------------------------
22:10:38:  *   CPU ID: GenuineIntel: Intel(R) Core(TM) i7-10750H CPU @ 2.60GHz
22:10:38:  *          SSE: yes
22:10:38:  *         SSE2: yes
22:10:38:  *         SSE3: yes
22:10:38:  *        SSE41: yes
22:10:38:  *        SSE42: yes
22:10:38:  *          MMX: yes
22:10:38:  *       MMXEXT: yes
22:10:38:  *        3DNOW: no
22:10:38:  *     3DNOWEXT: no
22:10:38:  *         CMOV: yes
22:10:38:  *          TSC: yes
22:10:38:  *INVARIANT TSC: yes
22:10:38:  *          FPU: yes
22:10:38:  *          PRO: yes
22:10:38:  *           HT: no
22:10:38: -------------------------
22:10:38: *** Starting Win32GL Subsystem ***
22:10:38: GL3PlusRenderSystem::_createRenderWindow "IG2App", 1024x768 windowed  miscParams: FSAA=0 externalWindowHandle=1902070 gamma=No vsync=Yes 
22:10:38: Supported WGL extensions: WGL_EXT_depth_float WGL_ARB_buffer_region WGL_ARB_extensions_string WGL_ARB_make_current_read WGL_ARB_pixel_format WGL_ARB_pbuffer WGL_EXT_extensions_string WGL_EXT_swap_control WGL_ARB_multisample WGL_ARB_pixel_format_float WGL_ARB_framebuffer_sRGB WGL_ARB_create_context WGL_ARB_create_context_profile WGL_EXT_pixel_format_packed_float WGL_EXT_create_context_es_profile WGL_EXT_create_context_es2_profile WGL_NV_DX_interop WGL_NV_DX_interop2 WGL_ARB_create_context_robustness WGL_ARB_context_flush_control 
22:10:38: GL_VERSION = 4.6.0.0
22:10:38: GL_VENDOR = Intel
22:10:38: GL_RENDERER = Intel(R) UHD Graphics
22:10:38: GL_EXTENSIONS = GL_3DFX_texture_compression_FXT1 GL_AMD_depth_clamp_separate GL_AMD_vertex_shader_layer GL_AMD_vertex_shader_viewport_index GL_ARB_ES2_compatibility GL_ARB_ES3_1_compatibility GL_ARB_ES3_compatibility GL_ARB_arrays_of_arrays GL_ARB_base_instance GL_ARB_bindless_texture GL_ARB_blend_func_extended GL_ARB_buffer_storage GL_ARB_cl_event GL_ARB_clear_buffer_object GL_ARB_clear_texture GL_ARB_clip_control GL_ARB_color_buffer_float GL_ARB_compatibility GL_ARB_compressed_texture_pixel_storage GL_ARB_compute_shader GL_ARB_conditional_render_inverted GL_ARB_conservative_depth GL_ARB_copy_buffer GL_ARB_copy_image GL_ARB_cull_distance GL_ARB_debug_output GL_ARB_depth_buffer_float GL_ARB_depth_clamp GL_ARB_depth_texture GL_ARB_derivative_control GL_ARB_direct_state_access GL_ARB_draw_buffers GL_ARB_draw_buffers_blend GL_ARB_draw_elements_base_vertex GL_ARB_draw_indirect GL_ARB_draw_instanced GL_ARB_enhanced_layouts GL_ARB_explicit_attrib_location GL_ARB_explicit_uniform_location GL_ARB_fragment_coord_conventions GL_ARB_fragment_layer_viewport GL_ARB_fragment_program GL_ARB_fragment_program_shadow GL_ARB_fragment_shader GL_ARB_fragment_shader_interlock GL_ARB_framebuffer_no_attachments GL_ARB_framebuffer_object GL_ARB_framebuffer_sRGB GL_ARB_geometry_shader4 GL_ARB_get_program_binary GL_ARB_get_texture_sub_image GL_ARB_gl_spirv GL_ARB_gpu_shader5 GL_ARB_gpu_shader_fp64 GL_ARB_half_float_pixel GL_ARB_half_float_vertex GL_ARB_indirect_parameters GL_ARB_instanced_arrays GL_ARB_internalformat_query GL_ARB_internalformat_query2 GL_ARB_invalidate_subdata GL_ARB_map_buffer_alignment GL_ARB_map_buffer_range GL_ARB_multi_bind GL_ARB_multi_draw_indirect GL_ARB_multisample GL_ARB_multitexture GL_ARB_occlusion_query GL_ARB_occlusion_query2 GL_ARB_pipeline_statistics_query GL_ARB_pixel_buffer_object GL_ARB_point_parameters GL_ARB_point_sprite GL_ARB_polygon_offset_clamp GL_ARB_post_depth_coverage GL_ARB_program_interface_query GL_ARB_provoking_vertex GL_ARB_query_buffer_object GL_ARB_robust_buffer_access_behavior GL_ARB_robustness GL_ARB_robustness_isolation GL_ARB_sample_shading GL_ARB_sampler_objects GL_ARB_seamless_cube_map GL_ARB_seamless_cubemap_per_texture GL_ARB_separate_shader_objects GL_ARB_shader_atomic_counter_ops GL_ARB_shader_atomic_counters GL_ARB_shader_bit_encoding GL_ARB_shader_draw_parameters GL_ARB_shader_group_vote GL_ARB_shader_image_load_store GL_ARB_shader_image_size GL_ARB_shader_objects GL_ARB_shader_precision GL_ARB_shader_stencil_export GL_ARB_shader_storage_buffer_object GL_ARB_shader_subroutine GL_ARB_shader_texture_image_samples GL_ARB_shading_language_100 GL_ARB_shading_language_420pack GL_ARB_shading_language_packing GL_ARB_shadow GL_ARB_spirv_extensions GL_ARB_stencil_texturing GL_ARB_sync GL_ARB_tessellation_shader GL_ARB_texture_barrier GL_ARB_texture_border_clamp GL_ARB_texture_buffer_object GL_ARB_texture_buffer_object_rgb32 GL_ARB_texture_buffer_range GL_ARB_texture_compression GL_ARB_texture_compression_bptc GL_ARB_texture_compression_rgtc GL_ARB_texture_cube_map GL_ARB_texture_cube_map_array GL_ARB_texture_env_add GL_ARB_texture_env_combine GL_ARB_texture_env_crossbar GL_ARB_texture_env_dot3 GL_ARB_texture_filter_anisotropic GL_ARB_texture_float GL_ARB_texture_gather GL_ARB_texture_mirror_clamp_to_edge GL_ARB_texture_mirrored_repeat GL_ARB_texture_multisample GL_ARB_texture_non_power_of_two GL_ARB_texture_query_levels GL_ARB_texture_query_lod GL_ARB_texture_rectangle GL_ARB_texture_rg GL_ARB_texture_rgb10_a2ui GL_ARB_texture_stencil8 GL_ARB_texture_storage GL_ARB_texture_storage_multisample GL_ARB_texture_swizzle GL_ARB_texture_view GL_ARB_timer_query GL_ARB_transform_feedback2 GL_ARB_transform_feedback3 GL_ARB_transform_feedback_instanced GL_ARB_transform_feedback_overflow_query GL_ARB_transpose_matrix GL_ARB_uniform_buffer_object GL_ARB_vertex_array_bgra GL_ARB_vertex_array_object GL_ARB_vertex_attrib_64bit GL_ARB_vertex_attrib_binding GL_ARB_vertex_buffer_object GL_ARB_vertex_program GL_ARB_vertex_shader GL_ARB_vertex_type_10f_11f_11f_rev GL_ARB_vertex_type_2_10_10_10_rev GL_ARB_viewport_array GL_ARB_window_pos GL_ATI_separate_stencil GL_EXT_abgr GL_EXT_bgra GL_EXT_blend_color GL_EXT_blend_equation_separate GL_EXT_blend_func_separate GL_EXT_blend_minmax GL_EXT_blend_subtract GL_EXT_clip_volume_hint GL_EXT_compiled_vertex_array GL_EXT_direct_state_access GL_EXT_draw_buffers2 GL_EXT_draw_range_elements GL_EXT_fog_coord GL_EXT_framebuffer_blit GL_EXT_framebuffer_multisample GL_EXT_framebuffer_object GL_EXT_geometry_shader4 GL_EXT_gpu_program_parameters GL_EXT_gpu_shader4 GL_EXT_multi_draw_arrays GL_EXT_packed_depth_stencil GL_EXT_packed_float GL_EXT_packed_pixels GL_EXT_polygon_offset_clamp GL_EXT_rescale_normal GL_EXT_secondary_color GL_EXT_separate_specular_color GL_EXT_shader_framebuffer_fetch GL_EXT_shader_integer_mix GL_EXT_shadow_funcs GL_EXT_stencil_two_side GL_EXT_stencil_wrap GL_EXT_texture3D GL_EXT_texture_array GL_EXT_texture_compression_s3tc GL_EXT_texture_edge_clamp GL_EXT_texture_env_add GL_EXT_texture_env_combine GL_EXT_texture_filter_anisotropic GL_EXT_texture_integer GL_EXT_texture_lod_bias GL_EXT_texture_rectangle GL_EXT_texture_sRGB GL_EXT_texture_sRGB_decode GL_EXT_texture_shared_exponent GL_EXT_texture_snorm GL_EXT_texture_storage GL_EXT_texture_swizzle GL_EXT_timer_query GL_EXT_transform_feedback GL_IBM_texture_mirrored_repeat GL_INTEL_conservative_rasterization GL_INTEL_fragment_shader_ordering GL_INTEL_framebuffer_CMAA GL_INTEL_map_texture GL_INTEL_multi_rate_fragment_shader GL_INTEL_performance_query GL_KHR_blend_equation_advanced GL_KHR_blend_equation_advanced_coherent GL_KHR_context_flush_control GL_KHR_debug GL_KHR_no_error GL_KHR_texture_compression_astc_hdr GL_KHR_texture_compression_astc_ldr GL_NV_blend_square GL_NV_conditional_render GL_NV_primitive_restart GL_NV_texgen_reflection GL_SGIS_generate_mipmap GL_SGIS_texture_edge_clamp GL_SGIS_texture_lod GL_SUN_multi_draw_arrays GL_WIN_swap_hint WGL_EXT_swap_control 
22:10:38: **************************************
22:10:38: ***   OpenGL 3+ Renderer Started   ***
22:10:38: **************************************
22:10:38: Registering ResourceManager for type GpuProgram
22:10:38: GL3+: Using FBOs for rendering to textures
22:10:38: FBO PF_UNKNOWN depth/stencil support: D0S0 D0S1 D0S4 D0S8 D0S16 D16S0 D16S1 D16S4 D16S8 D16S16 D24S0 D24S1 D24S4 D24S8 D24S16 D32S0 D32S1 D32S4 D32S8 D32S16 D32S0 D32S1 D32S4 D32S8 D32S16 Packed-D24S8 Packed-D32S8 
22:10:38: FBO PF_L8 depth/stencil support: D0S0 D0S1 D0S4 D0S8 D0S16 D16S0 D16S1 D16S4 D16S8 D16S16 D24S0 D24S1 D24S4 D24S8 D24S16 D32S0 D32S1 D32S4 D32S8 D32S16 D32S0 D32S1 D32S4 D32S8 D32S16 Packed-D24S8 Packed-D32S8 
22:10:38: FBO PF_L16 depth/stencil support: D0S0 D0S1 D0S4 D0S8 D0S16 D16S0 D16S1 D16S4 D16S8 D16S16 D24S0 D24S1 D24S4 D24S8 D24S16 D32S0 D32S1 D32S4 D32S8 D32S16 D32S0 D32S1 D32S4 D32S8 D32S16 Packed-D24S8 Packed-D32S8 
22:10:38: FBO PF_A8 depth/stencil support: D0S0 D0S1 D0S4 D0S8 D0S16 D16S0 D16S1 D16S4 D16S8 D16S16 D24S0 D24S1 D24S4 D24S8 D24S16 D32S0 D32S1 D32S4 D32S8 D32S16 D32S0 D32S1 D32S4 D32S8 D32S16 Packed-D24S8 Packed-D32S8 
22:10:38: FBO PF_BYTE_LA depth/stencil support: D0S0 D0S1 D0S4 D0S8 D0S16 D16S0 D16S1 D16S4 D16S8 D16S16 D24S0 D24S1 D24S4 D24S8 D24S16 D32S0 D32S1 D32S4 D32S8 D32S16 D32S0 D32S1 D32S4 D32S8 D32S16 Packed-D24S8 Packed-D32S8 
22:10:38: FBO PF_R5G6B5 depth/stencil support: D0S0 D0S1 D0S4 D0S8 D0S16 D16S0 D16S1 D16S4 D16S8 D16S16 D24S0 D24S1 D24S4 D24S8 D24S16 D32S0 D32S1 D32S4 D32S8 D32S16 D32S0 D32S1 D32S4 D32S8 D32S16 Packed-D24S8 Packed-D32S8 
22:10:38: FBO PF_B5G6R5 depth/stencil support: D0S0 D0S1 D0S4 D0S8 D0S16 D16S0 D16S1 D16S4 D16S8 D16S16 D24S0 D24S1 D24S4 D24S8 D24S16 D32S0 D32S1 D32S4 D32S8 D32S16 D32S0 D32S1 D32S4 D32S8 D32S16 Packed-D24S8 Packed-D32S8 
22:10:38: FBO PF_A4R4G4B4 depth/stencil support: D0S0 D0S1 D0S4 D0S8 D0S16 D16S0 D16S1 D16S4 D16S8 D16S16 D24S0 D24S1 D24S4 D24S8 D24S16 D32S0 D32S1 D32S4 D32S8 D32S16 D32S0 D32S1 D32S4 D32S8 D32S16 Packed-D24S8 Packed-D32S8 
22:10:38: FBO PF_A1R5G5B5 depth/stencil support: D0S0 D0S1 D0S4 D0S8 D0S16 D16S0 D16S1 D16S4 D16S8 D16S16 D24S0 D24S1 D24S4 D24S8 D24S16 D32S0 D32S1 D32S4 D32S8 D32S16 D32S0 D32S1 D32S4 D32S8 D32S16 Packed-D24S8 Packed-D32S8 
22:10:38: FBO PF_R8G8B8 depth/stencil support: D0S0 D0S1 D0S4 D0S8 D0S16 D16S0 D16S1 D16S4 D16S8 D16S16 D24S0 D24S1 D24S4 D24S8 D24S16 D32S0 D32S1 D32S4 D32S8 D32S16 D32S0 D32S1 D32S4 D32S8 D32S16 Packed-D24S8 Packed-D32S8 
22:10:38: FBO PF_B8G8R8 depth/stencil support: D0S0 D0S1 D0S4 D0S8 D0S16 D16S0 D16S1 D16S4 D16S8 D16S16 D24S0 D24S1 D24S4 D24S8 D24S16 D32S0 D32S1 D32S4 D32S8 D32S16 D32S0 D32S1 D32S4 D32S8 D32S16 Packed-D24S8 Packed-D32S8 
22:10:38: FBO PF_A8R8G8B8 depth/stencil support: D0S0 D0S1 D0S4 D0S8 D0S16 D16S0 D16S1 D16S4 D16S8 D16S16 D24S0 D24S1 D24S4 D24S8 D24S16 D32S0 D32S1 D32S4 D32S8 D32S16 D32S0 D32S1 D32S4 D32S8 D32S16 Packed-D24S8 Packed-D32S8 
22:10:38: FBO PF_A8B8G8R8 depth/stencil support: D0S0 D0S1 D0S4 D0S8 D0S16 D16S0 D16S1 D16S4 D16S8 D16S16 D24S0 D24S1 D24S4 D24S8 D24S16 D32S0 D32S1 D32S4 D32S8 D32S16 D32S0 D32S1 D32S4 D32S8 D32S16 Packed-D24S8 Packed-D32S8 
22:10:38: FBO PF_B8G8R8A8 depth/stencil support: D0S0 D0S1 D0S4 D0S8 D0S16 D16S0 D16S1 D16S4 D16S8 D16S16 D24S0 D24S1 D24S4 D24S8 D24S16 D32S0 D32S1 D32S4 D32S8 D32S16 D32S0 D32S1 D32S4 D32S8 D32S16 Packed-D24S8 Packed-D32S8 
22:10:38: FBO PF_A2R10G10B10 depth/stencil support: D0S0 D0S1 D0S4 D0S8 D0S16 D16S0 D16S1 D16S4 D16S8 D16S16 D24S0 D24S1 D24S4 D24S8 D24S16 D32S0 D32S1 D32S4 D32S8 D32S16 D32S0 D32S1 D32S4 D32S8 D32S16 Packed-D24S8 Packed-D32S8 
22:10:38: FBO PF_A2B10G10R10 depth/stencil support: D0S0 D0S1 D0S4 D0S8 D0S16 D16S0 D16S1 D16S4 D16S8 D16S16 D24S0 D24S1 D24S4 D24S8 D24S16 D32S0 D32S1 D32S4 D32S8 D32S16 D32S0 D32S1 D32S4 D32S8 D32S16 Packed-D24S8 Packed-D32S8 
22:10:38: FBO PF_FLOAT16_RGB depth/stencil support: D0S0 D0S1 D0S4 D0S8 D0S16 D16S0 D16S1 D16S4 D16S8 D16S16 D24S0 D24S1 D24S4 D24S8 D24S16 D32S0 D32S1 D32S4 D32S8 D32S16 D32S0 D32S1 D32S4 D32S8 D32S16 Packed-D24S8 Packed-D32S8 
22:10:38: FBO PF_FLOAT16_RGBA depth/stencil support: D0S0 D0S1 D0S4 D0S8 D0S16 D16S0 D16S1 D16S4 D16S8 D16S16 D24S0 D24S1 D24S4 D24S8 D24S16 D32S0 D32S1 D32S4 D32S8 D32S16 D32S0 D32S1 D32S4 D32S8 D32S16 Packed-D24S8 Packed-D32S8 
22:10:38: FBO PF_FLOAT32_RGB depth/stencil support: D0S0 D0S1 D0S4 D0S8 D0S16 D16S0 D16S1 D16S4 D16S8 D16S16 D24S0 D24S1 D24S4 D24S8 D24S16 D32S0 D32S1 D32S4 D32S8 D32S16 D32S0 D32S1 D32S4 D32S8 D32S16 Packed-D24S8 Packed-D32S8 
22:10:38: FBO PF_FLOAT32_RGBA depth/stencil support: D0S0 D0S1 D0S4 D0S8 D0S16 D16S0 D16S1 D16S4 D16S8 D16S16 D24S0 D24S1 D24S4 D24S8 D24S16 D32S0 D32S1 D32S4 D32S8 D32S16 D32S0 D32S1 D32S4 D32S8 D32S16 Packed-D24S8 Packed-D32S8 
22:10:38: FBO PF_X8R8G8B8 depth/stencil support: D0S0 D0S1 D0S4 D0S8 D0S16 D16S0 D16S1 D16S4 D16S8 D16S16 D24S0 D24S1 D24S4 D24S8 D24S16 D32S0 D32S1 D32S4 D32S8 D32S16 D32S0 D32S1 D32S4 D32S8 D32S16 Packed-D24S8 Packed-D32S8 
22:10:38: FBO PF_X8B8G8R8 depth/stencil support: D0S0 D0S1 D0S4 D0S8 D0S16 D16S0 D16S1 D16S4 D16S8 D16S16 D24S0 D24S1 D24S4 D24S8 D24S16 D32S0 D32S1 D32S4 D32S8 D32S16 D32S0 D32S1 D32S4 D32S8 D32S16 Packed-D24S8 Packed-D32S8 
22:10:38: FBO PF_R8G8B8A8 depth/stencil support: D0S0 D0S1 D0S4 D0S8 D0S16 D16S0 D16S1 D16S4 D16S8 D16S16 D24S0 D24S1 D24S4 D24S8 D24S16 D32S0 D32S1 D32S4 D32S8 D32S16 D32S0 D32S1 D32S4 D32S8 D32S16 Packed-D24S8 Packed-D32S8 
22:10:38: FBO PF_DEPTH depth/stencil support: D0S0 D0S1 D0S4 D0S8 D0S16 D16S0 D16S1 D16S4 D16S8 D16S16 D24S0 D24S1 D24S4 D24S8 D24S16 D32S0 D32S1 D32S4 D32S8 D32S16 D32S0 D32S1 D32S4 D32S8 D32S16 Packed-D24S8 Packed-D32S8 
22:10:38: FBO PF_SHORT_RGBA depth/stencil support: D0S0 D0S1 D0S4 D0S8 D0S16 D16S0 D16S1 D16S4 D16S8 D16S16 D24S0 D24S1 D24S4 D24S8 D24S16 D32S0 D32S1 D32S4 D32S8 D32S16 D32S0 D32S1 D32S4 D32S8 D32S16 Packed-D24S8 Packed-D32S8 
22:10:38: FBO PF_R3G3B2 depth/stencil support: D0S0 D0S1 D0S4 D0S8 D0S16 D16S0 D16S1 D16S4 D16S8 D16S16 D24S0 D24S1 D24S4 D24S8 D24S16 D32S0 D32S1 D32S4 D32S8 D32S16 D32S0 D32S1 D32S4 D32S8 D32S16 Packed-D24S8 Packed-D32S8 
22:10:38: FBO PF_FLOAT16_R depth/stencil support: D0S0 D0S1 D0S4 D0S8 D0S16 D16S0 D16S1 D16S4 D16S8 D16S16 D24S0 D24S1 D24S4 D24S8 D24S16 D32S0 D32S1 D32S4 D32S8 D32S16 D32S0 D32S1 D32S4 D32S8 D32S16 Packed-D24S8 Packed-D32S8 
22:10:38: FBO PF_FLOAT32_R depth/stencil support: D0S0 D0S1 D0S4 D0S8 D0S16 D16S0 D16S1 D16S4 D16S8 D16S16 D24S0 D24S1 D24S4 D24S8 D24S16 D32S0 D32S1 D32S4 D32S8 D32S16 D32S0 D32S1 D32S4 D32S8 D32S16 Packed-D24S8 Packed-D32S8 
22:10:38: FBO PF_SHORT_GR depth/stencil support: D0S0 D0S1 D0S4 D0S8 D0S16 D16S0 D16S1 D16S4 D16S8 D16S16 D24S0 D24S1 D24S4 D24S8 D24S16 D32S0 D32S1 D32S4 D32S8 D32S16 D32S0 D32S1 D32S4 D32S8 D32S16 Packed-D24S8 Packed-D32S8 
22:10:38: FBO PF_FLOAT16_GR depth/stencil support: D0S0 D0S1 D0S4 D0S8 D0S16 D16S0 D16S1 D16S4 D16S8 D16S16 D24S0 D24S1 D24S4 D24S8 D24S16 D32S0 D32S1 D32S4 D32S8 D32S16 D32S0 D32S1 D32S4 D32S8 D32S16 Packed-D24S8 Packed-D32S8 
22:10:38: FBO PF_FLOAT32_GR depth/stencil support: D0S0 D0S1 D0S4 D0S8 D0S16 D16S0 D16S1 D16S4 D16S8 D16S16 D24S0 D24S1 D24S4 D24S8 D24S16 D32S0 D32S1 D32S4 D32S8 D32S16 D32S0 D32S1 D32S4 D32S8 D32S16 Packed-D24S8 Packed-D32S8 
22:10:38: FBO PF_SHORT_RGB depth/stencil support: D0S0 D0S1 D0S4 D0S8 D0S16 D16S0 D16S1 D16S4 D16S8 D16S16 D24S0 D24S1 D24S4 D24S8 D24S16 D32S0 D32S1 D32S4 D32S8 D32S16 D32S0 D32S1 D32S4 D32S8 D32S16 Packed-D24S8 Packed-D32S8 
22:10:38: FBO PF_R11G11B10_FLOAT depth/stencil support: D0S0 D0S1 D0S4 D0S8 D0S16 D16S0 D16S1 D16S4 D16S8 D16S16 D24S0 D24S1 D24S4 D24S8 D24S16 D32S0 D32S1 D32S4 D32S8 D32S16 D32S0 D32S1 D32S4 D32S8 D32S16 Packed-D24S8 Packed-D32S8 
22:10:38: FBO PF_R8_UINT depth/stencil support: D0S0 D0S1 D0S4 D0S8 D0S16 D16S0 D16S1 D16S4 D16S8 D16S16 D24S0 D24S1 D24S4 D24S8 D24S16 D32S0 D32S1 D32S4 D32S8 D32S16 D32S0 D32S1 D32S4 D32S8 D32S16 Packed-D24S8 Packed-D32S8 
22:10:38: FBO PF_R8G8_UINT depth/stencil support: D0S0 D0S1 D0S4 D0S8 D0S16 D16S0 D16S1 D16S4 D16S8 D16S16 D24S0 D24S1 D24S4 D24S8 D24S16 D32S0 D32S1 D32S4 D32S8 D32S16 D32S0 D32S1 D32S4 D32S8 D32S16 Packed-D24S8 Packed-D32S8 
22:10:38: FBO PF_R8G8B8_UINT depth/stencil support: D0S0 D0S1 D0S4 D0S8 D0S16 D16S0 D16S1 D16S4 D16S8 D16S16 D24S0 D24S1 D24S4 D24S8 D24S16 D32S0 D32S1 D32S4 D32S8 D32S16 D32S0 D32S1 D32S4 D32S8 D32S16 Packed-D24S8 Packed-D32S8 
22:10:38: FBO PF_R8G8B8A8_UINT depth/stencil support: D0S0 D0S1 D0S4 D0S8 D0S16 D16S0 D16S1 D16S4 D16S8 D16S16 D24S0 D24S1 D24S4 D24S8 D24S16 D32S0 D32S1 D32S4 D32S8 D32S16 D32S0 D32S1 D32S4 D32S8 D32S16 Packed-D24S8 Packed-D32S8 
22:10:38: FBO PF_R16_UINT depth/stencil support: D0S0 D0S1 D0S4 D0S8 D0S16 D16S0 D16S1 D16S4 D16S8 D16S16 D24S0 D24S1 D24S4 D24S8 D24S16 D32S0 D32S1 D32S4 D32S8 D32S16 D32S0 D32S1 D32S4 D32S8 D32S16 Packed-D24S8 Packed-D32S8 
22:10:38: FBO PF_R16G16_UINT depth/stencil support: D0S0 D0S1 D0S4 D0S8 D0S16 D16S0 D16S1 D16S4 D16S8 D16S16 D24S0 D24S1 D24S4 D24S8 D24S16 D32S0 D32S1 D32S4 D32S8 D32S16 D32S0 D32S1 D32S4 D32S8 D32S16 Packed-D24S8 Packed-D32S8 
22:10:38: FBO PF_R16G16B16_UINT depth/stencil support: D0S0 D0S1 D0S4 D0S8 D0S16 D16S0 D16S1 D16S4 D16S8 D16S16 D24S0 D24S1 D24S4 D24S8 D24S16 D32S0 D32S1 D32S4 D32S8 D32S16 D32S0 D32S1 D32S4 D32S8 D32S16 Packed-D24S8 Packed-D32S8 
22:10:38: FBO PF_R16G16B16A16_UINT depth/stencil support: D0S0 D0S1 D0S4 D0S8 D0S16 D16S0 D16S1 D16S4 D16S8 D16S16 D24S0 D24S1 D24S4 D24S8 D24S16 D32S0 D32S1 D32S4 D32S8 D32S16 D32S0 D32S1 D32S4 D32S8 D32S16 Packed-D24S8 Packed-D32S8 
22:10:38: FBO PF_R32_UINT depth/stencil support: D0S0 D0S1 D0S4 D0S8 D0S16 D16S0 D16S1 D16S4 D16S8 D16S16 D24S0 D24S1 D24S4 D24S8 D24S16 D32S0 D32S1 D32S4 D32S8 D32S16 D32S0 D32S1 D32S4 D32S8 D32S16 Packed-D24S8 Packed-D32S8 
22:10:38: FBO PF_R32G32_UINT depth/stencil support: D0S0 D0S1 D0S4 D0S8 D0S16 D16S0 D16S1 D16S4 D16S8 D16S16 D24S0 D24S1 D24S4 D24S8 D24S16 D32S0 D32S1 D32S4 D32S8 D32S16 D32S0 D32S1 D32S4 D32S8 D32S16 Packed-D24S8 Packed-D32S8 
22:10:38: FBO PF_R32G32B32_UINT depth/stencil support: D0S0 D0S1 D0S4 D0S8 D0S16 D16S0 D16S1 D16S4 D16S8 D16S16 D24S0 D24S1 D24S4 D24S8 D24S16 D32S0 D32S1 D32S4 D32S8 D32S16 D32S0 D32S1 D32S4 D32S8 D32S16 Packed-D24S8 Packed-D32S8 
22:10:38: FBO PF_R32G32B32A32_UINT depth/stencil support: D0S0 D0S1 D0S4 D0S8 D0S16 D16S0 D16S1 D16S4 D16S8 D16S16 D24S0 D24S1 D24S4 D24S8 D24S16 D32S0 D32S1 D32S4 D32S8 D32S16 D32S0 D32S1 D32S4 D32S8 D32S16 Packed-D24S8 Packed-D32S8 
22:10:38: FBO PF_R8_SINT depth/stencil support: D0S0 D0S1 D0S4 D0S8 D0S16 D16S0 D16S1 D16S4 D16S8 D16S16 D24S0 D24S1 D24S4 D24S8 D24S16 D32S0 D32S1 D32S4 D32S8 D32S16 D32S0 D32S1 D32S4 D32S8 D32S16 Packed-D24S8 Packed-D32S8 
22:10:38: FBO PF_R8G8_SINT depth/stencil support: D0S0 D0S1 D0S4 D0S8 D0S16 D16S0 D16S1 D16S4 D16S8 D16S16 D24S0 D24S1 D24S4 D24S8 D24S16 D32S0 D32S1 D32S4 D32S8 D32S16 D32S0 D32S1 D32S4 D32S8 D32S16 Packed-D24S8 Packed-D32S8 
22:10:38: FBO PF_R8G8B8_SINT depth/stencil support: D0S0 D0S1 D0S4 D0S8 D0S16 D16S0 D16S1 D16S4 D16S8 D16S16 D24S0 D24S1 D24S4 D24S8 D24S16 D32S0 D32S1 D32S4 D32S8 D32S16 D32S0 D32S1 D32S4 D32S8 D32S16 Packed-D24S8 Packed-D32S8 
22:10:38: FBO PF_R8G8B8A8_SINT depth/stencil support: D0S0 D0S1 D0S4 D0S8 D0S16 D16S0 D16S1 D16S4 D16S8 D16S16 D24S0 D24S1 D24S4 D24S8 D24S16 D32S0 D32S1 D32S4 D32S8 D32S16 D32S0 D32S1 D32S4 D32S8 D32S16 Packed-D24S8 Packed-D32S8 
22:10:38: FBO PF_R16_SINT depth/stencil support: D0S0 D0S1 D0S4 D0S8 D0S16 D16S0 D16S1 D16S4 D16S8 D16S16 D24S0 D24S1 D24S4 D24S8 D24S16 D32S0 D32S1 D32S4 D32S8 D32S16 D32S0 D32S1 D32S4 D32S8 D32S16 Packed-D24S8 Packed-D32S8 
22:10:38: FBO PF_R16G16_SINT depth/stencil support: D0S0 D0S1 D0S4 D0S8 D0S16 D16S0 D16S1 D16S4 D16S8 D16S16 D24S0 D24S1 D24S4 D24S8 D24S16 D32S0 D32S1 D32S4 D32S8 D32S16 D32S0 D32S1 D32S4 D32S8 D32S16 Packed-D24S8 Packed-D32S8 
22:10:38: FBO PF_R16G16B16_SINT depth/stencil support: D0S0 D0S1 D0S4 D0S8 D0S16 D16S0 D16S1 D16S4 D16S8 D16S16 D24S0 D24S1 D24S4 D24S8 D24S16 D32S0 D32S1 D32S4 D32S8 D32S16 D32S0 D32S1 D32S4 D32S8 D32S16 Packed-D24S8 Packed-D32S8 
22:10:38: FBO PF_R16G16B16A16_SINT depth/stencil support: D0S0 D0S1 D0S4 D0S8 D0S16 D16S0 D16S1 D16S4 D16S8 D16S16 D24S0 D24S1 D24S4 D24S8 D24S16 D32S0 D32S1 D32S4 D32S8 D32S16 D32S0 D32S1 D32S4 D32S8 D32S16 Packed-D24S8 Packed-D32S8 
22:10:38: FBO PF_R32_SINT depth/stencil support: D0S0 D0S1 D0S4 D0S8 D0S16 D16S0 D16S1 D16S4 D16S8 D16S16 D24S0 D24S1 D24S4 D24S8 D24S16 D32S0 D32S1 D32S4 D32S8 D32S16 D32S0 D32S1 D32S4 D32S8 D32S16 Packed-D24S8 Packed-D32S8 
22:10:38: FBO PF_R32G32_SINT depth/stencil support: D0S0 D0S1 D0S4 D0S8 D0S16 D16S0 D16S1 D16S4 D16S8 D16S16 D24S0 D24S1 D24S4 D24S8 D24S16 D32S0 D32S1 D32S4 D32S8 D32S16 D32S0 D32S1 D32S4 D32S8 D32S16 Packed-D24S8 Packed-D32S8 
22:10:38: FBO PF_R32G32B32_SINT depth/stencil support: D0S0 D0S1 D0S4 D0S8 D0S16 D16S0 D16S1 D16S4 D16S8 D16S16 D24S0 D24S1 D24S4 D24S8 D24S16 D32S0 D32S1 D32S4 D32S8 D32S16 D32S0 D32S1 D32S4 D32S8 D32S16 Packed-D24S8 Packed-D32S8 
22:10:38: FBO PF_R32G32B32A32_SINT depth/stencil support: D0S0 D0S1 D0S4 D0S8 D0S16 D16S0 D16S1 D16S4 D16S8 D16S16 D24S0 D24S1 D24S4 D24S8 D24S16 D32S0 D32S1 D32S4 D32S8 D32S16 D32S0 D32S1 D32S4 D32S8 D32S16 Packed-D24S8 Packed-D32S8 
22:10:38: FBO PF_R8 depth/stencil support: D0S0 D0S1 D0S4 D0S8 D0S16 D16S0 D16S1 D16S4 D16S8 D16S16 D24S0 D24S1 D24S4 D24S8 D24S16 D32S0 D32S1 D32S4 D32S8 D32S16 D32S0 D32S1 D32S4 D32S8 D32S16 Packed-D24S8 Packed-D32S8 
22:10:38: FBO PF_RG8 depth/stencil support: D0S0 D0S1 D0S4 D0S8 D0S16 D16S0 D16S1 D16S4 D16S8 D16S16 D24S0 D24S1 D24S4 D24S8 D24S16 D32S0 D32S1 D32S4 D32S8 D32S16 D32S0 D32S1 D32S4 D32S8 D32S16 Packed-D24S8 Packed-D32S8 
22:10:38: FBO PF_R8_SNORM depth/stencil support: D0S0 D0S1 D0S4 D0S8 D0S16 D16S0 D16S1 D16S4 D16S8 D16S16 D24S0 D24S1 D24S4 D24S8 D24S16 D32S0 D32S1 D32S4 D32S8 D32S16 D32S0 D32S1 D32S4 D32S8 D32S16 Packed-D24S8 Packed-D32S8 
22:10:38: FBO PF_R8G8_SNORM depth/stencil support: D0S0 D0S1 D0S4 D0S8 D0S16 D16S0 D16S1 D16S4 D16S8 D16S16 D24S0 D24S1 D24S4 D24S8 D24S16 D32S0 D32S1 D32S4 D32S8 D32S16 D32S0 D32S1 D32S4 D32S8 D32S16 Packed-D24S8 Packed-D32S8 
22:10:38: FBO PF_R8G8B8_SNORM depth/stencil support: D0S0 D0S1 D0S4 D0S8 D0S16 D16S0 D16S1 D16S4 D16S8 D16S16 D24S0 D24S1 D24S4 D24S8 D24S16 D32S0 D32S1 D32S4 D32S8 D32S16 D32S0 D32S1 D32S4 D32S8 D32S16 Packed-D24S8 Packed-D32S8 
22:10:38: FBO PF_R8G8B8A8_SNORM depth/stencil support: D0S0 D0S1 D0S4 D0S8 D0S16 D16S0 D16S1 D16S4 D16S8 D16S16 D24S0 D24S1 D24S4 D24S8 D24S16 D32S0 D32S1 D32S4 D32S8 D32S16 D32S0 D32S1 D32S4 D32S8 D32S16 Packed-D24S8 Packed-D32S8 
22:10:38: FBO PF_R16_SNORM depth/stencil support: D0S0 D0S1 D0S4 D0S8 D0S16 D16S0 D16S1 D16S4 D16S8 D16S16 D24S0 D24S1 D24S4 D24S8 D24S16 D32S0 D32S1 D32S4 D32S8 D32S16 D32S0 D32S1 D32S4 D32S8 D32S16 Packed-D24S8 Packed-D32S8 
22:10:38: FBO PF_R16G16_SNORM depth/stencil support: D0S0 D0S1 D0S4 D0S8 D0S16 D16S0 D16S1 D16S4 D16S8 D16S16 D24S0 D24S1 D24S4 D24S8 D24S16 D32S0 D32S1 D32S4 D32S8 D32S16 D32S0 D32S1 D32S4 D32S8 D32S16 Packed-D24S8 Packed-D32S8 
22:10:38: FBO PF_R16G16B16_SNORM depth/stencil support: D0S0 D0S1 D0S4 D0S8 D0S16 D16S0 D16S1 D16S4 D16S8 D16S16 D24S0 D24S1 D24S4 D24S8 D24S16 D32S0 D32S1 D32S4 D32S8 D32S16 D32S0 D32S1 D32S4 D32S8 D32S16 Packed-D24S8 Packed-D32S8 
22:10:38: FBO PF_R16G16B16A16_SNORM depth/stencil support: D0S0 D0S1 D0S4 D0S8 D0S16 D16S0 D16S1 D16S4 D16S8 D16S16 D24S0 D24S1 D24S4 D24S8 D24S16 D32S0 D32S1 D32S4 D32S8 D32S16 D32S0 D32S1 D32S4 D32S8 D32S16 Packed-D24S8 Packed-D32S8 
22:10:38: [GL] : Valid FBO targets PF_UNKNOWN PF_L8 PF_L16 PF_A8 PF_BYTE_LA PF_R5G6B5 PF_B5G6R5 PF_A4R4G4B4 PF_A1R5G5B5 PF_R8G8B8 PF_B8G8R8 PF_A8R8G8B8 PF_A8B8G8R8 PF_B8G8R8A8 PF_A2R10G10B10 PF_A2B10G10R10 PF_FLOAT16_RGB PF_FLOAT16_RGBA PF_FLOAT32_RGB PF_FLOAT32_RGBA PF_X8R8G8B8 PF_X8B8G8R8 PF_R8G8B8A8 PF_DEPTH PF_SHORT_RGBA PF_R3G3B2 PF_FLOAT16_R PF_FLOAT32_R PF_SHORT_GR PF_FLOAT16_GR PF_FLOAT32_GR PF_SHORT_RGB PF_R11G11B10_FLOAT PF_R8_UINT PF_R8G8_UINT PF_R8G8B8_UINT PF_R8G8B8A8_UINT PF_R16_UINT PF_R16G16_UINT PF_R16G16B16_UINT PF_R16G16B16A16_UINT PF_R32_UINT PF_R32G32_UINT PF_R32G32B32_UINT PF_R32G32B32A32_UINT PF_R8_SINT PF_R8G8_SINT PF_R8G8B8_SINT PF_R8G8B8A8_SINT PF_R16_SINT PF_R16G16_SINT PF_R16G16B16_SINT PF_R16G16B16A16_SINT PF_R32_SINT PF_R32G32_SINT PF_R32G32B32_SINT PF_R32G32B32A32_SINT PF_R8 PF_RG8 PF_R8_SNORM PF_R8G8_SNORM PF_R8G8B8_SNORM PF_R8G8B8A8_SNORM PF_R16_SNORM PF_R16G16_SNORM PF_R16G16B16_SNORM PF_R16G16B16A16_SNORM 
22:10:38: RenderSystem capabilities
22:10:38: -------------------------
22:10:38: RenderSystem Name: OpenGL 3+ Rendering Subsystem
22:10:38: GPU Vendor: intel
22:10:38: Device Name: Intel(R) UHD Graphics
22:10:38: Driver Version: 4.6.0.0
22:10:38:  * Fixed function pipeline: no
22:10:38:  * Anisotropic texture filtering: yes
22:10:38:  * Cube mapping: yes
22:10:38:  * Hardware stencil buffer: yes
22:10:38:    - Stencil depth: 8
22:10:38:    - Two sided stencil support: yes
22:10:38:    - Wrap stencil values: yes
22:10:38:  * 32-bit index buffers: yes
22:10:38:  * Vertex programs: yes
22:10:38:  * Number of floating-point constants for vertex programs: 4096
22:10:38:  * Number of integer constants for vertex programs: 4096
22:10:38:  * Number of boolean constants for vertex programs: 4096
22:10:38:  * Fragment programs: yes
22:10:38:  * Number of floating-point constants for fragment programs: 4096
22:10:38:  * Number of integer constants for fragment programs: 4096
22:10:38:  * Number of boolean constants for fragment programs: 4096
22:10:38:  * Geometry programs: yes
22:10:38:  * Number of floating-point constants for geometry programs: 4096
22:10:38:  * Number of integer constants for geometry programs: 4096
22:10:38:  * Number of boolean constants for geometry programs: 4096
22:10:38:  * Tessellation Hull programs: yes
22:10:38:  * Number of floating-point constants for tessellation hull programs: 4096
22:10:38:  * Number of integer constants for tessellation hull programs: 4096
22:10:38:  * Number of boolean constants for tessellation hull programs: 4096
22:10:38:  * Tessellation Domain programs: yes
22:10:38:  * Number of floating-point constants for tessellation domain programs: 4096
22:10:38:  * Number of integer constants for tessellation domain programs: 4096
22:10:38:  * Number of boolean constants for tessellation domain programs: 4096
22:10:38:  * Compute programs: yes
22:10:38:  * Number of floating-point constants for compute programs: 4096
22:10:38:  * Number of integer constants for compute programs: 4096
22:10:38:  * Number of boolean constants for compute programs: 4096
22:10:38:  * Supported Shader Profiles: glsl glsl130 glsl140 glsl150 glsl330 glsl400 glsl410 glsl420 glsl430 glsl440 glsl450 glsl460
22:10:38:  * Texture Compression: yes
22:10:38:    - DXT: yes
22:10:38:    - VTC: no
22:10:38:    - PVRTC: no
22:10:38:    - ATC: no
22:10:38:    - ETC1: no
22:10:38:    - ETC2: yes
22:10:38:    - BC4/BC5: yes
22:10:38:    - BC6H/BC7: yes
22:10:38:    - ASTC: yes
22:10:38:    - Mipmaps for compressed formats: yes
22:10:38:  * Hardware Occlusion Query: yes
22:10:38:  * User clip planes: yes
22:10:38:  * VET_UBYTE4 vertex element type: yes
22:10:38:  * Infinite far plane projection: yes
22:10:38:  * Hardware render-to-texture: yes
22:10:38:  * Floating point textures: yes
22:10:38:  * Non-power-of-two textures: yes
22:10:38:  * 1d textures: yes
22:10:38:  * Volume textures: yes
22:10:38:  * Multiple Render Targets: 8
22:10:38:    - With different bit depths: yes
22:10:38:  * Point Sprites: yes
22:10:38:  * Wide Lines: yes
22:10:38:  * Hardware Gamma: yes
22:10:38:  * Extended point parameters: yes
22:10:38:  * Max Point Size: 20
22:10:38:  * Vertex texture fetch: yes
22:10:38:  * Number of texture units: 16
22:10:38:  * Number of vertex attributes: 16
22:10:38:  * Stencil buffer depth: 8
22:10:38:  * Number of vertex blend matrices: 0
22:10:38:    - Max vertex textures: 16
22:10:38:    - Vertex textures shared: yes
22:10:38:  * Render to Vertex Buffer : yes
22:10:38:  * Hardware Atomic Counters: yes
22:10:38:  * PBuffer support: no
22:10:38:  * Vertex Array Objects: yes
22:10:38:  * Separate shader objects: yes
22:10:38:  * GLSL SSO redeclare interface block: yes
22:10:38:  * Debugging/ profiling events: yes
22:10:38:  * Map buffer storage: yes
22:10:38: Registering ResourceManager for type Texture
22:10:38: DefaultWorkQueue('Root') initialising on thread 9280.
22:10:38: DefaultWorkQueue('Root')::WorkerFunc - thread 2168 starting.
22:10:38: DefaultWorkQueue('Root')::WorkerFunc - thread 17244 starting.
22:10:38: DefaultWorkQueue('Root')::WorkerFunc - thread 6000 starting.
22:10:38: DefaultWorkQueue('Root')::WorkerFunc - thread 1492 starting.
22:10:38: DefaultWorkQueue('Root')::WorkerFunc - thread 5020 starting.
22:10:38: DefaultWorkQueue('Root')::WorkerFunc - thread 15888 starting.
22:10:38: DefaultWorkQueue('Root')::WorkerFunc - thread 9768 starting.
22:10:38: DefaultWorkQueue('Root')::WorkerFunc - thread 6804 starting.
22:10:38: DefaultWorkQueue('Root')::WorkerFunc - thread 14520 starting.
22:10:38: DefaultWorkQueue('Root')::WorkerFunc - thread 15908 starting.
22:10:38: DefaultWorkQueue('Root')::WorkerFunc - thread 3524 starting.
22:10:38: DefaultWorkQueue('Root')::WorkerFunc - thread 18180 starting.
22:10:38: Particle Renderer Type 'billboard' registered
22:10:38: SceneManagerFactory for type 'BspSceneManager' registered.
22:10:38: Registering SceneLoader Q3BSP
22:10:38: SceneManagerFactory for type 'PCZSceneManager' registered.
22:10:38: MovableObjectFactory for type 'PCZLight' registered.
22:10:38: MovableObjectFactory for type 'Portal' registered.
22:10:38: MovableObjectFactory for type 'AntiPortal' registered.
22:10:38: PCZone Factory Type 'ZoneType_Octree' registered
22:10:38: SceneManagerFactory for type 'OctreeSceneManager' registered.
22:10:38: Creating resource group Essential
22:10:38: Added resource location '../Media/thumbnails' of type 'FileSystem' to resource group 'Essential'
22:10:38: Added resource location '../Media/packs/SdkTrays.zip' of type 'Zip' to resource group 'Essential'
22:10:38: Added resource location '../Media/packs/profiler.zip' of type 'Zip' to resource group 'Essential'
22:10:38: Added resource location '../Media' of type 'FileSystem' to resource group 'General'
22:10:38: Added resource location '../Media/fonts' of type 'FileSystem' to resource group 'General'
22:10:38: Added resource location '../Media/materials/programs' of type 'FileSystem' to resource group 'General'
22:10:38: Added resource location '../Media/IG2App' of type 'FileSystem' to resource group 'General'
22:10:38: Added resource location '../Media/packs/ogredance.zip' of type 'Zip' to resource group 'General'
22:10:38: Added resource location '../Media/packs/Sinbad.zip' of type 'Zip' to resource group 'General'
22:10:38: Added resource location '../Media/materials/programs/GLSL120' of type 'FileSystem' to resource group 'General'
22:10:38: Added resource location '../Media/materials/programs/GLSL150' of type 'FileSystem' to resource group 'General'
22:10:38: Added resource location '../Media/materials/programs/GLSL400' of type 'FileSystem' to resource group 'General'
22:10:38: Added resource location '../Media/RTShaderLib/materials' of type 'FileSystem' to resource group 'General'
22:10:38: Added resource location '../Media/RTShaderLib/GLSL' of type 'FileSystem' to resource group 'General'
22:10:38: Parsing scripts for resource group Essential
22:10:38: Parsing script SdkTrays.material
22:10:38: Parsing script OgreProfiler.material
22:10:38: Parsing script SdkTrays.fontdef
22:10:38: Parsing script SdkTrays.overlay
22:10:38: Texture: sdk_cursor.png: Loading 1 faces(PF_A8B8G8R8,32x32x1) with 5 hardware generated mipmaps from Image. Internal format is PF_A8B8G8R8,32x32x1.
22:10:38: Texture: sdk_tray.png: Loading 1 faces(PF_A8B8G8R8,64x64x1) with 6 hardware generated mipmaps from Image. Internal format is PF_A8B8G8R8,64x64x1.
22:10:38: Texture: sdk_button_up.png: Loading 1 faces(PF_A8B8G8R8,128x32x1) with 7 hardware generated mipmaps from Image. Internal format is PF_A8B8G8R8,128x32x1.
22:10:38: Texture: sdk_text_box.png: Loading 1 faces(PF_A8B8G8R8,32x32x1) with 5 hardware generated mipmaps from Image. Internal format is PF_A8B8G8R8,32x32x1.
22:10:38: Texture: sdk_mini_tray.png: Loading 1 faces(PF_A8B8G8R8,32x32x1) with 5 hardware generated mipmaps from Image. Internal format is PF_A8B8G8R8,32x32x1.
22:10:38: Texture: sdk_track.png: Loading 1 faces(PF_A8B8G8R8,16x32x1) with 5 hardware generated mipmaps from Image. Internal format is PF_A8B8G8R8,16x32x1.
22:10:38: Texture: sdk_handle.png: Loading 1 faces(PF_A8B8G8R8,16x16x1) with 4 hardware generated mipmaps from Image. Internal format is PF_A8B8G8R8,16x16x1.
22:10:38: Texture: sdk_mini_text_box.png: Loading 1 faces(PF_A8B8G8R8,32x32x1) with 5 hardware generated mipmaps from Image. Internal format is PF_A8B8G8R8,32x32x1.
22:10:38: Texture: sdk_label.png: Loading 1 faces(PF_A8B8G8R8,32x32x1) with 5 hardware generated mipmaps from Image. Internal format is PF_A8B8G8R8,32x32x1.
22:10:38: Texture: sdk_separator.png: Loading 1 faces(PF_A8B8G8R8,64x16x1) with 6 hardware generated mipmaps from Image. Internal format is PF_A8B8G8R8,64x16x1.
22:10:38: Texture: sdk_logo.png: Loading 1 faces(PF_A8B8G8R8,128x64x1) with 7 hardware generated mipmaps from Image. Internal format is PF_A8B8G8R8,128x64x1.
22:10:38: Texture: sdk_shade.png: Loading 1 faces(PF_A8B8G8R8,64x48x1) with 6 hardware generated mipmaps from Image. Internal format is PF_A8B8G8R8,64x48x1.
22:10:38: Texture: sdk_frame.png: Loading 1 faces(PF_A8B8G8R8,32x32x1) with 5 hardware generated mipmaps from Image. Internal format is PF_A8B8G8R8,32x32x1.
22:10:38: Texture: sdk_mini_text_box_over.png: Loading 1 faces(PF_A8B8G8R8,32x32x1) with 5 hardware generated mipmaps from Image. Internal format is PF_A8B8G8R8,32x32x1.
22:10:38: Texture: sdk_pulse.png: Loading 1 faces(PF_B8G8R8,8x1x1) with 3 hardware generated mipmaps from Image. Internal format is PF_B8G8R8,8x1x1.
22:10:38: Finished parsing scripts for resource group Essential
22:10:38: Creating resources for group Essential
22:10:38: All done
22:10:38: Parsing scripts for resource group General
22:10:38: Parsing script Practica1.material
22:10:38: Parsing script Practica2.material
22:10:38: Parsing script practicaGLSL.material
22:10:38: Parsing script Sinbad.material
22:10:38: Parsing script DualQuaternionSkinning_Shadow.material
22:10:38: Parsing script HardwareSkinningShadow.material
22:10:38: Parsing script RTShaderSystem.material
22:10:38: Parsing script TriplanarTexturing.material
22:10:38: Parsing script IG2App.particle
22:10:38: Texture: smoke.png: Loading 1 faces(PF_A8B8G8R8,256x256x1) with 8 hardware generated mipmaps from Image. Internal format is PF_A8B8G8R8,256x256x1.
22:10:38: Parsing script IG2.compositor
22:10:38: Finished parsing scripts for resource group General
22:10:38: Creating resources for group General
22:10:38: All done
22:10:38: Parsing scripts for resource group OgreAutodetect
22:10:38: Finished parsing scripts for resource group OgreAutodetect
22:10:38: Creating resources for group OgreAutodetect
22:10:38: All done
22:10:38: Parsing scripts for resource group OgreInternal
22:10:38: Finished parsing scripts for resource group OgreInternal
22:10:38: Creating resources for group OgreInternal
22:10:38: All done
22:10:38: Mesh: Loading Barrel.mesh.
22:10:38: Can't assign material 'RustyBarrel' to SubEntity of 'Ogre/MO1' because this Material does not exist in group 'General'. Have you forgotten to define it in a .material script?
22:10:38: Mesh: Loading cube.mesh.
22:10:38: Can't assign material 'RustyBarrel' to SubEntity of 'Ogre/MO3' because this Material does not exist in group 'General'. Have you forgotten to define it in a .material script?
22:10:38: Can't assign material 'RustyBarrel' to SubEntity of 'Ogre/MO5' because this Material does not exist in group 'General'. Have you forgotten to define it in a .material script?
22:10:38: Can't assign material 'RustyBarrel' to SubEntity of 'Ogre/MO7' because this Material does not exist in group 'General'. Have you forgotten to define it in a .material script?
22:10:38: Can't assign material 'RustyBarrel' to SubEntity of 'Ogre/MO9' because this Material does not exist in group 'General'. Have you forgotten to define it in a .material script?
22:10:38: Can't assign material 'RustyBarrel' to SubEntity of 'Ogre/MO11' because this Material does not exist in group 'General'. Have you forgotten to define it in a .material script?
22:10:38: Can't assign material 'RustyBarrel' to SubEntity of 'Ogre/MO13' because this Material does not exist in group 'General'. Have you forgotten to define it in a .material script?
22:10:38: Can't assign material 'RustyBarrel' to SubEntity of 'Ogre/MO14' because this Material does not exist in group 'General'. Have you forgotten to define it in a .material script?
22:10:38: Texture: rockwall.tga: Loading 1 faces(PF_B8G8R8,256x256x1) with 8 hardware generated mipmaps from Image. Internal format is PF_B8G8R8,256x256x1.
22:10:38: Mesh: Loading sphere.mesh.
22:10:38: Texture: checker.png: Loading 1 faces(PF_B8G8R8,128x128x1) with 7 hardware generated mipmaps from Image. Internal format is PF_B8G8R8,128x128x1.
22:10:38: Can't assign material 'RustyBarrel' to SubEntity of 'Ogre/MO19' because this Material does not exist in group 'General'. Have you forgotten to define it in a .material script?
22:10:38: Mesh: Loading ninja.mesh.
22:10:38: Skeleton: Loading ninja.skeleton
22:10:38: Ogre::FileNotFoundException::FileNotFoundException: Cannot locate resource ninja.skeleton in resource group General. in ResourceGroupManager::openResource at d:\fdi\ig2_18_19\ogre-master\ogremain\src\ogreresourcegroupmanager.cpp (line 698)
22:10:38: Error: Unable to load skeleton 'ninja.skeleton' for Mesh 'ninja.mesh'. This Mesh will not be animated. You can ignore this message if you are using an offline tool.
22:10:38: Can't assign material 'Examples/Ninja' to SubEntity of 'Ogre/MO20' because this Material does not exist in group 'General'. Have you forgotten to define it in a .material script?
22:10:38: Can't assign material 'Examples/Ninja' to SubEntity of 'Ogre/MO20' because this Material does not exist in group 'General'. Have you forgotten to define it in a .material script?
22:10:38: Can't assign material 'RustyBarrel' to SubEntity of 'Ogre/MO21' because this Material does not exist in group 'General'. Have you forgotten to define it in a .material script?
22:10:38: Can't assign material 'RustyBarrel' to SubEntity of 'Ogre/MO23' because this Material does not exist in group 'General'. Have you forgotten to define it in a .material script?
22:10:38: Can't assign material 'RustyBarrel' to SubEntity of 'Ogre/MO25' because this Material does not exist in group 'General'. Have you forgotten to define it in a .material script?
22:10:38: Can't assign material 'RustyBarrel' to SubEntity of 'Ogre/MO27' because this Material does not exist in group 'General'. Have you forgotten to define it in a .material script?
22:10:38: Can't assign material 'RustyBarrel' to SubEntity of 'Ogre/MO29' because this Material does not exist in group 'General'. Have you forgotten to define it in a .material script?
22:10:38: Can't assign material 'RustyBarrel' to SubEntity of 'Ogre/MO31' because this Material does not exist in group 'General'. Have you forgotten to define it in a .material script?
22:10:38: Can't assign material 'RustyBarrel' to SubEntity of 'Ogre/MO33' because this Material does not exist in group 'General'. Have you forgotten to define it in a .material script?
22:10:38: Can't assign material 'RustyBarrel' to SubEntity of 'Ogre/MO34' because this Material does not exist in group 'General'. Have you forgotten to define it in a .material script?
22:10:38: Can't assign material 'RustyBarrel' to SubEntity of 'Ogre/MO36' because this Material does not exist in group 'General'. Have you forgotten to define it in a .material script?
22:10:38: Can't assign material 'RustyBarrel' to SubEntity of 'Ogre/MO38' because this Material does not exist in group 'General'. Have you forgotten to define it in a .material script?
22:10:38: Can't assign material 'RustyBarrel' to SubEntity of 'Ogre/MO40' because this Material does not exist in group 'General'. Have you forgotten to define it in a .material script?
22:10:38: Can't assign material 'RustyBarrel' to SubEntity of 'Ogre/MO42' because this Material does not exist in group 'General'. Have you forgotten to define it in a .material script?
22:10:38: Can't assign material 'RustyBarrel' to SubEntity of 'Ogre/MO44' because this Material does not exist in group 'General'. Have you forgotten to define it in a .material script?
22:10:38: Can't assign material 'RustyBarrel' to SubEntity of 'Ogre/MO46' because this Material does not exist in group 'General'. Have you forgotten to define it in a .material script?
22:10:38: Texture: 10points.png: Loading 1 faces(PF_A8B8G8R8,256x256x1) with 8 hardware generated mipmaps from Image. Internal format is PF_A8B8G8R8,256x256x1.
22:10:38: Mesh: Loading Sinbad.mesh.
22:10:38: Skeleton: Loading Sinbad.skeleton
22:10:38: Texture: sinbad_body.tga: Loading 1 faces(PF_B8G8R8,512x512x1) with 9 hardware generated mipmaps from Image. Internal format is PF_B8G8R8,512x512x1.
22:10:38: Texture: sinbad_clothes.tga: Loading 1 faces(PF_B8G8R8,512x512x1) with 9 hardware generated mipmaps from Image. Internal format is PF_B8G8R8,512x512x1.
22:10:38: Texture: sinbad_sword.tga: Loading 1 faces(PF_B8G8R8,256x256x1) with 8 hardware generated mipmaps from Image. Internal format is PF_B8G8R8,256x256x1.
22:10:38: Warning: the mesh 'Sinbad.mesh' includes vertices with more than 4 bone assignments. The lowest weighted assignments beyond this limit have been removed, so your animation may look slightly different. To eliminate this, reduce the number of bone assignments per vertex on your mesh to 4.
22:10:38: Mesh: Loading Sword.mesh.
22:10:38: Texture: BeachStones.jpg: Loading 1 faces(PF_B8G8R8,512x512x1) with 9 hardware generated mipmaps from Image. Internal format is PF_B8G8R8,512x512x1.
22:10:38: Texture: Water02.jpg: Loading 1 faces(PF_B8G8R8,512x512x1) with 9 hardware generated mipmaps from Image. Internal format is PF_B8G8R8,512x512x1.
22:10:38: Texture: spotlight_image.png: Loading 1 faces(PF_B8G8R8,128x128x1) with 7 hardware generated mipmaps from Image. Internal format is PF_B8G8R8,128x128x1.
22:10:38: Mesh: Loading uv_sphere.mesh.
22:10:39: Texture: corrosion.jpg: Loading 1 faces(PF_B8G8R8,275x183x1) with 8 hardware generated mipmaps from Image. Internal format is PF_B8G8R8,275x183x1.
22:10:39: Texture: BumpyMetal.jpg: Loading 1 faces(PF_B8G8R8,512x512x1) with 9 hardware generated mipmaps from Image. Internal format is PF_B8G8R8,512x512x1.
22:10:39: Texture: lightMap.jpg: Loading 1 faces(PF_B8G8R8,256x256x1) with 8 hardware generated mipmaps from Image. Internal format is PF_B8G8R8,256x256x1.
22:10:39: Texture: spaceSky.jpg: Loading 1 faces(PF_B8G8R8,2100x1500x1) with 11 hardware generated mipmaps from Image. Internal format is PF_B8G8R8,2100x1500x1.
22:10:39: Texture: cararotada.png: Loading 1 faces(PF_B8G8R8,128x128x1) with 7 hardware generated mipmaps from Image. Internal format is PF_B8G8R8,128x128x1.
22:10:39: Font SdkTrays/Caption using texture size 256x256
22:10:39: Texture: SdkTrays/CaptionTexture: Loading 1 faces(PF_BYTE_LA,256x256x1) Internal format is PF_BYTE_LA,256x256x1.
22:10:39: Font SdkTrays/Value using texture size 512x256
22:10:39: Texture: SdkTrays/ValueTexture: Loading 1 faces(PF_BYTE_LA,512x256x1) Internal format is PF_BYTE_LA,512x256x1.
22:11:20: Unregistering ResourceManager for type Font
22:11:20: DefaultWorkQueue('Root') shutting down on thread 9280.
22:11:20: DefaultWorkQueue('Root')::WorkerFunc - thread 17244 stopped.
22:11:20: DefaultWorkQueue('Root')::WorkerFunc - thread 15908 stopped.
22:11:20: DefaultWorkQueue('Root')::WorkerFunc - thread 15888 stopped.
22:11:20: DefaultWorkQueue('Root')::WorkerFunc - thread 6804 stopped.
22:11:20: DefaultWorkQueue('Root')::WorkerFunc - thread 5020 stopped.
22:11:20: DefaultWorkQueue('Root')::WorkerFunc - thread 1492 stopped.
22:11:20: DefaultWorkQueue('Root')::WorkerFunc - thread 14520 stopped.
22:11:21: DefaultWorkQueue('Root')::WorkerFunc - thread 6000 stopped.
22:11:21: DefaultWorkQueue('Root')::WorkerFunc - thread 2168 stopped.
22:11:21: DefaultWorkQueue('Root')::WorkerFunc - thread 3524 stopped.
22:11:21: DefaultWorkQueue('Root')::WorkerFunc - thread 9768 stopped.
22:11:21: DefaultWorkQueue('Root')::WorkerFunc - thread 18180 stopped.
22:11:21: PCZone Factory Type 'ZoneType_Octree' unregistered
22:11:21: *-*-* OGRE Shutdown
22:11:21: Unregistering ResourceManager for type Compositor
22:11:21: Uninstalling plugin: Octree Scene Manager
22:11:21: Plugin successfully uninstalled
22:11:21: Unloading library C:/Users/felip/OneDrive/Desktop/Programas/Repositorios/IG-II/Practica 2.1/bin/.\Plugin_OctreeSceneManager
22:11:21: Uninstalling plugin: Octree Zone Factory
22:11:21: Plugin successfully uninstalled
22:11:21: Unloading library C:/Users/felip/OneDrive/Desktop/Programas/Repositorios/IG-II/Practica 2.1/bin/.\Plugin_OctreeZone
22:11:21: Uninstalling plugin: Portal Connected Zone Scene Manager
22:11:21: Plugin successfully uninstalled
22:11:21: Unloading library C:/Users/felip/OneDrive/Desktop/Programas/Repositorios/IG-II/Practica 2.1/bin/.\Plugin_PCZSceneManager
22:11:21: Unloading library C:/Users/felip/OneDrive/Desktop/Programas/Repositorios/IG-II/Practica 2.1/bin/.\Codec_STBI
22:11:21: Uninstalling plugin: BSP Scene Manager
22:11:21: Plugin successfully uninstalled
22:11:21: Unloading library C:/Users/felip/OneDrive/Desktop/Programas/Repositorios/IG-II/Practica 2.1/bin/.\Plugin_BSPSceneManager
22:11:21: Uninstalling plugin: ParticleFX
22:11:21: Plugin successfully uninstalled
22:11:21: Unloading library C:/Users/felip/OneDrive/Desktop/Programas/Repositorios/IG-II/Practica 2.1/bin/.\Plugin_ParticleFX
22:11:21: Uninstalling plugin: GL 3+ RenderSystem
22:11:21: Unregistering ResourceManager for type GpuProgram
22:11:21: Unregistering ResourceManager for type Texture
22:11:21: *** Stopping Win32GL Subsystem ***
22:11:21: Plugin successfully uninstalled
22:11:21: Unloading library C:/Users/felip/OneDrive/Desktop/Programas/Repositorios/IG-II/Practica 2.1/bin/.\RenderSystem_GL3Plus
22:11:21: Uninstalling plugin: GL RenderSystem
22:11:21: *** Stopping Win32GL Subsystem ***
22:11:21: Plugin successfully uninstalled
22:11:21: Unloading library C:/Users/felip/OneDrive/Desktop/Programas/Repositorios/IG-II/Practica 2.1/bin/.\RenderSystem_GL
22:11:21: Unregistering ResourceManager for type Skeleton
22:11:21: Unregistering ResourceManager for type Mesh
22:11:21: Unregistering ResourceManager for type HighLevelGpuProgram
22:11:21: Unregistering ResourceManager for type Material
