15:18:58: Creating resource group General
15:18:58: Creating resource group OgreInternal
15:18:58: Creating resource group OgreAutodetect
15:18:58: SceneManagerFactory for type 'DefaultSceneManager' registered.
15:18:58: Registering ResourceManager for type Material
15:18:58: Registering ResourceManager for type Mesh
15:18:58: Registering ResourceManager for type Skeleton
15:18:58: MovableObjectFactory for type 'ParticleSystem' registered.
15:18:58: ArchiveFactory for archive type FileSystem registered.
15:18:58: ArchiveFactory for archive type Zip registered.
15:18:58: ArchiveFactory for archive type EmbeddedZip registered.
15:18:58: DDS codec registering
15:18:58: ETC codec registering
15:18:58: Registering ResourceManager for type HighLevelGpuProgram
15:18:58: Registering ResourceManager for type Compositor
15:18:58: MovableObjectFactory for type 'Entity' registered.
15:18:58: MovableObjectFactory for type 'Light' registered.
15:18:58: MovableObjectFactory for type 'BillboardSet' registered.
15:18:58: MovableObjectFactory for type 'ManualObject' registered.
15:18:58: MovableObjectFactory for type 'BillboardChain' registered.
15:18:58: MovableObjectFactory for type 'RibbonTrail' registered.
15:18:58: Loading library C:/Users/felip/OneDrive/Desktop/Programas/Repositorios/IG-II/Practica 1.5/bin/.\RenderSystem_GL
15:18:58: Installing plugin: GL RenderSystem
15:18:58: OpenGL Rendering Subsystem created.
15:18:58: Plugin successfully installed
15:18:58: Loading library C:/Users/felip/OneDrive/Desktop/Programas/Repositorios/IG-II/Practica 1.5/bin/.\RenderSystem_GL3Plus
15:18:58: Installing plugin: GL 3+ RenderSystem
15:18:58: OpenGL 3+ Rendering Subsystem created.
15:18:58: Plugin successfully installed
15:18:58: Loading library C:/Users/felip/OneDrive/Desktop/Programas/Repositorios/IG-II/Practica 1.5/bin/.\Plugin_ParticleFX
15:18:58: Installing plugin: ParticleFX
15:18:58: Particle Emitter Type 'Point' registered
15:18:58: Particle Emitter Type 'Box' registered
15:18:58: Particle Emitter Type 'Ellipsoid' registered
15:18:58: Particle Emitter Type 'Cylinder' registered
15:18:58: Particle Emitter Type 'Ring' registered
15:18:58: Particle Emitter Type 'HollowEllipsoid' registered
15:18:58: Particle Affector Type 'LinearForce' registered
15:18:58: Particle Affector Type 'ColourFader' registered
15:18:58: Particle Affector Type 'ColourFader2' registered
15:18:58: Particle Affector Type 'ColourImage' registered
15:18:58: Particle Affector Type 'ColourInterpolator' registered
15:18:58: Particle Affector Type 'Scaler' registered
15:18:58: Particle Affector Type 'Rotator' registered
15:18:58: Particle Affector Type 'DirectionRandomiser' registered
15:18:58: Particle Affector Type 'DeflectorPlane' registered
15:18:58: Plugin successfully installed
15:18:58: Loading library C:/Users/felip/OneDrive/Desktop/Programas/Repositorios/IG-II/Practica 1.5/bin/.\Plugin_BSPSceneManager
15:18:58: Installing plugin: BSP Scene Manager
15:18:58: Plugin successfully installed
15:18:58: Loading library C:/Users/felip/OneDrive/Desktop/Programas/Repositorios/IG-II/Practica 1.5/bin/.\Codec_STBI
15:18:58: stb_image - v2.19 - public domain JPEG/PNG reader
15:18:58: Supported formats: jpeg,jpg,png,bmp,psd,tga,gif,pic,ppm,pgm,hdr
15:18:58: Loading library C:/Users/felip/OneDrive/Desktop/Programas/Repositorios/IG-II/Practica 1.5/bin/.\Plugin_PCZSceneManager
15:18:58: Installing plugin: Portal Connected Zone Scene Manager
15:18:58: PCZone Factory Type 'ZoneType_Default' registered
15:18:58: Plugin successfully installed
15:18:58: Loading library C:/Users/felip/OneDrive/Desktop/Programas/Repositorios/IG-II/Practica 1.5/bin/.\Plugin_OctreeZone
15:18:58: Installing plugin: Octree Zone Factory
15:18:58: Plugin successfully installed
15:18:58: Loading library C:/Users/felip/OneDrive/Desktop/Programas/Repositorios/IG-II/Practica 1.5/bin/.\Plugin_OctreeSceneManager
15:18:58: Installing plugin: Octree Scene Manager
15:18:58: Plugin successfully installed
15:18:58: *-*-* OGRE Initialising
15:18:58: *-*-* Version 1.11.2 (Rhagorthua)
15:18:58: OverlayElementFactory for type Panel registered.
15:18:58: OverlayElementFactory for type BorderPanel registered.
15:18:58: OverlayElementFactory for type TextArea registered.
15:18:58: Registering ResourceManager for type Font
15:18:58: CPU Identifier & Features
15:18:58: -------------------------
15:18:58:  *   CPU ID: GenuineIntel: Intel(R) Core(TM) i7-10750H CPU @ 2.60GHz
15:18:58:  *          SSE: yes
15:18:58:  *         SSE2: yes
15:18:58:  *         SSE3: yes
15:18:58:  *        SSE41: yes
15:18:58:  *        SSE42: yes
15:18:58:  *          MMX: yes
15:18:58:  *       MMXEXT: yes
15:18:58:  *        3DNOW: no
15:18:58:  *     3DNOWEXT: no
15:18:58:  *         CMOV: yes
15:18:58:  *          TSC: yes
15:18:58:  *INVARIANT TSC: yes
15:18:58:  *          FPU: yes
15:18:58:  *          PRO: yes
15:18:58:  *           HT: no
15:18:58: -------------------------
15:18:58: *** Starting Win32GL Subsystem ***
15:18:58: Registering ResourceManager for type Texture
15:18:58: GLRenderSystem::_createRenderWindow "IG2App", 1024x768 windowed  miscParams: FSAA=0 externalWindowHandle=4261268 gamma=No vsync=Yes 
15:18:58: Supported WGL extensions: WGL_EXT_depth_float WGL_ARB_buffer_region WGL_ARB_extensions_string WGL_ARB_make_current_read WGL_ARB_pixel_format WGL_ARB_pbuffer WGL_EXT_extensions_string WGL_EXT_swap_control WGL_ARB_multisample WGL_ARB_pixel_format_float WGL_ARB_framebuffer_sRGB WGL_ARB_create_context WGL_ARB_create_context_profile WGL_EXT_pixel_format_packed_float WGL_EXT_create_context_es_profile WGL_EXT_create_context_es2_profile WGL_NV_DX_interop WGL_NV_DX_interop2 WGL_ARB_create_context_robustness WGL_ARB_context_flush_control 
15:18:58: GL_VERSION = 4.6.0 - Build 26.20.100.7642
15:18:58: GL_VENDOR = Intel
15:18:58: GL_RENDERER = Intel(R) UHD Graphics
15:18:58: GL_EXTENSIONS = GL_3DFX_texture_compression_FXT1 GL_AMD_depth_clamp_separate GL_AMD_vertex_shader_layer GL_AMD_vertex_shader_viewport_index GL_ARB_ES2_compatibility GL_ARB_ES3_1_compatibility GL_ARB_ES3_compatibility GL_ARB_arrays_of_arrays GL_ARB_base_instance GL_ARB_bindless_texture GL_ARB_blend_func_extended GL_ARB_buffer_storage GL_ARB_cl_event GL_ARB_clear_buffer_object GL_ARB_clear_texture GL_ARB_clip_control GL_ARB_color_buffer_float GL_ARB_compatibility GL_ARB_compressed_texture_pixel_storage GL_ARB_compute_shader GL_ARB_conditional_render_inverted GL_ARB_conservative_depth GL_ARB_copy_buffer GL_ARB_copy_image GL_ARB_cull_distance GL_ARB_debug_output GL_ARB_depth_buffer_float GL_ARB_depth_clamp GL_ARB_depth_texture GL_ARB_derivative_control GL_ARB_direct_state_access GL_ARB_draw_buffers GL_ARB_draw_buffers_blend GL_ARB_draw_elements_base_vertex GL_ARB_draw_indirect GL_ARB_draw_instanced GL_ARB_enhanced_layouts GL_ARB_explicit_attrib_location GL_ARB_explicit_uniform_location GL_ARB_fragment_coord_conventions GL_ARB_fragment_layer_viewport GL_ARB_fragment_program GL_ARB_fragment_program_shadow GL_ARB_fragment_shader GL_ARB_fragment_shader_interlock GL_ARB_framebuffer_no_attachments GL_ARB_framebuffer_object GL_ARB_framebuffer_sRGB GL_ARB_geometry_shader4 GL_ARB_get_program_binary GL_ARB_get_texture_sub_image GL_ARB_gl_spirv GL_ARB_gpu_shader5 GL_ARB_gpu_shader_fp64 GL_ARB_half_float_pixel GL_ARB_half_float_vertex GL_ARB_indirect_parameters GL_ARB_instanced_arrays GL_ARB_internalformat_query GL_ARB_internalformat_query2 GL_ARB_invalidate_subdata GL_ARB_map_buffer_alignment GL_ARB_map_buffer_range GL_ARB_multi_bind GL_ARB_multi_draw_indirect GL_ARB_multisample GL_ARB_multitexture GL_ARB_occlusion_query GL_ARB_occlusion_query2 GL_ARB_pipeline_statistics_query GL_ARB_pixel_buffer_object GL_ARB_point_parameters GL_ARB_point_sprite GL_ARB_polygon_offset_clamp GL_ARB_post_depth_coverage GL_ARB_program_interface_query GL_ARB_provoking_vertex GL_ARB_query_buffer_object GL_ARB_robust_buffer_access_behavior GL_ARB_robustness GL_ARB_robustness_isolation GL_ARB_sample_shading GL_ARB_sampler_objects GL_ARB_seamless_cube_map GL_ARB_seamless_cubemap_per_texture GL_ARB_separate_shader_objects GL_ARB_shader_atomic_counter_ops GL_ARB_shader_atomic_counters GL_ARB_shader_bit_encoding GL_ARB_shader_draw_parameters GL_ARB_shader_group_vote GL_ARB_shader_image_load_store GL_ARB_shader_image_size GL_ARB_shader_objects GL_ARB_shader_precision GL_ARB_shader_stencil_export GL_ARB_shader_storage_buffer_object GL_ARB_shader_subroutine GL_ARB_shader_texture_image_samples GL_ARB_shading_language_100 GL_ARB_shading_language_420pack GL_ARB_shading_language_packing GL_ARB_shadow GL_ARB_spirv_extensions GL_ARB_stencil_texturing GL_ARB_sync GL_ARB_tessellation_shader GL_ARB_texture_barrier GL_ARB_texture_border_clamp GL_ARB_texture_buffer_object GL_ARB_texture_buffer_object_rgb32 GL_ARB_texture_buffer_range GL_ARB_texture_compression GL_ARB_texture_compression_bptc GL_ARB_texture_compression_rgtc GL_ARB_texture_cube_map GL_ARB_texture_cube_map_array GL_ARB_texture_env_add GL_ARB_texture_env_combine GL_ARB_texture_env_crossbar GL_ARB_texture_env_dot3 GL_ARB_texture_filter_anisotropic GL_ARB_texture_float GL_ARB_texture_gather GL_ARB_texture_mirror_clamp_to_edge GL_ARB_texture_mirrored_repeat GL_ARB_texture_multisample GL_ARB_texture_non_power_of_two GL_ARB_texture_query_levels GL_ARB_texture_query_lod GL_ARB_texture_rectangle GL_ARB_texture_rg GL_ARB_texture_rgb10_a2ui GL_ARB_texture_stencil8 GL_ARB_texture_storage GL_ARB_texture_storage_multisample GL_ARB_texture_swizzle GL_ARB_texture_view GL_ARB_timer_query GL_ARB_transform_feedback2 GL_ARB_transform_feedback3 GL_ARB_transform_feedback_instanced GL_ARB_transform_feedback_overflow_query GL_ARB_transpose_matrix GL_ARB_uniform_buffer_object GL_ARB_vertex_array_bgra GL_ARB_vertex_array_object GL_ARB_vertex_attrib_64bit GL_ARB_vertex_attrib_binding GL_ARB_vertex_buffer_object GL_ARB_vertex_program GL_ARB_vertex_shader GL_ARB_vertex_type_10f_11f_11f_rev GL_ARB_vertex_type_2_10_10_10_rev GL_ARB_viewport_array GL_ARB_window_pos GL_ATI_separate_stencil GL_EXT_abgr GL_EXT_bgra GL_EXT_blend_color GL_EXT_blend_equation_separate GL_EXT_blend_func_separate GL_EXT_blend_minmax GL_EXT_blend_subtract GL_EXT_clip_volume_hint GL_EXT_compiled_vertex_array GL_EXT_direct_state_access GL_EXT_draw_buffers2 GL_EXT_draw_range_elements GL_EXT_fog_coord GL_EXT_framebuffer_blit GL_EXT_framebuffer_multisample GL_EXT_framebuffer_object GL_EXT_geometry_shader4 GL_EXT_gpu_program_parameters GL_EXT_gpu_shader4 GL_EXT_multi_draw_arrays GL_EXT_packed_depth_stencil GL_EXT_packed_float GL_EXT_packed_pixels GL_EXT_polygon_offset_clamp GL_EXT_rescale_normal GL_EXT_secondary_color GL_EXT_separate_specular_color GL_EXT_shader_framebuffer_fetch GL_EXT_shader_integer_mix GL_EXT_shadow_funcs GL_EXT_stencil_two_side GL_EXT_stencil_wrap GL_EXT_texture3D GL_EXT_texture_array GL_EXT_texture_compression_s3tc GL_EXT_texture_edge_clamp GL_EXT_texture_env_add GL_EXT_texture_env_combine GL_EXT_texture_filter_anisotropic GL_EXT_texture_integer GL_EXT_texture_lod_bias GL_EXT_texture_rectangle GL_EXT_texture_sRGB GL_EXT_texture_sRGB_decode GL_EXT_texture_shared_exponent GL_EXT_texture_snorm GL_EXT_texture_storage GL_EXT_texture_swizzle GL_EXT_timer_query GL_EXT_transform_feedback GL_IBM_texture_mirrored_repeat GL_INTEL_conservative_rasterization GL_INTEL_fragment_shader_ordering GL_INTEL_framebuffer_CMAA GL_INTEL_map_texture GL_INTEL_multi_rate_fragment_shader GL_INTEL_performance_query GL_KHR_blend_equation_advanced GL_KHR_blend_equation_advanced_coherent GL_KHR_context_flush_control GL_KHR_debug GL_KHR_no_error GL_KHR_texture_compression_astc_hdr GL_KHR_texture_compression_astc_ldr GL_NV_blend_square GL_NV_conditional_render GL_NV_primitive_restart GL_NV_texgen_reflection GL_SGIS_generate_mipmap GL_SGIS_texture_edge_clamp GL_SGIS_texture_lod GL_SUN_multi_draw_arrays GL_WIN_swap_hint WGL_EXT_swap_control
15:18:58: ***************************
15:18:58: *** GL Renderer Started ***
15:18:58: ***************************
15:18:58: Registering ResourceManager for type GpuProgram
15:18:58: GLSL support detected
15:18:58: GL: Using GL_EXT_framebuffer_object for rendering to textures (best)
15:18:58: FBO PF_UNKNOWN depth/stencil support: D0S1 D0S4 D0S8 D0S16 D16S0 D16S1 D16S4 D16S8 D16S16 D24S0 D24S1 D24S4 D24S8 D24S16 D32S0 D32S1 D32S4 D32S8 D32S16 Packed-D24S8 
15:18:58: FBO PF_A8 depth/stencil support: D0S0 D0S1 D0S4 D0S8 D0S16 D16S0 D16S1 D16S4 D16S8 D16S16 D24S0 D24S1 D24S4 D24S8 D24S16 D32S0 D32S1 D32S4 D32S8 D32S16 Packed-D24S8 
15:18:58: FBO PF_R5G6B5 depth/stencil support: D0S0 D0S1 D0S4 D0S8 D0S16 D16S0 D16S1 D16S4 D16S8 D16S16 D24S0 D24S1 D24S4 D24S8 D24S16 D32S0 D32S1 D32S4 D32S8 D32S16 Packed-D24S8 
15:18:58: FBO PF_B5G6R5 depth/stencil support: D0S0 D0S1 D0S4 D0S8 D0S16 D16S0 D16S1 D16S4 D16S8 D16S16 D24S0 D24S1 D24S4 D24S8 D24S16 D32S0 D32S1 D32S4 D32S8 D32S16 Packed-D24S8 
15:18:58: FBO PF_A4R4G4B4 depth/stencil support: D0S0 D0S1 D0S4 D0S8 D0S16 D16S0 D16S1 D16S4 D16S8 D16S16 D24S0 D24S1 D24S4 D24S8 D24S16 D32S0 D32S1 D32S4 D32S8 D32S16 Packed-D24S8 
15:18:58: FBO PF_A1R5G5B5 depth/stencil support: D0S0 D0S1 D0S4 D0S8 D0S16 D16S0 D16S1 D16S4 D16S8 D16S16 D24S0 D24S1 D24S4 D24S8 D24S16 D32S0 D32S1 D32S4 D32S8 D32S16 Packed-D24S8 
15:18:58: FBO PF_R8G8B8 depth/stencil support: D0S0 D0S1 D0S4 D0S8 D0S16 D16S0 D16S1 D16S4 D16S8 D16S16 D24S0 D24S1 D24S4 D24S8 D24S16 D32S0 D32S1 D32S4 D32S8 D32S16 Packed-D24S8 
15:18:58: FBO PF_B8G8R8 depth/stencil support: D0S0 D0S1 D0S4 D0S8 D0S16 D16S0 D16S1 D16S4 D16S8 D16S16 D24S0 D24S1 D24S4 D24S8 D24S16 D32S0 D32S1 D32S4 D32S8 D32S16 Packed-D24S8 
15:18:58: FBO PF_A8R8G8B8 depth/stencil support: D0S0 D0S1 D0S4 D0S8 D0S16 D16S0 D16S1 D16S4 D16S8 D16S16 D24S0 D24S1 D24S4 D24S8 D24S16 D32S0 D32S1 D32S4 D32S8 D32S16 Packed-D24S8 
15:18:58: FBO PF_A8B8G8R8 depth/stencil support: D0S0 D0S1 D0S4 D0S8 D0S16 D16S0 D16S1 D16S4 D16S8 D16S16 D24S0 D24S1 D24S4 D24S8 D24S16 D32S0 D32S1 D32S4 D32S8 D32S16 Packed-D24S8 
15:18:58: FBO PF_B8G8R8A8 depth/stencil support: D0S0 D0S1 D0S4 D0S8 D0S16 D16S0 D16S1 D16S4 D16S8 D16S16 D24S0 D24S1 D24S4 D24S8 D24S16 D32S0 D32S1 D32S4 D32S8 D32S16 Packed-D24S8 
15:18:58: FBO PF_FLOAT16_RGB depth/stencil support: D0S0 D0S1 D0S4 D0S8 D0S16 D16S0 D16S1 D16S4 D16S8 D16S16 D24S0 D24S1 D24S4 D24S8 D24S16 D32S0 D32S1 D32S4 D32S8 D32S16 Packed-D24S8 
15:18:58: FBO PF_FLOAT16_RGBA depth/stencil support: D0S0 D0S1 D0S4 D0S8 D0S16 D16S0 D16S1 D16S4 D16S8 D16S16 D24S0 D24S1 D24S4 D24S8 D24S16 D32S0 D32S1 D32S4 D32S8 D32S16 Packed-D24S8 
15:18:58: FBO PF_FLOAT32_RGB depth/stencil support: D0S0 D0S1 D0S4 D0S8 D0S16 D16S0 D16S1 D16S4 D16S8 D16S16 D24S0 D24S1 D24S4 D24S8 D24S16 D32S0 D32S1 D32S4 D32S8 D32S16 Packed-D24S8 
15:18:58: FBO PF_FLOAT32_RGBA depth/stencil support: D0S0 D0S1 D0S4 D0S8 D0S16 D16S0 D16S1 D16S4 D16S8 D16S16 D24S0 D24S1 D24S4 D24S8 D24S16 D32S0 D32S1 D32S4 D32S8 D32S16 Packed-D24S8 
15:18:58: FBO PF_X8R8G8B8 depth/stencil support: D0S0 D0S1 D0S4 D0S8 D0S16 D16S0 D16S1 D16S4 D16S8 D16S16 D24S0 D24S1 D24S4 D24S8 D24S16 D32S0 D32S1 D32S4 D32S8 D32S16 Packed-D24S8 
15:18:58: FBO PF_X8B8G8R8 depth/stencil support: D0S0 D0S1 D0S4 D0S8 D0S16 D16S0 D16S1 D16S4 D16S8 D16S16 D24S0 D24S1 D24S4 D24S8 D24S16 D32S0 D32S1 D32S4 D32S8 D32S16 Packed-D24S8 
15:18:58: FBO PF_R8G8B8A8 depth/stencil support: D0S0 D0S1 D0S4 D0S8 D0S16 D16S0 D16S1 D16S4 D16S8 D16S16 D24S0 D24S1 D24S4 D24S8 D24S16 D32S0 D32S1 D32S4 D32S8 D32S16 Packed-D24S8 
15:18:58: FBO PF_SHORT_RGBA depth/stencil support: D0S0 D0S1 D0S4 D0S8 D0S16 D16S0 D16S1 D16S4 D16S8 D16S16 D24S0 D24S1 D24S4 D24S8 D24S16 D32S0 D32S1 D32S4 D32S8 D32S16 Packed-D24S8 
15:18:58: FBO PF_R3G3B2 depth/stencil support: D0S0 D0S1 D0S4 D0S8 D0S16 D16S0 D16S1 D16S4 D16S8 D16S16 D24S0 D24S1 D24S4 D24S8 D24S16 D32S0 D32S1 D32S4 D32S8 D32S16 Packed-D24S8 
15:18:58: FBO PF_SHORT_RGB depth/stencil support: D0S0 D0S1 D0S4 D0S8 D0S16 D16S0 D16S1 D16S4 D16S8 D16S16 D24S0 D24S1 D24S4 D24S8 D24S16 D32S0 D32S1 D32S4 D32S8 D32S16 Packed-D24S8 
15:18:58: [GL] : Valid FBO targets PF_UNKNOWN PF_A8 PF_R5G6B5 PF_B5G6R5 PF_A4R4G4B4 PF_A1R5G5B5 PF_R8G8B8 PF_B8G8R8 PF_A8R8G8B8 PF_A8B8G8R8 PF_B8G8R8A8 PF_FLOAT16_RGB PF_FLOAT16_RGBA PF_FLOAT32_RGB PF_FLOAT32_RGBA PF_X8R8G8B8 PF_X8B8G8R8 PF_R8G8B8A8 PF_SHORT_RGBA PF_R3G3B2 PF_SHORT_RGB 
15:18:58: RenderSystem capabilities
15:18:58: -------------------------
15:18:58: RenderSystem Name: OpenGL Rendering Subsystem
15:18:58: GPU Vendor: intel
15:18:58: Device Name: Intel(R) UHD Graphics
15:18:58: Driver Version: 4.6.0.0
15:18:58:  * Fixed function pipeline: yes
15:18:58:  * Anisotropic texture filtering: yes
15:18:58:  * Cube mapping: yes
15:18:58:  * Hardware stencil buffer: yes
15:18:58:    - Stencil depth: 8
15:18:58:    - Two sided stencil support: yes
15:18:58:    - Wrap stencil values: yes
15:18:58:  * 32-bit index buffers: yes
15:18:58:  * Vertex programs: yes
15:18:58:  * Number of floating-point constants for vertex programs: 256
15:18:58:  * Number of integer constants for vertex programs: 0
15:18:58:  * Number of boolean constants for vertex programs: 0
15:18:58:  * Fragment programs: yes
15:18:58:  * Number of floating-point constants for fragment programs: 256
15:18:58:  * Number of integer constants for fragment programs: 0
15:18:58:  * Number of boolean constants for fragment programs: 0
15:18:58:  * Geometry programs: yes
15:18:58:  * Number of floating-point constants for geometry programs: 4096
15:18:58:  * Number of integer constants for geometry programs: 0
15:18:58:  * Number of boolean constants for geometry programs: 0
15:18:58:  * Tessellation Hull programs: no
15:18:58:  * Number of floating-point constants for tessellation hull programs: 109
15:18:58:  * Number of integer constants for tessellation hull programs: 97
15:18:58:  * Number of boolean constants for tessellation hull programs: 114
15:18:58:  * Tessellation Domain programs: no
15:18:58:  * Number of floating-point constants for tessellation domain programs: 116
15:18:58:  * Number of integer constants for tessellation domain programs: 97
15:18:58:  * Number of boolean constants for tessellation domain programs: 46
15:18:58:  * Compute programs: no
15:18:58:  * Number of floating-point constants for compute programs: 100
15:18:58:  * Number of integer constants for compute programs: 108
15:18:58:  * Number of boolean constants for compute programs: 108
15:18:58:  * Supported Shader Profiles: arbfp1 arbvp1 glsl glsl100 glsl110 glsl120
15:18:58:  * Texture Compression: yes
15:18:58:    - DXT: yes
15:18:58:    - VTC: no
15:18:58:    - PVRTC: no
15:18:58:    - ATC: no
15:18:58:    - ETC1: no
15:18:58:    - ETC2: no
15:18:58:    - BC4/BC5: no
15:18:58:    - BC6H/BC7: no
15:18:58:    - ASTC: no
15:18:58:    - Mipmaps for compressed formats: yes
15:18:58:  * Hardware Occlusion Query: yes
15:18:58:  * User clip planes: yes
15:18:58:  * VET_UBYTE4 vertex element type: yes
15:18:58:  * Infinite far plane projection: yes
15:18:58:  * Hardware render-to-texture: yes
15:18:58:  * Floating point textures: yes
15:18:58:  * Non-power-of-two textures: yes
15:18:58:  * 1d textures: yes
15:18:58:  * Volume textures: yes
15:18:58:  * Multiple Render Targets: 8
15:18:58:    - With different bit depths: yes
15:18:58:  * Point Sprites: yes
15:18:58:  * Wide Lines: yes
15:18:58:  * Hardware Gamma: yes
15:18:58:  * Extended point parameters: yes
15:18:58:  * Max Point Size: 255
15:18:58:  * Vertex texture fetch: yes
15:18:58:  * Number of texture units: 16
15:18:58:  * Number of vertex attributes: 16
15:18:58:  * Stencil buffer depth: 8
15:18:58:  * Number of vertex blend matrices: 0
15:18:58:    - Max vertex textures: 32
15:18:58:    - Vertex textures shared: yes
15:18:58:  * Render to Vertex Buffer : no
15:18:58:  * Hardware Atomic Counters: no
15:18:58:  * PBuffer support: yes
15:18:58:  * Vertex Array Objects: no
15:18:58:  * Separate shader objects: no
15:18:58:  * GLSL SSO redeclare interface block: no
15:18:58:  * Debugging/ profiling events: no
15:18:58:  * Map buffer storage: yes
15:18:58: DefaultWorkQueue('Root') initialising on thread 7356.
15:18:58: DefaultWorkQueue('Root')::WorkerFunc - thread 9484 starting.
15:18:58: DefaultWorkQueue('Root')::WorkerFunc - thread 10768 starting.
15:18:58: DefaultWorkQueue('Root')::WorkerFunc - thread 20268 starting.
15:18:58: DefaultWorkQueue('Root')::WorkerFunc - thread 15592 starting.
15:18:58: DefaultWorkQueue('Root')::WorkerFunc - thread 2072 starting.
15:18:58: DefaultWorkQueue('Root')::WorkerFunc - thread 2008 starting.
15:18:58: DefaultWorkQueue('Root')::WorkerFunc - thread 20584 starting.
15:18:58: DefaultWorkQueue('Root')::WorkerFunc - thread 18856 starting.
15:18:58: DefaultWorkQueue('Root')::WorkerFunc - thread 15668 starting.
15:18:58: DefaultWorkQueue('Root')::WorkerFunc - thread 11032 starting.
15:18:58: DefaultWorkQueue('Root')::WorkerFunc - thread 21276 starting.
15:18:58: Particle Renderer Type 'billboard' registered15
:18:58: DefaultWorkQueue('Root')::WorkerFunc - thread 16880 starting.
15:18:58: SceneManagerFactory for type 'BspSceneManager' registered.
15:18:58: Registering SceneLoader Q3BSP
15:18:58: SceneManagerFactory for type 'PCZSceneManager' registered.
15:18:58: MovableObjectFactory for type 'PCZLight' registered.
15:18:58: MovableObjectFactory for type 'Portal' registered.
15:18:58: MovableObjectFactory for type 'AntiPortal' registered.
15:18:58: PCZone Factory Type 'ZoneType_Octree' registered
15:18:58: SceneManagerFactory for type 'OctreeSceneManager' registered.
15:18:58: Creating resource group Essential
15:18:58: Added resource location '../Media/thumbnails' of type 'FileSystem' to resource group 'Essential'
15:18:58: Added resource location '../Media/packs/SdkTrays.zip' of type 'Zip' to resource group 'Essential'
15:18:58: Added resource location '../Media/packs/profiler.zip' of type 'Zip' to resource group 'Essential'
15:18:58: Added resource location '../Media' of type 'FileSystem' to resource group 'General'
15:18:58: Added resource location '../Media/fonts' of type 'FileSystem' to resource group 'General'
15:18:58: Added resource location '../Media/materials/programs' of type 'FileSystem' to resource group 'General'
15:18:58: Added resource location '../Media/IG2App' of type 'FileSystem' to resource group 'General'
15:18:58: Added resource location '../Media/packs/ogredance.zip' of type 'Zip' to resource group 'General'
15:18:58: Added resource location '../Media/packs/Sinbad.zip' of type 'Zip' to resource group 'General'
15:18:58: Added resource location '../Media/materials/programs/GLSL120' of type 'FileSystem' to resource group 'General'
15:18:58: Added resource location '../Media/materials/programs/GLSL' of type 'FileSystem' to resource group 'General'
15:18:58: Added resource location '../Media/RTShaderLib/materials' of type 'FileSystem' to resource group 'General'
15:18:58: Added resource location '../Media/RTShaderLib/GLSL' of type 'FileSystem' to resource group 'General'
15:18:58: Parsing scripts for resource group Essential
15:18:58: Parsing script SdkTrays.material
15:18:58: Parsing script OgreProfiler.material
15:18:58: Parsing script SdkTrays.fontdef
15:18:58: Parsing script SdkTrays.overlay
15:18:58: Texture: sdk_cursor.png: Loading 1 faces(PF_A8B8G8R8,32x32x1) with 5 hardware generated mipmaps from Image. Internal format is PF_A8B8G8R8,32x32x1.
15:18:58: Texture: sdk_tray.png: Loading 1 faces(PF_A8B8G8R8,64x64x1) with 6 hardware generated mipmaps from Image. Internal format is PF_A8B8G8R8,64x64x1.
15:18:58: Texture: sdk_button_up.png: Loading 1 faces(PF_A8B8G8R8,128x32x1) with 7 hardware generated mipmaps from Image. Internal format is PF_A8B8G8R8,128x32x1.
15:18:58: Texture: sdk_text_box.png: Loading 1 faces(PF_A8B8G8R8,32x32x1) with 5 hardware generated mipmaps from Image. Internal format is PF_A8B8G8R8,32x32x1.
15:18:58: Texture: sdk_mini_tray.png: Loading 1 faces(PF_A8B8G8R8,32x32x1) with 5 hardware generated mipmaps from Image. Internal format is PF_A8B8G8R8,32x32x1.
15:18:58: Texture: sdk_track.png: Loading 1 faces(PF_A8B8G8R8,16x32x1) with 5 hardware generated mipmaps from Image. Internal format is PF_A8B8G8R8,16x32x1.
15:18:58: Texture: sdk_handle.png: Loading 1 faces(PF_A8B8G8R8,16x16x1) with 4 hardware generated mipmaps from Image. Internal format is PF_A8B8G8R8,16x16x1.
15:18:58: Texture: sdk_mini_text_box.png: Loading 1 faces(PF_A8B8G8R8,32x32x1) with 5 hardware generated mipmaps from Image. Internal format is PF_A8B8G8R8,32x32x1.
15:18:58: Texture: sdk_label.png: Loading 1 faces(PF_A8B8G8R8,32x32x1) with 5 hardware generated mipmaps from Image. Internal format is PF_A8B8G8R8,32x32x1.
15:18:58: Texture: sdk_separator.png: Loading 1 faces(PF_A8B8G8R8,64x16x1) with 6 hardware generated mipmaps from Image. Internal format is PF_A8B8G8R8,64x16x1.
15:18:58: Texture: sdk_logo.png: Loading 1 faces(PF_A8B8G8R8,128x64x1) with 7 hardware generated mipmaps from Image. Internal format is PF_A8B8G8R8,128x64x1.
15:18:58: Texture: sdk_shade.png: Loading 1 faces(PF_A8B8G8R8,64x48x1) with 6 hardware generated mipmaps from Image. Internal format is PF_A8B8G8R8,64x48x1.
15:18:58: Texture: sdk_frame.png: Loading 1 faces(PF_A8B8G8R8,32x32x1) with 5 hardware generated mipmaps from Image. Internal format is PF_A8B8G8R8,32x32x1.
15:18:58: Texture: sdk_mini_text_box_over.png: Loading 1 faces(PF_A8B8G8R8,32x32x1) with 5 hardware generated mipmaps from Image. Internal format is PF_A8B8G8R8,32x32x1.
15:18:58: Texture: sdk_pulse.png: Loading 1 faces(PF_B8G8R8,8x1x1) with 3 hardware generated mipmaps from Image. Internal format is PF_B8G8R8,8x1x1.
15:18:58: Finished parsing scripts for resource group Essential
15:18:58: Creating resources for group Essential
15:18:58: All done
15:18:58: Parsing scripts for resource group General
15:18:58: Parsing script Practica1.material
15:18:58: Parsing script Sinbad.material
15:18:58: Parsing script DualQuaternionSkinning_Shadow.material
15:18:58: Parsing script HardwareSkinningShadow.material
15:18:58: Parsing script RTShaderSystem.material
15:18:58: Parsing script TriplanarTexturing.material
15:18:58: Finished parsing scripts for resource group General
15:18:58: Creating resources for group General
15:18:58: All done
15:18:58: Parsing scripts for resource group OgreAutodetect
15:18:58: Finished parsing scripts for resource group OgreAutodetect
15:18:58: Creating resources for group OgreAutodetect
15:18:58: All done
15:18:58: Parsing scripts for resource group OgreInternal
15:18:58: Finished parsing scripts for resource group OgreInternal
15:18:58: Creating resources for group OgreInternal
15:18:58: All done
15:18:58: Mesh: Loading Barrel.mesh.
15:18:58: Can't assign material 'RustyBarrel' to SubEntity of 'Ogre/MO1' because this Material does not exist in group 'General'. Have you forgotten to define it in a .material script?
15:18:58: Mesh: Loading cube.mesh.
15:18:58: Can't assign material 'RustyBarrel' to SubEntity of 'Ogre/MO3' because this Material does not exist in group 'General'. Have you forgotten to define it in a .material script?
15:18:58: Can't assign material 'RustyBarrel' to SubEntity of 'Ogre/MO5' because this Material does not exist in group 'General'. Have you forgotten to define it in a .material script?
15:18:58: Can't assign material 'RustyBarrel' to SubEntity of 'Ogre/MO7' because this Material does not exist in group 'General'. Have you forgotten to define it in a .material script?
15:18:58: Can't assign material 'RustyBarrel' to SubEntity of 'Ogre/MO9' because this Material does not exist in group 'General'. Have you forgotten to define it in a .material script?
15:18:58: Can't assign material 'RustyBarrel' to SubEntity of 'Ogre/MO11' because this Material does not exist in group 'General'. Have you forgotten to define it in a .material script?
15:18:58: Can't assign material 'RustyBarrel' to SubEntity of 'Ogre/MO13' because this Material does not exist in group 'General'. Have you forgotten to define it in a .material script?
15:18:58: Can't assign material 'RustyBarrel' to SubEntity of 'Ogre/MO14' because this Material does not exist in group 'General'. Have you forgotten to define it in a .material script?
15:18:58: Texture: rockwall.tga: Loading 1 faces(PF_B8G8R8,256x256x1) with 8 hardware generated mipmaps from Image. Internal format is PF_B8G8R8,256x256x1.
15:18:58: Mesh: Loading sphere.mesh.
15:18:58: Texture: checker.png: Loading 1 faces(PF_B8G8R8,128x128x1) with 7 hardware generated mipmaps from Image. Internal format is PF_B8G8R8,128x128x1.
15:18:58: Can't assign material 'RustyBarrel' to SubEntity of 'Ogre/MO19' because this Material does not exist in group 'General'. Have you forgotten to define it in a .material script?
15:18:58: Mesh: Loading ninja.mesh.
15:18:58: Skeleton: Loading ninja.skeleton
15:18:58: Ogre::FileNotFoundException::FileNotFoundException: Cannot locate resource ninja.skeleton in resource group General. in ResourceGroupManager::openResource at d:\fdi\ig2_18_19\ogre-master\ogremain\src\ogreresourcegroupmanager.cpp (line 698)
15:18:58: Error: Unable to load skeleton 'ninja.skeleton' for Mesh 'ninja.mesh'. This Mesh will not be animated. You can ignore this message if you are using an offline tool.
15:18:58: Can't assign material 'Examples/Ninja' to SubEntity of 'Ogre/MO20' because this Material does not exist in group 'General'. Have you forgotten to define it in a .material script?
15:18:58: Can't assign material 'Examples/Ninja' to SubEntity of 'Ogre/MO20' because this Material does not exist in group 'General'. Have you forgotten to define it in a .material script?
15:18:58: Can't assign material 'RustyBarrel' to SubEntity of 'Ogre/MO21' because this Material does not exist in group 'General'. Have you forgotten to define it in a .material script?
15:18:58: Can't assign material 'RustyBarrel' to SubEntity of 'Ogre/MO23' because this Material does not exist in group 'General'. Have you forgotten to define it in a .material script?
15:18:58: Can't assign material 'RustyBarrel' to SubEntity of 'Ogre/MO25' because this Material does not exist in group 'General'. Have you forgotten to define it in a .material script?
15:18:58: Can't assign material 'RustyBarrel' to SubEntity of 'Ogre/MO27' because this Material does not exist in group 'General'. Have you forgotten to define it in a .material script?
15:18:58: Can't assign material 'RustyBarrel' to SubEntity of 'Ogre/MO29' because this Material does not exist in group 'General'. Have you forgotten to define it in a .material script?
15:18:58: Can't assign material 'RustyBarrel' to SubEntity of 'Ogre/MO31' because this Material does not exist in group 'General'. Have you forgotten to define it in a .material script?
15:18:58: Can't assign material 'RustyBarrel' to SubEntity of 'Ogre/MO33' because this Material does not exist in group 'General'. Have you forgotten to define it in a .material script?
15:18:58: Can't assign material 'RustyBarrel' to SubEntity of 'Ogre/MO34' because this Material does not exist in group 'General'. Have you forgotten to define it in a .material script?
15:18:58: Can't assign material 'RustyBarrel' to SubEntity of 'Ogre/MO36' because this Material does not exist in group 'General'. Have you forgotten to define it in a .material script?
15:18:58: Can't assign material 'RustyBarrel' to SubEntity of 'Ogre/MO38' because this Material does not exist in group 'General'. Have you forgotten to define it in a .material script?
15:18:58: Can't assign material 'RustyBarrel' to SubEntity of 'Ogre/MO40' because this Material does not exist in group 'General'. Have you forgotten to define it in a .material script?
15:18:58: Can't assign material 'RustyBarrel' to SubEntity of 'Ogre/MO42' because this Material does not exist in group 'General'. Have you forgotten to define it in a .material script?
15:18:58: Can't assign material 'RustyBarrel' to SubEntity of 'Ogre/MO44' because this Material does not exist in group 'General'. Have you forgotten to define it in a .material script?
15:18:58: Can't assign material 'RustyBarrel' to SubEntity of 'Ogre/MO46' because this Material does not exist in group 'General'. Have you forgotten to define it in a .material script?
15:18:58: Mesh: Loading Sinbad.mesh.
15:18:58: Skeleton: Loading Sinbad.skeleton
15:18:58: Texture: sinbad_body.tga: Loading 1 faces(PF_B8G8R8,512x512x1) with 9 hardware generated mipmaps from Image. Internal format is PF_B8G8R8,512x512x1.
15:18:58: Texture: sinbad_clothes.tga: Loading 1 faces(PF_B8G8R8,512x512x1) with 9 hardware generated mipmaps from Image. Internal format is PF_B8G8R8,512x512x1.
15:18:58: Texture: sinbad_sword.tga: Loading 1 faces(PF_B8G8R8,256x256x1) with 8 hardware generated mipmaps from Image. Internal format is PF_B8G8R8,256x256x1.
15:18:58: Warning: the mesh 'Sinbad.mesh' includes vertices with more than 4 bone assignments. The lowest weighted assignments beyond this limit have been removed, so your animation may look slightly different. To eliminate this, reduce the number of bone assignments per vertex on your mesh to 4.
15:18:58: Texture: Water02.jpg: Loading 1 faces(PF_B8G8R8,512x512x1) with 9 hardware generated mipmaps from Image. Internal format is PF_B8G8R8,512x512x1.
15:18:58: Texture: spotlight_image.png: Loading 1 faces(PF_B8G8R8,128x128x1) with 7 hardware generated mipmaps from Image. Internal format is PF_B8G8R8,128x128x1.
15:18:58: Can't assign material 'RustyBarrel' to SubEntity of 'Ogre/MO52' because this Material does not exist in group 'General'. Have you forgotten to define it in a .material script?
15:18:58: 'Ogre/ShadowExtrudePointLight' WARNING: 0:2: '' :  #version directive missing


15:18:58: 'Ogre/ShadowExtrudeDirLight' WARNING: 0:2: '' :  #version directive missing


15:18:58: 'Ogre/ShadowExtrudePointLightFinite' WARNING: 0:2: '' :  #version directive missing


15:18:58: 'Ogre/ShadowExtrudeDirLightFinite' WARNING: 0:2: '' :  #version directive missing


15:18:58: 'Ogre/ShadowBlendVP' WARNING: 0:1: '' :  #version directive missing


15:18:58: 'Ogre/ShadowBlendFP' WARNING: 0:1: '' :  #version directive missing


15:18:58: 'Ogre/ShadowFrgProgram' WARNING: 0:1: '' :  #version directive missing


15:18:58: Texture: spot_shadow_fade.png: Loading 1 faces(PF_B8G8R8,128x128x1) with 7 hardware generated mipmaps from Image. Internal format is PF_B8G8R8,128x128x1.
15:18:58: Font SdkTrays/Caption using texture size 256x256
15:18:58: Texture: SdkTrays/CaptionTexture: Loading 1 faces(PF_BYTE_LA,256x256x1) Internal format is PF_BYTE_LA,256x256x1.
15:18:58: Font SdkTrays/Value using texture size 512x256
15:18:58: Texture: SdkTrays/ValueTexture: Loading 1 faces(PF_BYTE_LA,512x256x1) Internal format is PF_BYTE_LA,512x256x1.
15:19:20: Unregistering ResourceManager for type Font
15:19:20: DefaultWorkQueue('Root') shutting down on thread 7356.
15:19:20: DefaultWorkQueue('Root')::WorkerFunc - thread 16880 stopped.
15:19:20: DefaultWorkQueue('Root')::WorkerFunc - thread 15668 stopped.
15:19:20: DefaultWorkQueue('Root')::WorkerFunc - thread 18856 stopped.
15:19:20: DefaultWorkQueue('Root')::WorkerFunc - thread 2008 stopped.
15:19:20: DefaultWorkQueue('Root')::WorkerFunc - thread 2072 stopped.
15:19:20: DefaultWorkQueue('Root')::WorkerFunc - thread 21276 stopped.
15:19:20: DefaultWorkQueue('Root')::WorkerFunc - thread 20584 stopped.
15:19:20: DefaultWorkQueue('Root')::WorkerFunc - thread 11032 stopped.
15:19:20: DefaultWorkQueue('Root')::WorkerFunc - thread 15592 stopped.
15:19:20: DefaultWorkQueue('Root')::WorkerFunc - thread 9484 stopped.
15:19:20: DefaultWorkQueue('Root')::WorkerFunc - thread 10768 stopped.
15:19:20: DefaultWorkQueue('Root')::WorkerFunc - thread 20268 stopped.
15:19:20: PCZone Factory Type 'ZoneType_Octree' unregistered
15:19:20: *-*-* OGRE Shutdown
15:19:20: Unregistering ResourceManager for type Compositor
15:19:20: Uninstalling plugin: Octree Scene Manager
15:19:20: Plugin successfully uninstalled
15:19:20: Unloading library C:/Users/felip/OneDrive/Desktop/Programas/Repositorios/IG-II/Practica 1.5/bin/.\Plugin_OctreeSceneManager
15:19:20: Uninstalling plugin: Octree Zone Factory
15:19:20: Plugin successfully uninstalled
15:19:20: Unloading library C:/Users/felip/OneDrive/Desktop/Programas/Repositorios/IG-II/Practica 1.5/bin/.\Plugin_OctreeZone
15:19:20: Uninstalling plugin: Portal Connected Zone Scene Manager
15:19:20: Plugin successfully uninstalled
15:19:20: Unloading library C:/Users/felip/OneDrive/Desktop/Programas/Repositorios/IG-II/Practica 1.5/bin/.\Plugin_PCZSceneManager
15:19:20: Unloading library C:/Users/felip/OneDrive/Desktop/Programas/Repositorios/IG-II/Practica 1.5/bin/.\Codec_STBI
15:19:20: Uninstalling plugin: BSP Scene Manager
15:19:20: Plugin successfully uninstalled
15:19:20: Unloading library C:/Users/felip/OneDrive/Desktop/Programas/Repositorios/IG-II/Practica 1.5/bin/.\Plugin_BSPSceneManager
15:19:20: Uninstalling plugin: ParticleFX
15:19:20: Plugin successfully uninstalled
15:19:20: Unloading library C:/Users/felip/OneDrive/Desktop/Programas/Repositorios/IG-II/Practica 1.5/bin/.\Plugin_ParticleFX
15:19:20: Uninstalling plugin: GL 3+ RenderSystem
15:19:20: *** Stopping Win32GL Subsystem ***
15:19:20: Plugin successfully uninstalled
15:19:20: Unloading library C:/Users/felip/OneDrive/Desktop/Programas/Repositorios/IG-II/Practica 1.5/bin/.\RenderSystem_GL3Plus
15:19:20: Uninstalling plugin: GL RenderSystem
15:19:20: Unregistering ResourceManager for type GpuProgram
15:19:20: *** Stopping Win32GL Subsystem ***
15:19:20: Unregistering ResourceManager for type Texture
15:19:20: Plugin successfully uninstalled
15:19:20: Unloading library C:/Users/felip/OneDrive/Desktop/Programas/Repositorios/IG-II/Practica 1.5/bin/.\RenderSystem_GL
15:19:20: Unregistering ResourceManager for type Skeleton
15:19:20: Unregistering ResourceManager for type Mesh
15:19:20: Unregistering ResourceManager for type HighLevelGpuProgram
15:19:20: Unregistering ResourceManager for type Material
