12:38:36: Creating resource group General
12:38:36: Creating resource group OgreInternal
12:38:36: Creating resource group OgreAutodetect
12:38:36: SceneManagerFactory for type 'DefaultSceneManager' registered.
12:38:36: Registering ResourceManager for type Material
12:38:36: Registering ResourceManager for type Mesh
12:38:36: Registering ResourceManager for type Skeleton
12:38:36: MovableObjectFactory for type 'ParticleSystem' registered.
12:38:36: ArchiveFactory for archive type FileSystem registered.
12:38:36: ArchiveFactory for archive type Zip registered.
12:38:36: ArchiveFactory for archive type EmbeddedZip registered.
12:38:36: DDS codec registering
12:38:36: ETC codec registering
12:38:36: Registering ResourceManager for type HighLevelGpuProgram
12:38:36: Registering ResourceManager for type Compositor
12:38:36: MovableObjectFactory for type 'Entity' registered.
12:38:36: MovableObjectFactory for type 'Light' registered.
12:38:36: MovableObjectFactory for type 'BillboardSet' registered.
12:38:36: MovableObjectFactory for type 'ManualObject' registered.
12:38:36: MovableObjectFactory for type 'BillboardChain' registered.
12:38:36: MovableObjectFactory for type 'RibbonTrail' registered.
12:38:36: Loading library D:/Uni/3º V/IG II/IG-II/Practica 2.0/bin/.\RenderSystem_GL
12:38:36: Installing plugin: GL RenderSystem
12:38:36: OpenGL Rendering Subsystem created.
12:38:37: Plugin successfully installed
12:38:37: Loading library D:/Uni/3º V/IG II/IG-II/Practica 2.0/bin/.\RenderSystem_GL3Plus
12:38:37: Installing plugin: GL 3+ RenderSystem
12:38:37: OpenGL 3+ Rendering Subsystem created.
12:38:37: Plugin successfully installed
12:38:37: Loading library D:/Uni/3º V/IG II/IG-II/Practica 2.0/bin/.\Plugin_ParticleFX
12:38:37: Installing plugin: ParticleFX
12:38:37: Particle Emitter Type 'Point' registered
12:38:37: Particle Emitter Type 'Box' registered
12:38:37: Particle Emitter Type 'Ellipsoid' registered
12:38:37: Particle Emitter Type 'Cylinder' registered
12:38:37: Particle Emitter Type 'Ring' registered
12:38:37: Particle Emitter Type 'HollowEllipsoid' registered
12:38:37: Particle Affector Type 'LinearForce' registered
12:38:37: Particle Affector Type 'ColourFader' registered
12:38:37: Particle Affector Type 'ColourFader2' registered
12:38:37: Particle Affector Type 'ColourImage' registered
12:38:37: Particle Affector Type 'ColourInterpolator' registered
12:38:37: Particle Affector Type 'Scaler' registered
12:38:37: Particle Affector Type 'Rotator' registered
12:38:37: Particle Affector Type 'DirectionRandomiser' registered
12:38:37: Particle Affector Type 'DeflectorPlane' registered
12:38:37: Plugin successfully installed
12:38:37: Loading library D:/Uni/3º V/IG II/IG-II/Practica 2.0/bin/.\Plugin_BSPSceneManager
12:38:37: Installing plugin: BSP Scene Manager
12:38:37: Plugin successfully installed
12:38:37: Loading library D:/Uni/3º V/IG II/IG-II/Practica 2.0/bin/.\Codec_STBI
12:38:37: stb_image - v2.19 - public domain JPEG/PNG reader
12:38:37: Supported formats: jpeg,jpg,png,bmp,psd,tga,gif,pic,ppm,pgm,hdr
12:38:37: Loading library D:/Uni/3º V/IG II/IG-II/Practica 2.0/bin/.\Plugin_PCZSceneManager
12:38:37: Installing plugin: Portal Connected Zone Scene Manager
12:38:37: PCZone Factory Type 'ZoneType_Default' registered
12:38:37: Plugin successfully installed
12:38:37: Loading library D:/Uni/3º V/IG II/IG-II/Practica 2.0/bin/.\Plugin_OctreeZone
12:38:37: Installing plugin: Octree Zone Factory
12:38:37: Plugin successfully installed
12:38:37: Loading library D:/Uni/3º V/IG II/IG-II/Practica 2.0/bin/.\Plugin_OctreeSceneManager
12:38:37: Installing plugin: Octree Scene Manager
12:38:37: Plugin successfully installed
12:38:37: *-*-* OGRE Initialising
12:38:37: *-*-* Version 1.11.2 (Rhagorthua)
12:38:37: OverlayElementFactory for type Panel registered.
12:38:37: OverlayElementFactory for type BorderPanel registered.
12:38:37: OverlayElementFactory for type TextArea registered.
12:38:37: Registering ResourceManager for type Font
12:38:37: CPU Identifier & Features
12:38:37: -------------------------
12:38:37:  *   CPU ID: GenuineIntel: Intel(R) Core(TM) i7-8750H CPU @ 2.20GHz
12:38:37:  *          SSE: yes
12:38:37:  *         SSE2: yes
12:38:37:  *         SSE3: yes
12:38:37:  *        SSE41: yes
12:38:37:  *        SSE42: yes
12:38:37:  *          MMX: yes
12:38:37:  *       MMXEXT: yes
12:38:37:  *        3DNOW: no
12:38:37:  *     3DNOWEXT: no
12:38:37:  *         CMOV: yes
12:38:37:  *          TSC: yes
12:38:37:  *INVARIANT TSC: yes
12:38:37:  *          FPU: yes
12:38:37:  *          PRO: yes
12:38:37:  *           HT: no
12:38:37: -------------------------
12:38:37: *** Starting Win32GL Subsystem ***
12:38:37: Registering ResourceManager for type Texture
12:38:37: GLRenderSystem::_createRenderWindow "IG2App", 1024x768 windowed  miscParams: FSAA=0 externalWindowHandle=7145792 gamma=No vsync=Yes 
12:38:37: Supported WGL extensions: WGL_EXT_depth_float WGL_ARB_buffer_region WGL_ARB_extensions_string WGL_ARB_make_current_read WGL_ARB_pixel_format WGL_ARB_pbuffer WGL_EXT_extensions_string WGL_EXT_swap_control WGL_ARB_multisample WGL_ARB_pixel_format_float WGL_ARB_framebuffer_sRGB WGL_ARB_create_context WGL_ARB_create_context_profile WGL_EXT_pixel_format_packed_float WGL_EXT_create_context_es_profile WGL_EXT_create_context_es2_profile WGL_NV_DX_interop WGL_WGL_INTEL_cl_sharing WGL_NV_DX_interop2 WGL_ARB_create_context_robustness WGL_ARB_context_flush_control 
12:38:37: GL_VERSION = 4.5.0 - Build 24.20.100.6292
12:38:37: GL_VENDOR = Intel
12:38:37: GL_RENDERER = Intel(R) UHD Graphics 630
12:38:37: GL_EXTENSIONS = GL_3DFX_texture_compression_FXT1 GL_AMD_depth_clamp_separate GL_AMD_vertex_shader_layer GL_AMD_vertex_shader_viewport_index GL_ARB_ES2_compatibility GL_ARB_ES3_1_compatibility GL_ARB_ES3_compatibility GL_ARB_arrays_of_arrays GL_ARB_base_instance GL_ARB_bindless_texture GL_ARB_blend_func_extended GL_ARB_buffer_storage GL_ARB_cl_event GL_ARB_clear_buffer_object GL_ARB_clear_texture GL_ARB_clip_control GL_ARB_color_buffer_float GL_ARB_compatibility GL_ARB_compressed_texture_pixel_storage GL_ARB_compute_shader GL_ARB_conditional_render_inverted GL_ARB_conservative_depth GL_ARB_copy_buffer GL_ARB_copy_image GL_ARB_cull_distance GL_ARB_debug_output GL_ARB_depth_buffer_float GL_ARB_depth_clamp GL_ARB_depth_texture GL_ARB_derivative_control GL_ARB_direct_state_access GL_ARB_draw_buffers GL_ARB_draw_buffers_blend GL_ARB_draw_elements_base_vertex GL_ARB_draw_indirect GL_ARB_draw_instanced GL_ARB_enhanced_layouts GL_ARB_explicit_attrib_location GL_ARB_explicit_uniform_location GL_ARB_fragment_coord_conventions GL_ARB_fragment_layer_viewport GL_ARB_fragment_program GL_ARB_fragment_program_shadow GL_ARB_fragment_shader GL_ARB_fragment_shader_interlock GL_ARB_framebuffer_no_attachments GL_ARB_framebuffer_object GL_ARB_framebuffer_sRGB GL_ARB_geometry_shader4 GL_ARB_get_program_binary GL_ARB_get_texture_sub_image GL_ARB_gpu_shader5 GL_ARB_gpu_shader_fp64 GL_ARB_half_float_pixel GL_ARB_half_float_vertex GL_ARB_indirect_parameters GL_ARB_instanced_arrays GL_ARB_internalformat_query GL_ARB_internalformat_query2 GL_ARB_invalidate_subdata GL_ARB_map_buffer_alignment GL_ARB_map_buffer_range GL_ARB_multi_bind GL_ARB_multi_draw_indirect GL_ARB_multisample GL_ARB_multitexture GL_ARB_occlusion_query GL_ARB_occlusion_query2 GL_ARB_pixel_buffer_object GL_ARB_point_parameters GL_ARB_point_sprite GL_ARB_polygon_offset_clamp GL_ARB_post_depth_coverage GL_ARB_program_interface_query GL_ARB_provoking_vertex GL_ARB_query_buffer_object GL_ARB_robust_buffer_access_behavior GL_ARB_robustness GL_ARB_robustness_isolation GL_ARB_sample_shading GL_ARB_sampler_objects GL_ARB_seamless_cube_map GL_ARB_seamless_cubemap_per_texture GL_ARB_separate_shader_objects GL_ARB_shader_atomic_counter_ops GL_ARB_shader_atomic_counters GL_ARB_shader_bit_encoding GL_ARB_shader_draw_parameters GL_ARB_shader_group_vote GL_ARB_shader_image_load_store GL_ARB_shader_image_size GL_ARB_shader_objects GL_ARB_shader_precision GL_ARB_shader_stencil_export GL_ARB_shader_storage_buffer_object GL_ARB_shader_subroutine GL_ARB_shader_texture_image_samples GL_ARB_shading_language_100 GL_ARB_shading_language_420pack GL_ARB_shading_language_packing GL_ARB_shadow GL_ARB_stencil_texturing GL_ARB_sync GL_ARB_tessellation_shader GL_ARB_texture_barrier GL_ARB_texture_border_clamp GL_ARB_texture_buffer_object GL_ARB_texture_buffer_object_rgb32 GL_ARB_texture_buffer_range GL_ARB_texture_compression GL_ARB_texture_compression_bptc GL_ARB_texture_compression_rgtc GL_ARB_texture_cube_map GL_ARB_texture_cube_map_array GL_ARB_texture_env_add GL_ARB_texture_env_combine GL_ARB_texture_env_crossbar GL_ARB_texture_env_dot3 GL_ARB_texture_float GL_ARB_texture_gather GL_ARB_texture_mirror_clamp_to_edge GL_ARB_texture_mirrored_repeat GL_ARB_texture_multisample GL_ARB_texture_non_power_of_two GL_ARB_texture_query_levels GL_ARB_texture_query_lod GL_ARB_texture_rectangle GL_ARB_texture_rg GL_ARB_texture_rgb10_a2ui GL_ARB_texture_stencil8 GL_ARB_texture_storage GL_ARB_texture_storage_multisample GL_ARB_texture_swizzle GL_ARB_texture_view GL_ARB_timer_query GL_ARB_transform_feedback2 GL_ARB_transform_feedback3 GL_ARB_transform_feedback_instanced GL_ARB_transpose_matrix GL_ARB_uniform_buffer_object GL_ARB_vertex_array_bgra GL_ARB_vertex_array_object GL_ARB_vertex_attrib_64bit GL_ARB_vertex_attrib_binding GL_ARB_vertex_buffer_object GL_ARB_vertex_program GL_ARB_vertex_shader GL_ARB_vertex_type_10f_11f_11f_rev GL_ARB_vertex_type_2_10_10_10_rev GL_ARB_viewport_array GL_ARB_window_pos GL_ATI_separate_stencil GL_EXT_abgr GL_EXT_bgra GL_EXT_blend_color GL_EXT_blend_equation_separate GL_EXT_blend_func_separate GL_EXT_blend_minmax GL_EXT_blend_subtract GL_EXT_clip_volume_hint GL_EXT_compiled_vertex_array GL_EXT_direct_state_access GL_EXT_draw_buffers2 GL_EXT_draw_range_elements GL_EXT_fog_coord GL_EXT_framebuffer_blit GL_EXT_framebuffer_multisample GL_EXT_framebuffer_object GL_EXT_geometry_shader4 GL_EXT_gpu_program_parameters GL_EXT_gpu_shader4 GL_EXT_multi_draw_arrays GL_EXT_packed_depth_stencil GL_EXT_packed_float GL_EXT_packed_pixels GL_EXT_polygon_offset_clamp GL_EXT_rescale_normal GL_EXT_secondary_color GL_EXT_separate_specular_color GL_EXT_shader_framebuffer_fetch GL_EXT_shader_integer_mix GL_EXT_shadow_funcs GL_EXT_stencil_two_side GL_EXT_stencil_wrap GL_EXT_texture3D GL_EXT_texture_array GL_EXT_texture_compression_s3tc GL_EXT_texture_edge_clamp GL_EXT_texture_env_add GL_EXT_texture_env_combine GL_EXT_texture_filter_anisotropic GL_EXT_texture_integer GL_EXT_texture_lod_bias GL_EXT_texture_rectangle GL_EXT_texture_sRGB GL_EXT_texture_sRGB_decode GL_EXT_texture_shared_exponent GL_EXT_texture_snorm GL_EXT_texture_storage GL_EXT_texture_swizzle GL_EXT_timer_query GL_EXT_transform_feedback GL_IBM_texture_mirrored_repeat GL_INTEL_conservative_rasterization GL_INTEL_fragment_shader_ordering GL_INTEL_framebuffer_CMAA GL_INTEL_map_texture GL_INTEL_multi_rate_fragment_shader GL_INTEL_performance_query GL_KHR_blend_equation_advanced GL_KHR_blend_equation_advanced_coherent GL_KHR_context_flush_control GL_KHR_debug GL_KHR_texture_compression_astc_hdr GL_KHR_texture_compression_astc_ldr GL_NV_blend_square GL_NV_conditional_render GL_NV_primitive_restart GL_NV_texgen_reflection GL_SGIS_generate_mipmap GL_SGIS_texture_edge_clamp GL_SGIS_texture_lod GL_SUN_multi_draw_arrays GL_WIN_swap_hint WGL_EXT_swap_control
12:38:37: ***************************
12:38:37: *** GL Renderer Started ***
12:38:37: ***************************
12:38:37: Registering ResourceManager for type GpuProgram
12:38:37: GLSL support detected
12:38:37: GL: Using GL_EXT_framebuffer_object for rendering to textures (best)
12:38:37: FBO PF_UNKNOWN depth/stencil support: D0S1 D0S4 D0S8 D0S16 D16S0 D16S1 D16S4 D16S8 D16S16 D24S0 D24S1 D24S4 D24S8 D24S16 D32S0 D32S1 D32S4 D32S8 D32S16 Packed-D24S8 
12:38:37: FBO PF_A8 depth/stencil support: D0S0 D0S1 D0S4 D0S8 D0S16 D16S0 D16S1 D16S4 D16S8 D16S16 D24S0 D24S1 D24S4 D24S8 D24S16 D32S0 D32S1 D32S4 D32S8 D32S16 Packed-D24S8 
12:38:37: FBO PF_R5G6B5 depth/stencil support: D0S0 D0S1 D0S4 D0S8 D0S16 D16S0 D16S1 D16S4 D16S8 D16S16 D24S0 D24S1 D24S4 D24S8 D24S16 D32S0 D32S1 D32S4 D32S8 D32S16 Packed-D24S8 
12:38:37: FBO PF_B5G6R5 depth/stencil support: D0S0 D0S1 D0S4 D0S8 D0S16 D16S0 D16S1 D16S4 D16S8 D16S16 D24S0 D24S1 D24S4 D24S8 D24S16 D32S0 D32S1 D32S4 D32S8 D32S16 Packed-D24S8 
12:38:37: FBO PF_A4R4G4B4 depth/stencil support: D0S0 D0S1 D0S4 D0S8 D0S16 D16S0 D16S1 D16S4 D16S8 D16S16 D24S0 D24S1 D24S4 D24S8 D24S16 D32S0 D32S1 D32S4 D32S8 D32S16 Packed-D24S8 
12:38:37: FBO PF_A1R5G5B5 depth/stencil support: D0S0 D0S1 D0S4 D0S8 D0S16 D16S0 D16S1 D16S4 D16S8 D16S16 D24S0 D24S1 D24S4 D24S8 D24S16 D32S0 D32S1 D32S4 D32S8 D32S16 Packed-D24S8 
12:38:37: FBO PF_R8G8B8 depth/stencil support: D0S0 D0S1 D0S4 D0S8 D0S16 D16S0 D16S1 D16S4 D16S8 D16S16 D24S0 D24S1 D24S4 D24S8 D24S16 D32S0 D32S1 D32S4 D32S8 D32S16 Packed-D24S8 
12:38:37: FBO PF_B8G8R8 depth/stencil support: D0S0 D0S1 D0S4 D0S8 D0S16 D16S0 D16S1 D16S4 D16S8 D16S16 D24S0 D24S1 D24S4 D24S8 D24S16 D32S0 D32S1 D32S4 D32S8 D32S16 Packed-D24S8 
12:38:37: FBO PF_A8R8G8B8 depth/stencil support: D0S0 D0S1 D0S4 D0S8 D0S16 D16S0 D16S1 D16S4 D16S8 D16S16 D24S0 D24S1 D24S4 D24S8 D24S16 D32S0 D32S1 D32S4 D32S8 D32S16 Packed-D24S8 
12:38:37: FBO PF_A8B8G8R8 depth/stencil support: D0S0 D0S1 D0S4 D0S8 D0S16 D16S0 D16S1 D16S4 D16S8 D16S16 D24S0 D24S1 D24S4 D24S8 D24S16 D32S0 D32S1 D32S4 D32S8 D32S16 Packed-D24S8 
12:38:37: FBO PF_B8G8R8A8 depth/stencil support: D0S0 D0S1 D0S4 D0S8 D0S16 D16S0 D16S1 D16S4 D16S8 D16S16 D24S0 D24S1 D24S4 D24S8 D24S16 D32S0 D32S1 D32S4 D32S8 D32S16 Packed-D24S8 
12:38:37: FBO PF_FLOAT16_RGB depth/stencil support: D0S0 D0S1 D0S4 D0S8 D0S16 D16S0 D16S1 D16S4 D16S8 D16S16 D24S0 D24S1 D24S4 D24S8 D24S16 D32S0 D32S1 D32S4 D32S8 D32S16 Packed-D24S8 
12:38:37: FBO PF_FLOAT16_RGBA depth/stencil support: D0S0 D0S1 D0S4 D0S8 D0S16 D16S0 D16S1 D16S4 D16S8 D16S16 D24S0 D24S1 D24S4 D24S8 D24S16 D32S0 D32S1 D32S4 D32S8 D32S16 Packed-D24S8 
12:38:37: FBO PF_FLOAT32_RGB depth/stencil support: D0S0 D0S1 D0S4 D0S8 D0S16 D16S0 D16S1 D16S4 D16S8 D16S16 D24S0 D24S1 D24S4 D24S8 D24S16 D32S0 D32S1 D32S4 D32S8 D32S16 Packed-D24S8 
12:38:37: FBO PF_FLOAT32_RGBA depth/stencil support: D0S0 D0S1 D0S4 D0S8 D0S16 D16S0 D16S1 D16S4 D16S8 D16S16 D24S0 D24S1 D24S4 D24S8 D24S16 D32S0 D32S1 D32S4 D32S8 D32S16 Packed-D24S8 
12:38:37: FBO PF_X8R8G8B8 depth/stencil support: D0S0 D0S1 D0S4 D0S8 D0S16 D16S0 D16S1 D16S4 D16S8 D16S16 D24S0 D24S1 D24S4 D24S8 D24S16 D32S0 D32S1 D32S4 D32S8 D32S16 Packed-D24S8 
12:38:37: FBO PF_X8B8G8R8 depth/stencil support: D0S0 D0S1 D0S4 D0S8 D0S16 D16S0 D16S1 D16S4 D16S8 D16S16 D24S0 D24S1 D24S4 D24S8 D24S16 D32S0 D32S1 D32S4 D32S8 D32S16 Packed-D24S8 
12:38:37: FBO PF_R8G8B8A8 depth/stencil support: D0S0 D0S1 D0S4 D0S8 D0S16 D16S0 D16S1 D16S4 D16S8 D16S16 D24S0 D24S1 D24S4 D24S8 D24S16 D32S0 D32S1 D32S4 D32S8 D32S16 Packed-D24S8 
12:38:37: FBO PF_SHORT_RGBA depth/stencil support: D0S0 D0S1 D0S4 D0S8 D0S16 D16S0 D16S1 D16S4 D16S8 D16S16 D24S0 D24S1 D24S4 D24S8 D24S16 D32S0 D32S1 D32S4 D32S8 D32S16 Packed-D24S8 
12:38:37: FBO PF_R3G3B2 depth/stencil support: D0S0 D0S1 D0S4 D0S8 D0S16 D16S0 D16S1 D16S4 D16S8 D16S16 D24S0 D24S1 D24S4 D24S8 D24S16 D32S0 D32S1 D32S4 D32S8 D32S16 Packed-D24S8 
12:38:37: FBO PF_SHORT_RGB depth/stencil support: D0S0 D0S1 D0S4 D0S8 D0S16 D16S0 D16S1 D16S4 D16S8 D16S16 D24S0 D24S1 D24S4 D24S8 D24S16 D32S0 D32S1 D32S4 D32S8 D32S16 Packed-D24S8 
12:38:37: [GL] : Valid FBO targets PF_UNKNOWN PF_A8 PF_R5G6B5 PF_B5G6R5 PF_A4R4G4B4 PF_A1R5G5B5 PF_R8G8B8 PF_B8G8R8 PF_A8R8G8B8 PF_A8B8G8R8 PF_B8G8R8A8 PF_FLOAT16_RGB PF_FLOAT16_RGBA PF_FLOAT32_RGB PF_FLOAT32_RGBA PF_X8R8G8B8 PF_X8B8G8R8 PF_R8G8B8A8 PF_SHORT_RGBA PF_R3G3B2 PF_SHORT_RGB 
12:38:37: RenderSystem capabilities
12:38:37: -------------------------
12:38:37: RenderSystem Name: OpenGL Rendering Subsystem
12:38:37: GPU Vendor: intel
12:38:37: Device Name: Intel(R) UHD Graphics 630
12:38:37: Driver Version: 4.5.0.0
12:38:37:  * Fixed function pipeline: yes
12:38:37:  * Anisotropic texture filtering: yes
12:38:37:  * Cube mapping: yes
12:38:37:  * Hardware stencil buffer: yes
12:38:37:    - Stencil depth: 8
12:38:37:    - Two sided stencil support: yes
12:38:37:    - Wrap stencil values: yes
12:38:37:  * 32-bit index buffers: yes
12:38:37:  * Vertex programs: yes
12:38:37:  * Number of floating-point constants for vertex programs: 256
12:38:37:  * Number of integer constants for vertex programs: 0
12:38:37:  * Number of boolean constants for vertex programs: 0
12:38:37:  * Fragment programs: yes
12:38:37:  * Number of floating-point constants for fragment programs: 256
12:38:37:  * Number of integer constants for fragment programs: 0
12:38:37:  * Number of boolean constants for fragment programs: 0
12:38:37:  * Geometry programs: yes
12:38:37:  * Number of floating-point constants for geometry programs: 4096
12:38:37:  * Number of integer constants for geometry programs: 0
12:38:37:  * Number of boolean constants for geometry programs: 0
12:38:37:  * Tessellation Hull programs: no
12:38:37:  * Number of floating-point constants for tessellation hull programs: 0
12:38:37:  * Number of integer constants for tessellation hull programs: 0
12:38:37:  * Number of boolean constants for tessellation hull programs: 0
12:38:37:  * Tessellation Domain programs: no
12:38:37:  * Number of floating-point constants for tessellation domain programs: 0
12:38:37:  * Number of integer constants for tessellation domain programs: 0
12:38:37:  * Number of boolean constants for tessellation domain programs: 0
12:38:37:  * Compute programs: no
12:38:37:  * Number of floating-point constants for compute programs: 0
12:38:37:  * Number of integer constants for compute programs: 0
12:38:37:  * Number of boolean constants for compute programs: 0
12:38:37:  * Supported Shader Profiles: arbfp1 arbvp1 glsl glsl100 glsl110 glsl120
12:38:37:  * Texture Compression: yes
12:38:37:    - DXT: yes
12:38:37:    - VTC: no
12:38:37:    - PVRTC: no
12:38:37:    - ATC: no
12:38:37:    - ETC1: no
12:38:37:    - ETC2: no
12:38:37:    - BC4/BC5: no
12:38:37:    - BC6H/BC7: no
12:38:37:    - ASTC: no
12:38:37:    - Mipmaps for compressed formats: yes
12:38:37:  * Hardware Occlusion Query: yes
12:38:37:  * User clip planes: yes
12:38:37:  * VET_UBYTE4 vertex element type: yes
12:38:37:  * Infinite far plane projection: yes
12:38:37:  * Hardware render-to-texture: yes
12:38:37:  * Floating point textures: yes
12:38:37:  * Non-power-of-two textures: yes
12:38:37:  * 1d textures: yes
12:38:37:  * Volume textures: yes
12:38:37:  * Multiple Render Targets: 8
12:38:37:    - With different bit depths: yes
12:38:37:  * Point Sprites: yes
12:38:37:  * Wide Lines: yes
12:38:37:  * Hardware Gamma: yes
12:38:37:  * Extended point parameters: yes
12:38:37:  * Max Point Size: 255
12:38:37:  * Vertex texture fetch: yes
12:38:37:  * Number of texture units: 16
12:38:37:  * Number of vertex attributes: 16
12:38:37:  * Stencil buffer depth: 8
12:38:37:  * Number of vertex blend matrices: 0
12:38:37:    - Max vertex textures: 32
12:38:37:    - Vertex textures shared: yes
12:38:37:  * Render to Vertex Buffer : no
12:38:37:  * Hardware Atomic Counters: no
12:38:37:  * PBuffer support: yes
12:38:37:  * Vertex Array Objects: no
12:38:37:  * Separate shader objects: no
12:38:37:  * GLSL SSO redeclare interface block: no
12:38:37:  * Debugging/ profiling events: no
12:38:37:  * Map buffer storage: yes
12:38:37: DefaultWorkQueue('Root') initialising on thread 3572.
12:38:37: DefaultWorkQueue('Root')::WorkerFunc - thread 11308 starting.
12:38:37: DefaultWorkQueue('Root')::WorkerFunc - thread 18220 starting.
12:38:37: DefaultWorkQueue('Root')::WorkerFunc - thread 21996 starting.
12:38:37: DefaultWorkQueue('Root')::WorkerFunc - thread 24416 starting.
12:38:37: DefaultWorkQueue('Root')::WorkerFunc - thread 17708 starting.
12:38:37: DefaultWorkQueue('Root')::WorkerFunc - thread 15200 starting.
12:38:37: DefaultWorkQueue('Root')::WorkerFunc - thread 19384 starting.
12:38:37: DefaultWorkQueue('Root')::WorkerFunc - thread 21880 starting.
12:38:37: DefaultWorkQueue('Root')::WorkerFunc - thread 21892 starting.
12:38:37: DefaultWorkQueue('Root')::WorkerFunc - thread 10080 starting.
12:38:37: DefaultWorkQueue('Root')::WorkerFunc - thread 13896 starting.
12:38:37: Particle Renderer Type 'billboard' registered
12:38:37: DefaultWorkQueue('Root')::WorkerFunc - thread 21304 starting.
12:38:37: SceneManagerFactory for type 'BspSceneManager' registered.
12:38:37: Registering SceneLoader Q3BSP
12:38:37: SceneManagerFactory for type 'PCZSceneManager' registered.
12:38:37: MovableObjectFactory for type 'PCZLight' registered.
12:38:37: MovableObjectFactory for type 'Portal' registered.
12:38:37: MovableObjectFactory for type 'AntiPortal' registered.
12:38:37: PCZone Factory Type 'ZoneType_Octree' registered
12:38:37: SceneManagerFactory for type 'OctreeSceneManager' registered.
12:38:37: Creating resource group Essential
12:38:37: Added resource location '../Media/thumbnails' of type 'FileSystem' to resource group 'Essential'
12:38:37: Added resource location '../Media/packs/SdkTrays.zip' of type 'Zip' to resource group 'Essential'
12:38:37: Added resource location '../Media/packs/profiler.zip' of type 'Zip' to resource group 'Essential'
12:38:37: Added resource location '../Media' of type 'FileSystem' to resource group 'General'
12:38:37: Added resource location '../Media/fonts' of type 'FileSystem' to resource group 'General'
12:38:37: Added resource location '../Media/materials/programs' of type 'FileSystem' to resource group 'General'
12:38:37: Added resource location '../Media/IG2App' of type 'FileSystem' to resource group 'General'
12:38:37: Added resource location '../Media/packs/ogredance.zip' of type 'Zip' to resource group 'General'
12:38:37: Added resource location '../Media/packs/Sinbad.zip' of type 'Zip' to resource group 'General'
12:38:37: Added resource location '../Media/materials/programs/GLSL120' of type 'FileSystem' to resource group 'General'
12:38:37: Added resource location '../Media/materials/programs/GLSL' of type 'FileSystem' to resource group 'General'
12:38:37: Added resource location '../Media/RTShaderLib/materials' of type 'FileSystem' to resource group 'General'
12:38:37: Added resource location '../Media/RTShaderLib/GLSL' of type 'FileSystem' to resource group 'General'
12:38:37: Parsing scripts for resource group Essential
12:38:37: Parsing script SdkTrays.material
12:38:37: Parsing script OgreProfiler.material
12:38:37: Parsing script SdkTrays.fontdef
12:38:37: Parsing script SdkTrays.overlay
12:38:37: Texture: sdk_cursor.png: Loading 1 faces(PF_A8B8G8R8,32x32x1) with 5 hardware generated mipmaps from Image. Internal format is PF_A8B8G8R8,32x32x1.
12:38:37: Texture: sdk_tray.png: Loading 1 faces(PF_A8B8G8R8,64x64x1) with 6 hardware generated mipmaps from Image. Internal format is PF_A8B8G8R8,64x64x1.
12:38:37: Texture: sdk_button_up.png: Loading 1 faces(PF_A8B8G8R8,128x32x1) with 7 hardware generated mipmaps from Image. Internal format is PF_A8B8G8R8,128x32x1.
12:38:37: Texture: sdk_text_box.png: Loading 1 faces(PF_A8B8G8R8,32x32x1) with 5 hardware generated mipmaps from Image. Internal format is PF_A8B8G8R8,32x32x1.
12:38:37: Texture: sdk_mini_tray.png: Loading 1 faces(PF_A8B8G8R8,32x32x1) with 5 hardware generated mipmaps from Image. Internal format is PF_A8B8G8R8,32x32x1.
12:38:37: Texture: sdk_track.png: Loading 1 faces(PF_A8B8G8R8,16x32x1) with 5 hardware generated mipmaps from Image. Internal format is PF_A8B8G8R8,16x32x1.
12:38:37: Texture: sdk_handle.png: Loading 1 faces(PF_A8B8G8R8,16x16x1) with 4 hardware generated mipmaps from Image. Internal format is PF_A8B8G8R8,16x16x1.
12:38:37: Texture: sdk_mini_text_box.png: Loading 1 faces(PF_A8B8G8R8,32x32x1) with 5 hardware generated mipmaps from Image. Internal format is PF_A8B8G8R8,32x32x1.
12:38:37: Texture: sdk_label.png: Loading 1 faces(PF_A8B8G8R8,32x32x1) with 5 hardware generated mipmaps from Image. Internal format is PF_A8B8G8R8,32x32x1.
12:38:37: Texture: sdk_separator.png: Loading 1 faces(PF_A8B8G8R8,64x16x1) with 6 hardware generated mipmaps from Image. Internal format is PF_A8B8G8R8,64x16x1.
12:38:37: Texture: sdk_logo.png: Loading 1 faces(PF_A8B8G8R8,128x64x1) with 7 hardware generated mipmaps from Image. Internal format is PF_A8B8G8R8,128x64x1.
12:38:37: Texture: sdk_shade.png: Loading 1 faces(PF_A8B8G8R8,64x48x1) with 6 hardware generated mipmaps from Image. Internal format is PF_A8B8G8R8,64x48x1.
12:38:37: Texture: sdk_frame.png: Loading 1 faces(PF_A8B8G8R8,32x32x1) with 5 hardware generated mipmaps from Image. Internal format is PF_A8B8G8R8,32x32x1.
12:38:37: Texture: sdk_mini_text_box_over.png: Loading 1 faces(PF_A8B8G8R8,32x32x1) with 5 hardware generated mipmaps from Image. Internal format is PF_A8B8G8R8,32x32x1.
12:38:37: Texture: sdk_pulse.png: Loading 1 faces(PF_B8G8R8,8x1x1) with 3 hardware generated mipmaps from Image. Internal format is PF_B8G8R8,8x1x1.
12:38:37: Finished parsing scripts for resource group Essential
12:38:37: Creating resources for group Essential
12:38:37: All done
12:38:37: Parsing scripts for resource group General
12:38:37: Parsing script Practica1.material
12:38:37: Parsing script Practica2.material
12:38:37: Parsing script Sinbad.material
12:38:37: Parsing script DualQuaternionSkinning_Shadow.material
12:38:37: Parsing script HardwareSkinningShadow.material
12:38:37: Parsing script RTShaderSystem.material
12:38:37: Parsing script TriplanarTexturing.material
12:38:37: Parsing script IG2App.particle
12:38:37: Texture: smoke.png: Loading 1 faces(PF_A8B8G8R8,256x256x1) with 8 hardware generated mipmaps from Image. Internal format is PF_A8B8G8R8,256x256x1.
12:38:37: Finished parsing scripts for resource group General
12:38:37: Creating resources for group General
12:38:37: All done
12:38:37: Parsing scripts for resource group OgreAutodetect
12:38:37: Finished parsing scripts for resource group OgreAutodetect
12:38:37: Creating resources for group OgreAutodetect
12:38:37: All done
12:38:37: Parsing scripts for resource group OgreInternal
12:38:37: Finished parsing scripts for resource group OgreInternal
12:38:37: Creating resources for group OgreInternal
12:38:37: All done
12:38:37: Mesh: Loading Barrel.mesh.
12:38:37: Can't assign material 'RustyBarrel' to SubEntity of 'Ogre/MO1' because this Material does not exist in group 'General'. Have you forgotten to define it in a .material script?
12:38:37: Mesh: Loading cube.mesh.
12:38:37: Can't assign material 'RustyBarrel' to SubEntity of 'Ogre/MO3' because this Material does not exist in group 'General'. Have you forgotten to define it in a .material script?
12:38:37: Can't assign material 'RustyBarrel' to SubEntity of 'Ogre/MO5' because this Material does not exist in group 'General'. Have you forgotten to define it in a .material script?
12:38:37: Can't assign material 'RustyBarrel' to SubEntity of 'Ogre/MO7' because this Material does not exist in group 'General'. Have you forgotten to define it in a .material script?
12:38:37: Can't assign material 'RustyBarrel' to SubEntity of 'Ogre/MO9' because this Material does not exist in group 'General'. Have you forgotten to define it in a .material script?
12:38:37: Can't assign material 'RustyBarrel' to SubEntity of 'Ogre/MO11' because this Material does not exist in group 'General'. Have you forgotten to define it in a .material script?
12:38:37: Can't assign material 'RustyBarrel' to SubEntity of 'Ogre/MO13' because this Material does not exist in group 'General'. Have you forgotten to define it in a .material script?
12:38:37: Can't assign material 'RustyBarrel' to SubEntity of 'Ogre/MO14' because this Material does not exist in group 'General'. Have you forgotten to define it in a .material script?
12:38:37: Texture: rockwall.tga: Loading 1 faces(PF_B8G8R8,256x256x1) with 8 hardware generated mipmaps from Image. Internal format is PF_B8G8R8,256x256x1.
12:38:37: Mesh: Loading sphere.mesh.
12:38:37: Texture: checker.png: Loading 1 faces(PF_B8G8R8,128x128x1) with 7 hardware generated mipmaps from Image. Internal format is PF_B8G8R8,128x128x1.
12:38:37: Can't assign material 'RustyBarrel' to SubEntity of 'Ogre/MO19' because this Material does not exist in group 'General'. Have you forgotten to define it in a .material script?
12:38:37: Mesh: Loading ninja.mesh.
12:38:37: Skeleton: Loading ninja.skeleton
12:38:37: Ogre::FileNotFoundException::FileNotFoundException: Cannot locate resource ninja.skeleton in resource group General. in ResourceGroupManager::openResource at d:\fdi\ig2_18_19\ogre-master\ogremain\src\ogreresourcegroupmanager.cpp (line 698)
12:38:37: Error: Unable to load skeleton 'ninja.skeleton' for Mesh 'ninja.mesh'. This Mesh will not be animated. You can ignore this message if you are using an offline tool.
12:38:37: Can't assign material 'Examples/Ninja' to SubEntity of 'Ogre/MO20' because this Material does not exist in group 'General'. Have you forgotten to define it in a .material script?
12:38:37: Can't assign material 'Examples/Ninja' to SubEntity of 'Ogre/MO20' because this Material does not exist in group 'General'. Have you forgotten to define it in a .material script?
12:38:37: Can't assign material 'RustyBarrel' to SubEntity of 'Ogre/MO21' because this Material does not exist in group 'General'. Have you forgotten to define it in a .material script?
12:38:37: Can't assign material 'RustyBarrel' to SubEntity of 'Ogre/MO23' because this Material does not exist in group 'General'. Have you forgotten to define it in a .material script?
12:38:37: Can't assign material 'RustyBarrel' to SubEntity of 'Ogre/MO25' because this Material does not exist in group 'General'. Have you forgotten to define it in a .material script?
12:38:37: Can't assign material 'RustyBarrel' to SubEntity of 'Ogre/MO27' because this Material does not exist in group 'General'. Have you forgotten to define it in a .material script?
12:38:37: Can't assign material 'RustyBarrel' to SubEntity of 'Ogre/MO29' because this Material does not exist in group 'General'. Have you forgotten to define it in a .material script?
12:38:37: Can't assign material 'RustyBarrel' to SubEntity of 'Ogre/MO31' because this Material does not exist in group 'General'. Have you forgotten to define it in a .material script?
12:38:37: Can't assign material 'RustyBarrel' to SubEntity of 'Ogre/MO33' because this Material does not exist in group 'General'. Have you forgotten to define it in a .material script?
12:38:37: Can't assign material 'RustyBarrel' to SubEntity of 'Ogre/MO34' because this Material does not exist in group 'General'. Have you forgotten to define it in a .material script?
12:38:37: Can't assign material 'RustyBarrel' to SubEntity of 'Ogre/MO36' because this Material does not exist in group 'General'. Have you forgotten to define it in a .material script?
12:38:37: Can't assign material 'RustyBarrel' to SubEntity of 'Ogre/MO38' because this Material does not exist in group 'General'. Have you forgotten to define it in a .material script?
12:38:37: Can't assign material 'RustyBarrel' to SubEntity of 'Ogre/MO40' because this Material does not exist in group 'General'. Have you forgotten to define it in a .material script?
12:38:37: Can't assign material 'RustyBarrel' to SubEntity of 'Ogre/MO42' because this Material does not exist in group 'General'. Have you forgotten to define it in a .material script?
12:38:37: Can't assign material 'RustyBarrel' to SubEntity of 'Ogre/MO44' because this Material does not exist in group 'General'. Have you forgotten to define it in a .material script?
12:38:37: Can't assign material 'RustyBarrel' to SubEntity of 'Ogre/MO46' because this Material does not exist in group 'General'. Have you forgotten to define it in a .material script?
12:38:37: Texture: 10points.png: Loading 1 faces(PF_A8B8G8R8,256x256x1) with 8 hardware generated mipmaps from Image. Internal format is PF_A8B8G8R8,256x256x1.
12:38:37: Mesh: Loading Sinbad.mesh.
12:38:37: Skeleton: Loading Sinbad.skeleton
12:38:37: Texture: sinbad_body.tga: Loading 1 faces(PF_B8G8R8,512x512x1) with 9 hardware generated mipmaps from Image. Internal format is PF_B8G8R8,512x512x1.
12:38:37: Texture: sinbad_clothes.tga: Loading 1 faces(PF_B8G8R8,512x512x1) with 9 hardware generated mipmaps from Image. Internal format is PF_B8G8R8,512x512x1.
12:38:38: Texture: sinbad_sword.tga: Loading 1 faces(PF_B8G8R8,256x256x1) with 8 hardware generated mipmaps from Image. Internal format is PF_B8G8R8,256x256x1.
12:38:38: Warning: the mesh 'Sinbad.mesh' includes vertices with more than 4 bone assignments. The lowest weighted assignments beyond this limit have been removed, so your animation may look slightly different. To eliminate this, reduce the number of bone assignments per vertex on your mesh to 4.
12:38:38: Mesh: Loading Sword.mesh.
12:38:38: Texture: Water02.jpg: Loading 1 faces(PF_B8G8R8,512x512x1) with 9 hardware generated mipmaps from Image. Internal format is PF_B8G8R8,512x512x1.
12:38:38: Texture: spotlight_image.png: Loading 1 faces(PF_B8G8R8,128x128x1) with 7 hardware generated mipmaps from Image. Internal format is PF_B8G8R8,128x128x1.
12:38:38: 'Ogre/ShadowExtrudePointLight' WARNING: 0:2: '' :  #version directive missing


12:38:38: 'Ogre/ShadowExtrudeDirLight' WARNING: 0:2: '' :  #version directive missing


12:38:38: 'Ogre/ShadowExtrudePointLightFinite' WARNING: 0:2: '' :  #version directive missing


12:38:38: 'Ogre/ShadowExtrudeDirLightFinite' WARNING: 0:2: '' :  #version directive missing


12:38:38: 'Ogre/ShadowBlendVP' WARNING: 0:1: '' :  #version directive missing


12:38:38: 'Ogre/ShadowBlendFP' WARNING: 0:1: '' :  #version directive missing


12:38:38: 'Ogre/ShadowFrgProgram' WARNING: 0:1: '' :  #version directive missing


12:38:38: Texture: spot_shadow_fade.png: Loading 1 faces(PF_B8G8R8,128x128x1) with 7 hardware generated mipmaps from Image. Internal format is PF_B8G8R8,128x128x1.
12:38:38: Font SdkTrays/Caption using texture size 256x256
12:38:38: Texture: SdkTrays/CaptionTexture: Loading 1 faces(PF_BYTE_LA,256x256x1) Internal format is PF_BYTE_LA,256x256x1.
12:38:38: Font SdkTrays/Value using texture size 512x256
12:38:38: Texture: SdkTrays/ValueTexture: Loading 1 faces(PF_BYTE_LA,512x256x1) Internal format is PF_BYTE_LA,512x256x1.
12:38:38: Texture: BeachStones.jpg: Loading 1 faces(PF_B8G8R8,512x512x1) with 9 hardware generated mipmaps from Image. Internal format is PF_B8G8R8,512x512x1.
12:38:40: Unregistering ResourceManager for type Font
12:38:41: DefaultWorkQueue('Root') shutting down on thread 3572.
12:38:41: DefaultWorkQueue('Root')::WorkerFunc - thread 21996 stopped.
12:38:41: DefaultWorkQueue('Root')::WorkerFunc - thread 21304 stopped.
12:38:41: DefaultWorkQueue('Root')::WorkerFunc - thread 21880 stopped.
12:38:41: DefaultWorkQueue('Root')::WorkerFunc - thread 19384 stopped.
12:38:41: DefaultWorkQueue('Root')::WorkerFunc - thread 15200 stopped.
12:38:41: DefaultWorkQueue('Root')::WorkerFunc - thread 17708 stopped.
12:38:41: DefaultWorkQueue('Root')::WorkerFunc - thread 11308 stopped.
12:38:41: DefaultWorkQueue('Root')::WorkerFunc - thread 13896 stopped.
12:38:41: DefaultWorkQueue('Root')::WorkerFunc - thread 21892 stopped.
12:38:41: DefaultWorkQueue('Root')::WorkerFunc - thread 10080 stopped.
12:38:41: DefaultWorkQueue('Root')::WorkerFunc - thread 24416 stopped.
12:38:41: DefaultWorkQueue('Root')::WorkerFunc - thread 18220 stopped.
12:38:41: PCZone Factory Type 'ZoneType_Octree' unregistered
12:38:41: *-*-* OGRE Shutdown
12:38:41: Unregistering ResourceManager for type Compositor
12:38:41: Uninstalling plugin: Octree Scene Manager
12:38:41: Plugin successfully uninstalled
12:38:41: Unloading library D:/Uni/3º V/IG II/IG-II/Practica 2.0/bin/.\Plugin_OctreeSceneManager
12:38:41: Uninstalling plugin: Octree Zone Factory
12:38:41: Plugin successfully uninstalled
12:38:41: Unloading library D:/Uni/3º V/IG II/IG-II/Practica 2.0/bin/.\Plugin_OctreeZone
12:38:41: Uninstalling plugin: Portal Connected Zone Scene Manager
12:38:41: Plugin successfully uninstalled
12:38:41: Unloading library D:/Uni/3º V/IG II/IG-II/Practica 2.0/bin/.\Plugin_PCZSceneManager
12:38:41: Unloading library D:/Uni/3º V/IG II/IG-II/Practica 2.0/bin/.\Codec_STBI
12:38:41: Uninstalling plugin: BSP Scene Manager
12:38:41: Plugin successfully uninstalled
12:38:41: Unloading library D:/Uni/3º V/IG II/IG-II/Practica 2.0/bin/.\Plugin_BSPSceneManager
12:38:41: Uninstalling plugin: ParticleFX
12:38:41: Plugin successfully uninstalled
12:38:41: Unloading library D:/Uni/3º V/IG II/IG-II/Practica 2.0/bin/.\Plugin_ParticleFX
12:38:41: Uninstalling plugin: GL 3+ RenderSystem
12:38:41: *** Stopping Win32GL Subsystem ***
12:38:41: Plugin successfully uninstalled
12:38:41: Unloading library D:/Uni/3º V/IG II/IG-II/Practica 2.0/bin/.\RenderSystem_GL3Plus
12:38:41: Uninstalling plugin: GL RenderSystem
12:38:41: Unregistering ResourceManager for type GpuProgram
12:38:41: *** Stopping Win32GL Subsystem ***
12:38:41: Unregistering ResourceManager for type Texture
12:38:41: Plugin successfully uninstalled
12:38:41: Unloading library D:/Uni/3º V/IG II/IG-II/Practica 2.0/bin/.\RenderSystem_GL
12:38:41: Unregistering ResourceManager for type Skeleton
12:38:41: Unregistering ResourceManager for type Mesh
12:38:41: Unregistering ResourceManager for type HighLevelGpuProgram
12:38:41: Unregistering ResourceManager for type Material
