d:\uni\3º v\ig ii\ig-ii\practica 1.2\ig2app\release\vc142.pdb
d:\uni\3º v\ig ii\ig-ii\practica 1.2\ig2app\release\molino.obj
d:\uni\3º v\ig ii\ig-ii\practica 1.2\ig2app\release\ig2app.obj
d:\uni\3º v\ig ii\ig-ii\practica 1.2\ig2app\release\ig2main.obj
d:\uni\3º v\ig ii\ig-ii\practica 1.2\ig2app\release\ig2applicationcontext.obj
d:\uni\3º v\ig ii\ig-ii\practica 1.2\ig2app\release\avion.obj
d:\uni\3º v\ig ii\ig-ii\practica 1.2\ig2app\release\aspasmolino.obj
d:\uni\3º v\ig ii\ig-ii\practica 1.2\ig2app\release\aspa.obj
d:\uni\3º v\ig ii\ig-ii\practica 1.2\bin\ig2apprelease.ipdb
d:\uni\3º v\ig ii\ig-ii\practica 1.2\bin\ig2apprelease.iobj
d:\uni\3º v\ig ii\ig-ii\practica 1.2\bin\ig2apprelease.exe
d:\uni\3º v\ig ii\ig-ii\practica 1.2\bin\ig2apprelease.pdb
c:\users\felip\onedrive\desktop\programas\repositorios\ig-ii\practica 1.2\ig2app\release\aspa.obj
c:\users\felip\onedrive\desktop\programas\repositorios\ig-ii\practica 1.2\ig2app\release\aspasmolino.obj
c:\users\felip\onedrive\desktop\programas\repositorios\ig-ii\practica 1.2\ig2app\release\avion.obj
c:\users\felip\onedrive\desktop\programas\repositorios\ig-ii\practica 1.2\ig2app\release\ig2app.obj
c:\users\felip\onedrive\desktop\programas\repositorios\ig-ii\practica 1.2\ig2app\release\ig2applicationcontext.obj
c:\users\felip\onedrive\desktop\programas\repositorios\ig-ii\practica 1.2\ig2app\release\ig2main.obj
c:\users\felip\onedrive\desktop\programas\repositorios\ig-ii\practica 1.2\ig2app\release\molino.obj
c:\users\felip\onedrive\desktop\programas\repositorios\ig-ii\practica 1.2\ig2app\release\vc142.pdb
c:\users\felip\onedrive\desktop\programas\repositorios\ig-ii\practica 1.2\bin\ig2apprelease.pdb
c:\users\felip\onedrive\desktop\programas\repositorios\ig-ii\practica 1.2\bin\ig2apprelease.exe
c:\users\felip\onedrive\desktop\programas\repositorios\ig-ii\practica 1.2\ig2app\release\ig2app.tlog\cl.command.1.tlog
c:\users\felip\onedrive\desktop\programas\repositorios\ig-ii\practica 1.2\ig2app\release\ig2app.tlog\cl.read.1.tlog
c:\users\felip\onedrive\desktop\programas\repositorios\ig-ii\practica 1.2\ig2app\release\ig2app.tlog\cl.write.1.tlog
c:\users\felip\onedrive\desktop\programas\repositorios\ig-ii\practica 1.2\ig2app\release\ig2app.tlog\ig2app.write.1u.tlog
c:\users\felip\onedrive\desktop\programas\repositorios\ig-ii\practica 1.2\ig2app\release\ig2app.tlog\link.command.1.tlog
c:\users\felip\onedrive\desktop\programas\repositorios\ig-ii\practica 1.2\ig2app\release\ig2app.tlog\link.read.1.tlog
c:\users\felip\onedrive\desktop\programas\repositorios\ig-ii\practica 1.2\ig2app\release\ig2app.tlog\link.write.1.tlog
