d:\uni\3v\ig ii\ig-ii\practica 2.3\ig2app\release\vc142.pdb
d:\uni\3v\ig ii\ig-ii\practica 2.3\ig2app\release\simbad.obj
d:\uni\3v\ig ii\ig-ii\practica 2.3\ig2app\release\plano.obj
d:\uni\3v\ig ii\ig-ii\practica 2.3\ig2app\release\molino.obj
d:\uni\3v\ig ii\ig-ii\practica 2.3\ig2app\release\ig2app.obj
d:\uni\3v\ig ii\ig-ii\practica 2.3\ig2app\release\ig2main.obj
d:\uni\3v\ig ii\ig-ii\practica 2.3\ig2app\release\ig2applicationcontext.obj
d:\uni\3v\ig ii\ig-ii\practica 2.3\ig2app\release\face.obj
d:\uni\3v\ig ii\ig-ii\practica 2.3\ig2app\release\entidadig.obj
d:\uni\3v\ig ii\ig-ii\practica 2.3\ig2app\release\boya.obj
d:\uni\3v\ig ii\ig-ii\practica 2.3\ig2app\release\avion.obj
d:\uni\3v\ig ii\ig-ii\practica 2.3\ig2app\release\aspasmolino.obj
d:\uni\3v\ig ii\ig-ii\practica 2.3\ig2app\release\aspa.obj
d:\uni\3v\ig ii\ig-ii\practica 2.3\bin\ig2apprelease.ipdb
d:\uni\3v\ig ii\ig-ii\practica 2.3\bin\ig2apprelease.iobj
d:\uni\3v\ig ii\ig-ii\practica 2.3\bin\ig2apprelease.exe
d:\uni\3v\ig ii\ig-ii\practica 2.3\bin\ig2apprelease.pdb
d:\uni\3v\ig ii\ig-ii\practica 2.3\ig2app\release\ig2app.tlog\cl.command.1.tlog
d:\uni\3v\ig ii\ig-ii\practica 2.3\ig2app\release\ig2app.tlog\cl.read.1.tlog
d:\uni\3v\ig ii\ig-ii\practica 2.3\ig2app\release\ig2app.tlog\cl.write.1.tlog
d:\uni\3v\ig ii\ig-ii\practica 2.3\ig2app\release\ig2app.tlog\ig2app.write.1u.tlog
d:\uni\3v\ig ii\ig-ii\practica 2.3\ig2app\release\ig2app.tlog\link.command.1.tlog
d:\uni\3v\ig ii\ig-ii\practica 2.3\ig2app\release\ig2app.tlog\link.read.1.tlog
d:\uni\3v\ig ii\ig-ii\practica 2.3\ig2app\release\ig2app.tlog\link.write.1.tlog
