16:51:35: Creating resource group General
16:51:35: Creating resource group OgreInternal
16:51:35: Creating resource group OgreAutodetect
16:51:35: SceneManagerFactory for type 'DefaultSceneManager' registered.
16:51:35: Registering ResourceManager for type Material
16:51:35: Registering ResourceManager for type Mesh
16:51:35: Registering ResourceManager for type Skeleton
16:51:35: MovableObjectFactory for type 'ParticleSystem' registered.
16:51:35: ArchiveFactory for archive type FileSystem registered.
16:51:35: ArchiveFactory for archive type Zip registered.
16:51:35: ArchiveFactory for archive type EmbeddedZip registered.
16:51:35: DDS codec registering
16:51:35: ETC codec registering
16:51:35: Registering ResourceManager for type HighLevelGpuProgram
16:51:35: Registering ResourceManager for type Compositor
16:51:35: MovableObjectFactory for type 'Entity' registered.
16:51:35: MovableObjectFactory for type 'Light' registered.
16:51:35: MovableObjectFactory for type 'BillboardSet' registered.
16:51:35: MovableObjectFactory for type 'ManualObject' registered.
16:51:35: MovableObjectFactory for type 'BillboardChain' registered.
16:51:35: MovableObjectFactory for type 'RibbonTrail' registered.
16:51:35: Loading library C:/Users/felip/OneDrive/Desktop/Programas/Repositorios/IG-II/Practica 1.3y1.4/bin/.\RenderSystem_GL
16:51:35: Installing plugin: GL RenderSystem
16:51:35: OpenGL Rendering Subsystem created.
16:51:35: Plugin successfully installed
16:51:35: Loading library C:/Users/felip/OneDrive/Desktop/Programas/Repositorios/IG-II/Practica 1.3y1.4/bin/.\RenderSystem_GL3Plus
16:51:35: Installing plugin: GL 3+ RenderSystem
16:51:35: OpenGL 3+ Rendering Subsystem created.
16:51:35: Plugin successfully installed
16:51:35: Loading library C:/Users/felip/OneDrive/Desktop/Programas/Repositorios/IG-II/Practica 1.3y1.4/bin/.\Plugin_ParticleFX
16:51:35: Installing plugin: ParticleFX
16:51:35: Particle Emitter Type 'Point' registered
16:51:35: Particle Emitter Type 'Box' registered
16:51:35: Particle Emitter Type 'Ellipsoid' registered
16:51:35: Particle Emitter Type 'Cylinder' registered
16:51:35: Particle Emitter Type 'Ring' registered
16:51:35: Particle Emitter Type 'HollowEllipsoid' registered
16:51:35: Particle Affector Type 'LinearForce' registered
16:51:35: Particle Affector Type 'ColourFader' registered
16:51:35: Particle Affector Type 'ColourFader2' registered
16:51:35: Particle Affector Type 'ColourImage' registered
16:51:35: Particle Affector Type 'ColourInterpolator' registered
16:51:35: Particle Affector Type 'Scaler' registered
16:51:35: Particle Affector Type 'Rotator' registered
16:51:35: Particle Affector Type 'DirectionRandomiser' registered
16:51:35: Particle Affector Type 'DeflectorPlane' registered
16:51:35: Plugin successfully installed
16:51:35: Loading library C:/Users/felip/OneDrive/Desktop/Programas/Repositorios/IG-II/Practica 1.3y1.4/bin/.\Plugin_BSPSceneManager
16:51:35: Installing plugin: BSP Scene Manager
16:51:35: Plugin successfully installed
16:51:35: Loading library C:/Users/felip/OneDrive/Desktop/Programas/Repositorios/IG-II/Practica 1.3y1.4/bin/.\Codec_STBI
16:51:35: stb_image - v2.19 - public domain JPEG/PNG reader
16:51:35: Supported formats: jpeg,jpg,png,bmp,psd,tga,gif,pic,ppm,pgm,hdr
16:51:35: Loading library C:/Users/felip/OneDrive/Desktop/Programas/Repositorios/IG-II/Practica 1.3y1.4/bin/.\Plugin_PCZSceneManager
16:51:35: Installing plugin: Portal Connected Zone Scene Manager
16:51:35: PCZone Factory Type 'ZoneType_Default' registered
16:51:35: Plugin successfully installed
16:51:35: Loading library C:/Users/felip/OneDrive/Desktop/Programas/Repositorios/IG-II/Practica 1.3y1.4/bin/.\Plugin_OctreeZone
16:51:35: Installing plugin: Octree Zone Factory
16:51:35: Plugin successfully installed
16:51:35: Loading library C:/Users/felip/OneDrive/Desktop/Programas/Repositorios/IG-II/Practica 1.3y1.4/bin/.\Plugin_OctreeSceneManager
16:51:35: Installing plugin: Octree Scene Manager
16:51:35: Plugin successfully installed
16:51:35: *-*-* OGRE Initialising
16:51:35: *-*-* Version 1.11.2 (Rhagorthua)
16:51:35: OverlayElementFactory for type Panel registered.
16:51:35: OverlayElementFactory for type BorderPanel registered.
16:51:35: OverlayElementFactory for type TextArea registered.
16:51:35: Registering ResourceManager for type Font
16:51:35: CPU Identifier & Features
16:51:35: -------------------------
16:51:35:  *   CPU ID: GenuineIntel: Intel(R) Core(TM) i7-10750H CPU @ 2.60GHz
16:51:35:  *          SSE: yes
16:51:35:  *         SSE2: yes
16:51:35:  *         SSE3: yes
16:51:35:  *        SSE41: yes
16:51:35:  *        SSE42: yes
16:51:35:  *          MMX: yes
16:51:35:  *       MMXEXT: yes
16:51:35:  *        3DNOW: no
16:51:35:  *     3DNOWEXT: no
16:51:35:  *         CMOV: yes
16:51:35:  *          TSC: yes
16:51:35:  *INVARIANT TSC: yes
16:51:35:  *          FPU: yes
16:51:35:  *          PRO: yes
16:51:35:  *           HT: no
16:51:35: -------------------------
16:51:35: *** Starting Win32GL Subsystem ***
16:51:35: Registering ResourceManager for type Texture
16:51:35: GLRenderSystem::_createRenderWindow "IG2App", 1024x768 windowed  miscParams: FSAA=0 externalWindowHandle=1705398 gamma=No vsync=Yes 
16:51:35: Supported WGL extensions: WGL_EXT_depth_float WGL_ARB_buffer_region WGL_ARB_extensions_string WGL_ARB_make_current_read WGL_ARB_pixel_format WGL_ARB_pbuffer WGL_EXT_extensions_string WGL_EXT_swap_control WGL_ARB_multisample WGL_ARB_pixel_format_float WGL_ARB_framebuffer_sRGB WGL_ARB_create_context WGL_ARB_create_context_profile WGL_EXT_pixel_format_packed_float WGL_EXT_create_context_es_profile WGL_EXT_create_context_es2_profile WGL_NV_DX_interop WGL_NV_DX_interop2 WGL_ARB_create_context_robustness WGL_ARB_context_flush_control 
16:51:35: GL_VERSION = 4.6.0 - Build 26.20.100.7642
16:51:35: GL_VENDOR = Intel
16:51:35: GL_RENDERER = Intel(R) UHD Graphics
16:51:35: GL_EXTENSIONS = GL_3DFX_texture_compression_FXT1 GL_AMD_depth_clamp_separate GL_AMD_vertex_shader_layer GL_AMD_vertex_shader_viewport_index GL_ARB_ES2_compatibility GL_ARB_ES3_1_compatibility GL_ARB_ES3_compatibility GL_ARB_arrays_of_arrays GL_ARB_base_instance GL_ARB_bindless_texture GL_ARB_blend_func_extended GL_ARB_buffer_storage GL_ARB_cl_event GL_ARB_clear_buffer_object GL_ARB_clear_texture GL_ARB_clip_control GL_ARB_color_buffer_float GL_ARB_compatibility GL_ARB_compressed_texture_pixel_storage GL_ARB_compute_shader GL_ARB_conditional_render_inverted GL_ARB_conservative_depth GL_ARB_copy_buffer GL_ARB_copy_image GL_ARB_cull_distance GL_ARB_debug_output GL_ARB_depth_buffer_float GL_ARB_depth_clamp GL_ARB_depth_texture GL_ARB_derivative_control GL_ARB_direct_state_access GL_ARB_draw_buffers GL_ARB_draw_buffers_blend GL_ARB_draw_elements_base_vertex GL_ARB_draw_indirect GL_ARB_draw_instanced GL_ARB_enhanced_layouts GL_ARB_explicit_attrib_location GL_ARB_explicit_uniform_location GL_ARB_fragment_coord_conventions GL_ARB_fragment_layer_viewport GL_ARB_fragment_program GL_ARB_fragment_program_shadow GL_ARB_fragment_shader GL_ARB_fragment_shader_interlock GL_ARB_framebuffer_no_attachments GL_ARB_framebuffer_object GL_ARB_framebuffer_sRGB GL_ARB_geometry_shader4 GL_ARB_get_program_binary GL_ARB_get_texture_sub_image GL_ARB_gl_spirv GL_ARB_gpu_shader5 GL_ARB_gpu_shader_fp64 GL_ARB_half_float_pixel GL_ARB_half_float_vertex GL_ARB_indirect_parameters GL_ARB_instanced_arrays GL_ARB_internalformat_query GL_ARB_internalformat_query2 GL_ARB_invalidate_subdata GL_ARB_map_buffer_alignment GL_ARB_map_buffer_range GL_ARB_multi_bind GL_ARB_multi_draw_indirect GL_ARB_multisample GL_ARB_multitexture GL_ARB_occlusion_query GL_ARB_occlusion_query2 GL_ARB_pipeline_statistics_query GL_ARB_pixel_buffer_object GL_ARB_point_parameters GL_ARB_point_sprite GL_ARB_polygon_offset_clamp GL_ARB_post_depth_coverage GL_ARB_program_interface_query GL_ARB_provoking_vertex GL_ARB_query_buffer_object GL_ARB_robust_buffer_access_behavior GL_ARB_robustness GL_ARB_robustness_isolation GL_ARB_sample_shading GL_ARB_sampler_objects GL_ARB_seamless_cube_map GL_ARB_seamless_cubemap_per_texture GL_ARB_separate_shader_objects GL_ARB_shader_atomic_counter_ops GL_ARB_shader_atomic_counters GL_ARB_shader_bit_encoding GL_ARB_shader_draw_parameters GL_ARB_shader_group_vote GL_ARB_shader_image_load_store GL_ARB_shader_image_size GL_ARB_shader_objects GL_ARB_shader_precision GL_ARB_shader_stencil_export GL_ARB_shader_storage_buffer_object GL_ARB_shader_subroutine GL_ARB_shader_texture_image_samples GL_ARB_shading_language_100 GL_ARB_shading_language_420pack GL_ARB_shading_language_packing GL_ARB_shadow GL_ARB_spirv_extensions GL_ARB_stencil_texturing GL_ARB_sync GL_ARB_tessellation_shader GL_ARB_texture_barrier GL_ARB_texture_border_clamp GL_ARB_texture_buffer_object GL_ARB_texture_buffer_object_rgb32 GL_ARB_texture_buffer_range GL_ARB_texture_compression GL_ARB_texture_compression_bptc GL_ARB_texture_compression_rgtc GL_ARB_texture_cube_map GL_ARB_texture_cube_map_array GL_ARB_texture_env_add GL_ARB_texture_env_combine GL_ARB_texture_env_crossbar GL_ARB_texture_env_dot3 GL_ARB_texture_filter_anisotropic GL_ARB_texture_float GL_ARB_texture_gather GL_ARB_texture_mirror_clamp_to_edge GL_ARB_texture_mirrored_repeat GL_ARB_texture_multisample GL_ARB_texture_non_power_of_two GL_ARB_texture_query_levels GL_ARB_texture_query_lod GL_ARB_texture_rectangle GL_ARB_texture_rg GL_ARB_texture_rgb10_a2ui GL_ARB_texture_stencil8 GL_ARB_texture_storage GL_ARB_texture_storage_multisample GL_ARB_texture_swizzle GL_ARB_texture_view GL_ARB_timer_query GL_ARB_transform_feedback2 GL_ARB_transform_feedback3 GL_ARB_transform_feedback_instanced GL_ARB_transform_feedback_overflow_query GL_ARB_transpose_matrix GL_ARB_uniform_buffer_object GL_ARB_vertex_array_bgra GL_ARB_vertex_array_object GL_ARB_vertex_attrib_64bit GL_ARB_vertex_attrib_binding GL_ARB_vertex_buffer_object GL_ARB_vertex_program GL_ARB_vertex_shader GL_ARB_vertex_type_10f_11f_11f_rev GL_ARB_vertex_type_2_10_10_10_rev GL_ARB_viewport_array GL_ARB_window_pos GL_ATI_separate_stencil GL_EXT_abgr GL_EXT_bgra GL_EXT_blend_color GL_EXT_blend_equation_separate GL_EXT_blend_func_separate GL_EXT_blend_minmax GL_EXT_blend_subtract GL_EXT_clip_volume_hint GL_EXT_compiled_vertex_array GL_EXT_direct_state_access GL_EXT_draw_buffers2 GL_EXT_draw_range_elements GL_EXT_fog_coord GL_EXT_framebuffer_blit GL_EXT_framebuffer_multisample GL_EXT_framebuffer_object GL_EXT_geometry_shader4 GL_EXT_gpu_program_parameters GL_EXT_gpu_shader4 GL_EXT_multi_draw_arrays GL_EXT_packed_depth_stencil GL_EXT_packed_float GL_EXT_packed_pixels GL_EXT_polygon_offset_clamp GL_EXT_rescale_normal GL_EXT_secondary_color GL_EXT_separate_specular_color GL_EXT_shader_framebuffer_fetch GL_EXT_shader_integer_mix GL_EXT_shadow_funcs GL_EXT_stencil_two_side GL_EXT_stencil_wrap GL_EXT_texture3D GL_EXT_texture_array GL_EXT_texture_compression_s3tc GL_EXT_texture_edge_clamp GL_EXT_texture_env_add GL_EXT_texture_env_combine GL_EXT_texture_filter_anisotropic GL_EXT_texture_integer GL_EXT_texture_lod_bias GL_EXT_texture_rectangle GL_EXT_texture_sRGB GL_EXT_texture_sRGB_decode GL_EXT_texture_shared_exponent GL_EXT_texture_snorm GL_EXT_texture_storage GL_EXT_texture_swizzle GL_EXT_timer_query GL_EXT_transform_feedback GL_IBM_texture_mirrored_repeat GL_INTEL_conservative_rasterization GL_INTEL_fragment_shader_ordering GL_INTEL_framebuffer_CMAA GL_INTEL_map_texture GL_INTEL_multi_rate_fragment_shader GL_INTEL_performance_query GL_KHR_blend_equation_advanced GL_KHR_blend_equation_advanced_coherent GL_KHR_context_flush_control GL_KHR_debug GL_KHR_no_error GL_KHR_texture_compression_astc_hdr GL_KHR_texture_compression_astc_ldr GL_NV_blend_square GL_NV_conditional_render GL_NV_primitive_restart GL_NV_texgen_reflection GL_SGIS_generate_mipmap GL_SGIS_texture_edge_clamp GL_SGIS_texture_lod GL_SUN_multi_draw_arrays GL_WIN_swap_hint WGL_EXT_swap_control
16:51:35: ***************************
16:51:35: *** GL Renderer Started ***
16:51:35: ***************************
16:51:35: Registering ResourceManager for type GpuProgram
16:51:35: GLSL support detected
16:51:35: GL: Using GL_EXT_framebuffer_object for rendering to textures (best)
16:51:35: FBO PF_UNKNOWN depth/stencil support: D0S1 D0S4 D0S8 D0S16 D16S0 D16S1 D16S4 D16S8 D16S16 D24S0 D24S1 D24S4 D24S8 D24S16 D32S0 D32S1 D32S4 D32S8 D32S16 Packed-D24S8 
16:51:35: FBO PF_A8 depth/stencil support: D0S0 D0S1 D0S4 D0S8 D0S16 D16S0 D16S1 D16S4 D16S8 D16S16 D24S0 D24S1 D24S4 D24S8 D24S16 D32S0 D32S1 D32S4 D32S8 D32S16 Packed-D24S8 
16:51:35: FBO PF_R5G6B5 depth/stencil support: D0S0 D0S1 D0S4 D0S8 D0S16 D16S0 D16S1 D16S4 D16S8 D16S16 D24S0 D24S1 D24S4 D24S8 D24S16 D32S0 D32S1 D32S4 D32S8 D32S16 Packed-D24S8 
16:51:35: FBO PF_B5G6R5 depth/stencil support: D0S0 D0S1 D0S4 D0S8 D0S16 D16S0 D16S1 D16S4 D16S8 D16S16 D24S0 D24S1 D24S4 D24S8 D24S16 D32S0 D32S1 D32S4 D32S8 D32S16 Packed-D24S8 
16:51:35: FBO PF_A4R4G4B4 depth/stencil support: D0S0 D0S1 D0S4 D0S8 D0S16 D16S0 D16S1 D16S4 D16S8 D16S16 D24S0 D24S1 D24S4 D24S8 D24S16 D32S0 D32S1 D32S4 D32S8 D32S16 Packed-D24S8 
16:51:35: FBO PF_A1R5G5B5 depth/stencil support: D0S0 D0S1 D0S4 D0S8 D0S16 D16S0 D16S1 D16S4 D16S8 D16S16 D24S0 D24S1 D24S4 D24S8 D24S16 D32S0 D32S1 D32S4 D32S8 D32S16 Packed-D24S8 
16:51:35: FBO PF_R8G8B8 depth/stencil support: D0S0 D0S1 D0S4 D0S8 D0S16 D16S0 D16S1 D16S4 D16S8 D16S16 D24S0 D24S1 D24S4 D24S8 D24S16 D32S0 D32S1 D32S4 D32S8 D32S16 Packed-D24S8 
16:51:35: FBO PF_B8G8R8 depth/stencil support: D0S0 D0S1 D0S4 D0S8 D0S16 D16S0 D16S1 D16S4 D16S8 D16S16 D24S0 D24S1 D24S4 D24S8 D24S16 D32S0 D32S1 D32S4 D32S8 D32S16 Packed-D24S8 
16:51:35: FBO PF_A8R8G8B8 depth/stencil support: D0S0 D0S1 D0S4 D0S8 D0S16 D16S0 D16S1 D16S4 D16S8 D16S16 D24S0 D24S1 D24S4 D24S8 D24S16 D32S0 D32S1 D32S4 D32S8 D32S16 Packed-D24S8 
16:51:35: FBO PF_A8B8G8R8 depth/stencil support: D0S0 D0S1 D0S4 D0S8 D0S16 D16S0 D16S1 D16S4 D16S8 D16S16 D24S0 D24S1 D24S4 D24S8 D24S16 D32S0 D32S1 D32S4 D32S8 D32S16 Packed-D24S8 
16:51:35: FBO PF_B8G8R8A8 depth/stencil support: D0S0 D0S1 D0S4 D0S8 D0S16 D16S0 D16S1 D16S4 D16S8 D16S16 D24S0 D24S1 D24S4 D24S8 D24S16 D32S0 D32S1 D32S4 D32S8 D32S16 Packed-D24S8 
16:51:35: FBO PF_FLOAT16_RGB depth/stencil support: D0S0 D0S1 D0S4 D0S8 D0S16 D16S0 D16S1 D16S4 D16S8 D16S16 D24S0 D24S1 D24S4 D24S8 D24S16 D32S0 D32S1 D32S4 D32S8 D32S16 Packed-D24S8 
16:51:35: FBO PF_FLOAT16_RGBA depth/stencil support: D0S0 D0S1 D0S4 D0S8 D0S16 D16S0 D16S1 D16S4 D16S8 D16S16 D24S0 D24S1 D24S4 D24S8 D24S16 D32S0 D32S1 D32S4 D32S8 D32S16 Packed-D24S8 
16:51:35: FBO PF_FLOAT32_RGB depth/stencil support: D0S0 D0S1 D0S4 D0S8 D0S16 D16S0 D16S1 D16S4 D16S8 D16S16 D24S0 D24S1 D24S4 D24S8 D24S16 D32S0 D32S1 D32S4 D32S8 D32S16 Packed-D24S8 
16:51:35: FBO PF_FLOAT32_RGBA depth/stencil support: D0S0 D0S1 D0S4 D0S8 D0S16 D16S0 D16S1 D16S4 D16S8 D16S16 D24S0 D24S1 D24S4 D24S8 D24S16 D32S0 D32S1 D32S4 D32S8 D32S16 Packed-D24S8 
16:51:35: FBO PF_X8R8G8B8 depth/stencil support: D0S0 D0S1 D0S4 D0S8 D0S16 D16S0 D16S1 D16S4 D16S8 D16S16 D24S0 D24S1 D24S4 D24S8 D24S16 D32S0 D32S1 D32S4 D32S8 D32S16 Packed-D24S8 
16:51:35: FBO PF_X8B8G8R8 depth/stencil support: D0S0 D0S1 D0S4 D0S8 D0S16 D16S0 D16S1 D16S4 D16S8 D16S16 D24S0 D24S1 D24S4 D24S8 D24S16 D32S0 D32S1 D32S4 D32S8 D32S16 Packed-D24S8 
16:51:35: FBO PF_R8G8B8A8 depth/stencil support: D0S0 D0S1 D0S4 D0S8 D0S16 D16S0 D16S1 D16S4 D16S8 D16S16 D24S0 D24S1 D24S4 D24S8 D24S16 D32S0 D32S1 D32S4 D32S8 D32S16 Packed-D24S8 
16:51:35: FBO PF_SHORT_RGBA depth/stencil support: D0S0 D0S1 D0S4 D0S8 D0S16 D16S0 D16S1 D16S4 D16S8 D16S16 D24S0 D24S1 D24S4 D24S8 D24S16 D32S0 D32S1 D32S4 D32S8 D32S16 Packed-D24S8 
16:51:35: FBO PF_R3G3B2 depth/stencil support: D0S0 D0S1 D0S4 D0S8 D0S16 D16S0 D16S1 D16S4 D16S8 D16S16 D24S0 D24S1 D24S4 D24S8 D24S16 D32S0 D32S1 D32S4 D32S8 D32S16 Packed-D24S8 
16:51:35: FBO PF_SHORT_RGB depth/stencil support: D0S0 D0S1 D0S4 D0S8 D0S16 D16S0 D16S1 D16S4 D16S8 D16S16 D24S0 D24S1 D24S4 D24S8 D24S16 D32S0 D32S1 D32S4 D32S8 D32S16 Packed-D24S8 
16:51:35: [GL] : Valid FBO targets PF_UNKNOWN PF_A8 PF_R5G6B5 PF_B5G6R5 PF_A4R4G4B4 PF_A1R5G5B5 PF_R8G8B8 PF_B8G8R8 PF_A8R8G8B8 PF_A8B8G8R8 PF_B8G8R8A8 PF_FLOAT16_RGB PF_FLOAT16_RGBA PF_FLOAT32_RGB PF_FLOAT32_RGBA PF_X8R8G8B8 PF_X8B8G8R8 PF_R8G8B8A8 PF_SHORT_RGBA PF_R3G3B2 PF_SHORT_RGB 
16:51:35: RenderSystem capabilities
16:51:35: -------------------------
16:51:35: RenderSystem Name: OpenGL Rendering Subsystem
16:51:35: GPU Vendor: intel
16:51:35: Device Name: Intel(R) UHD Graphics
16:51:35: Driver Version: 4.6.0.0
16:51:35:  * Fixed function pipeline: yes
16:51:35:  * Anisotropic texture filtering: yes
16:51:35:  * Cube mapping: yes
16:51:35:  * Hardware stencil buffer: yes
16:51:35:    - Stencil depth: 8
16:51:35:    - Two sided stencil support: yes
16:51:35:    - Wrap stencil values: yes
16:51:35:  * 32-bit index buffers: yes
16:51:35:  * Vertex programs: yes
16:51:35:  * Number of floating-point constants for vertex programs: 256
16:51:35:  * Number of integer constants for vertex programs: 0
16:51:35:  * Number of boolean constants for vertex programs: 0
16:51:35:  * Fragment programs: yes
16:51:35:  * Number of floating-point constants for fragment programs: 256
16:51:35:  * Number of integer constants for fragment programs: 0
16:51:35:  * Number of boolean constants for fragment programs: 0
16:51:35:  * Geometry programs: yes
16:51:35:  * Number of floating-point constants for geometry programs: 4096
16:51:35:  * Number of integer constants for geometry programs: 0
16:51:35:  * Number of boolean constants for geometry programs: 0
16:51:35:  * Tessellation Hull programs: no
16:51:35:  * Number of floating-point constants for tessellation hull programs: 0
16:51:35:  * Number of integer constants for tessellation hull programs: 0
16:51:35:  * Number of boolean constants for tessellation hull programs: 0
16:51:35:  * Tessellation Domain programs: no
16:51:35:  * Number of floating-point constants for tessellation domain programs: 0
16:51:35:  * Number of integer constants for tessellation domain programs: 0
16:51:35:  * Number of boolean constants for tessellation domain programs: 0
16:51:35:  * Compute programs: no
16:51:35:  * Number of floating-point constants for compute programs: 0
16:51:35:  * Number of integer constants for compute programs: 0
16:51:35:  * Number of boolean constants for compute programs: 0
16:51:35:  * Supported Shader Profiles: arbfp1 arbvp1 glsl glsl100 glsl110 glsl120
16:51:35:  * Texture Compression: yes
16:51:35:    - DXT: yes
16:51:35:    - VTC: no
16:51:35:    - PVRTC: no
16:51:35:    - ATC: no
16:51:35:    - ETC1: no
16:51:35:    - ETC2: no
16:51:35:    - BC4/BC5: no
16:51:35:    - BC6H/BC7: no
16:51:35:    - ASTC: no
16:51:35:    - Mipmaps for compressed formats: yes
16:51:35:  * Hardware Occlusion Query: yes
16:51:35:  * User clip planes: yes
16:51:35:  * VET_UBYTE4 vertex element type: yes
16:51:35:  * Infinite far plane projection: yes
16:51:35:  * Hardware render-to-texture: yes
16:51:35:  * Floating point textures: yes
16:51:35:  * Non-power-of-two textures: yes
16:51:35:  * 1d textures: yes
16:51:35:  * Volume textures: yes
16:51:35:  * Multiple Render Targets: 8
16:51:35:    - With different bit depths: yes
16:51:35:  * Point Sprites: yes
16:51:35:  * Wide Lines: yes
16:51:35:  * Hardware Gamma: yes
16:51:35:  * Extended point parameters: yes
16:51:35:  * Max Point Size: 255
16:51:35:  * Vertex texture fetch: yes
16:51:35:  * Number of texture units: 16
16:51:35:  * Number of vertex attributes: 16
16:51:35:  * Stencil buffer depth: 8
16:51:35:  * Number of vertex blend matrices: 0
16:51:35:    - Max vertex textures: 32
16:51:35:    - Vertex textures shared: yes
16:51:35:  * Render to Vertex Buffer : no
16:51:35:  * Hardware Atomic Counters: no
16:51:35:  * PBuffer support: yes
16:51:35:  * Vertex Array Objects: no
16:51:35:  * Separate shader objects: no
16:51:35:  * GLSL SSO redeclare interface block: no
16:51:35:  * Debugging/ profiling events: no
16:51:35:  * Map buffer storage: yes
16:51:35: DefaultWorkQueue('Root') initialising on thread 4724.
16:51:35: DefaultWorkQueue('Root')::WorkerFunc - thread 6284 starting.
16:51:35: DefaultWorkQueue('Root')::WorkerFunc - thread 17344 starting.
16:51:35: DefaultWorkQueue('Root')::WorkerFunc - thread 20148 starting.
16:51:35: DefaultWorkQueue('Root')::WorkerFunc - thread 2416 starting.
16:51:35: DefaultWorkQueue('Root')::WorkerFunc - thread 14520 starting.
16:51:35: DefaultWorkQueue('Root')::WorkerFunc - thread 7944 starting.
16:51:35: DefaultWorkQueue('Root')::WorkerFunc - thread 19112 starting.
16:51:35: DefaultWorkQueue('Root')::WorkerFunc - thread 18004 starting.
16:51:35: DefaultWorkQueue('Root')::WorkerFunc - thread 20688 starting.
16:51:35: DefaultWorkQueue('Root')::WorkerFunc - thread 10264 starting.
16:51:35: DefaultWorkQueue('Root')::WorkerFunc - thread 19656 starting.
16:51:35: Particle Renderer Type 'billboard' registered
16:51:35: DefaultWorkQueue('Root')::WorkerFunc - thread 15092 starting.
16:51:35: SceneManagerFactory for type 'BspSceneManager' registered.
16:51:35: Registering SceneLoader Q3BSP
16:51:35: SceneManagerFactory for type 'PCZSceneManager' registered.
16:51:35: MovableObjectFactory for type 'PCZLight' registered.
16:51:35: MovableObjectFactory for type 'Portal' registered.
16:51:35: MovableObjectFactory for type 'AntiPortal' registered.
16:51:35: PCZone Factory Type 'ZoneType_Octree' registered
16:51:35: SceneManagerFactory for type 'OctreeSceneManager' registered.
16:51:35: Creating resource group Essential
16:51:35: Added resource location '../Media/thumbnails' of type 'FileSystem' to resource group 'Essential'
16:51:35: Added resource location '../Media/packs/SdkTrays.zip' of type 'Zip' to resource group 'Essential'
16:51:35: Added resource location '../Media/packs/profiler.zip' of type 'Zip' to resource group 'Essential'
16:51:35: Added resource location '../Media' of type 'FileSystem' to resource group 'General'
16:51:35: Added resource location '../Media/fonts' of type 'FileSystem' to resource group 'General'
16:51:35: Added resource location '../Media/materials/programs' of type 'FileSystem' to resource group 'General'
16:51:35: Added resource location '../Media/IG2App' of type 'FileSystem' to resource group 'General'
16:51:35: Added resource location '../Media/packs/ogredance.zip' of type 'Zip' to resource group 'General'
16:51:35: Added resource location '../Media/packs/Sinbad.zip' of type 'Zip' to resource group 'General'
16:51:35: Added resource location '../Media/materials/programs/GLSL120' of type 'FileSystem' to resource group 'General'
16:51:35: Added resource location '../Media/materials/programs/GLSL' of type 'FileSystem' to resource group 'General'
16:51:35: Added resource location '../Media/RTShaderLib/materials' of type 'FileSystem' to resource group 'General'
16:51:35: Added resource location '../Media/RTShaderLib/GLSL' of type 'FileSystem' to resource group 'General'
16:51:35: Parsing scripts for resource group Essential
16:51:35: Parsing script SdkTrays.material
16:51:35: Parsing script OgreProfiler.material
16:51:35: Parsing script SdkTrays.fontdef
16:51:35: Parsing script SdkTrays.overlay
16:51:35: Texture: sdk_cursor.png: Loading 1 faces(PF_A8B8G8R8,32x32x1) with 5 hardware generated mipmaps from Image. Internal format is PF_A8B8G8R8,32x32x1.
16:51:35: Texture: sdk_tray.png: Loading 1 faces(PF_A8B8G8R8,64x64x1) with 6 hardware generated mipmaps from Image. Internal format is PF_A8B8G8R8,64x64x1.
16:51:35: Texture: sdk_button_up.png: Loading 1 faces(PF_A8B8G8R8,128x32x1) with 7 hardware generated mipmaps from Image. Internal format is PF_A8B8G8R8,128x32x1.
16:51:35: Texture: sdk_text_box.png: Loading 1 faces(PF_A8B8G8R8,32x32x1) with 5 hardware generated mipmaps from Image. Internal format is PF_A8B8G8R8,32x32x1.
16:51:35: Texture: sdk_mini_tray.png: Loading 1 faces(PF_A8B8G8R8,32x32x1) with 5 hardware generated mipmaps from Image. Internal format is PF_A8B8G8R8,32x32x1.
16:51:35: Texture: sdk_track.png: Loading 1 faces(PF_A8B8G8R8,16x32x1) with 5 hardware generated mipmaps from Image. Internal format is PF_A8B8G8R8,16x32x1.
16:51:35: Texture: sdk_handle.png: Loading 1 faces(PF_A8B8G8R8,16x16x1) with 4 hardware generated mipmaps from Image. Internal format is PF_A8B8G8R8,16x16x1.
16:51:35: Texture: sdk_mini_text_box.png: Loading 1 faces(PF_A8B8G8R8,32x32x1) with 5 hardware generated mipmaps from Image. Internal format is PF_A8B8G8R8,32x32x1.
16:51:35: Texture: sdk_label.png: Loading 1 faces(PF_A8B8G8R8,32x32x1) with 5 hardware generated mipmaps from Image. Internal format is PF_A8B8G8R8,32x32x1.
16:51:35: Texture: sdk_separator.png: Loading 1 faces(PF_A8B8G8R8,64x16x1) with 6 hardware generated mipmaps from Image. Internal format is PF_A8B8G8R8,64x16x1.
16:51:35: Texture: sdk_logo.png: Loading 1 faces(PF_A8B8G8R8,128x64x1) with 7 hardware generated mipmaps from Image. Internal format is PF_A8B8G8R8,128x64x1.
16:51:35: Texture: sdk_shade.png: Loading 1 faces(PF_A8B8G8R8,64x48x1) with 6 hardware generated mipmaps from Image. Internal format is PF_A8B8G8R8,64x48x1.
16:51:35: Texture: sdk_frame.png: Loading 1 faces(PF_A8B8G8R8,32x32x1) with 5 hardware generated mipmaps from Image. Internal format is PF_A8B8G8R8,32x32x1.
16:51:35: Texture: sdk_mini_text_box_over.png: Loading 1 faces(PF_A8B8G8R8,32x32x1) with 5 hardware generated mipmaps from Image. Internal format is PF_A8B8G8R8,32x32x1.
16:51:35: Texture: sdk_pulse.png: Loading 1 faces(PF_B8G8R8,8x1x1) with 3 hardware generated mipmaps from Image. Internal format is PF_B8G8R8,8x1x1.
16:51:35: Finished parsing scripts for resource group Essential
16:51:35: Creating resources for group Essential
16:51:35: All done
16:51:35: Parsing scripts for resource group General
16:51:35: Parsing script Practica1.material
16:51:35: Parsing script Sinbad.material
16:51:35: Parsing script DualQuaternionSkinning_Shadow.material
16:51:35: Parsing script HardwareSkinningShadow.material
16:51:35: Parsing script RTShaderSystem.material
16:51:35: Parsing script TriplanarTexturing.material
16:51:35: Finished parsing scripts for resource group General
16:51:35: Creating resources for group General
16:51:35: All done
16:51:35: Parsing scripts for resource group OgreAutodetect
16:51:35: Finished parsing scripts for resource group OgreAutodetect
16:51:35: Creating resources for group OgreAutodetect
16:51:35: All done
16:51:35: Parsing scripts for resource group OgreInternal
16:51:35: Finished parsing scripts for resource group OgreInternal
16:51:35: Creating resources for group OgreInternal
16:51:35: All done
16:51:35: Mesh: Loading Barrel.mesh.
16:51:35: Can't assign material 'RustyBarrel' to SubEntity of 'Ogre/MO1' because this Material does not exist in group 'General'. Have you forgotten to define it in a .material script?
16:51:35: Mesh: Loading cube.mesh.
16:51:35: Can't assign material 'RustyBarrel' to SubEntity of 'Ogre/MO3' because this Material does not exist in group 'General'. Have you forgotten to define it in a .material script?
16:51:35: Can't assign material 'RustyBarrel' to SubEntity of 'Ogre/MO5' because this Material does not exist in group 'General'. Have you forgotten to define it in a .material script?
16:51:35: Can't assign material 'RustyBarrel' to SubEntity of 'Ogre/MO7' because this Material does not exist in group 'General'. Have you forgotten to define it in a .material script?
16:51:35: Can't assign material 'RustyBarrel' to SubEntity of 'Ogre/MO9' because this Material does not exist in group 'General'. Have you forgotten to define it in a .material script?
16:51:35: Can't assign material 'RustyBarrel' to SubEntity of 'Ogre/MO11' because this Material does not exist in group 'General'. Have you forgotten to define it in a .material script?
16:51:35: Can't assign material 'RustyBarrel' to SubEntity of 'Ogre/MO13' because this Material does not exist in group 'General'. Have you forgotten to define it in a .material script?
16:51:35: Can't assign material 'RustyBarrel' to SubEntity of 'Ogre/MO14' because this Material does not exist in group 'General'. Have you forgotten to define it in a .material script?
16:51:35: Texture: rockwall.tga: Loading 1 faces(PF_B8G8R8,256x256x1) with 8 hardware generated mipmaps from Image. Internal format is PF_B8G8R8,256x256x1.
16:51:35: Mesh: Loading sphere.mesh.
16:51:35: Texture: checker.png: Loading 1 faces(PF_B8G8R8,128x128x1) with 7 hardware generated mipmaps from Image. Internal format is PF_B8G8R8,128x128x1.
16:51:35: Can't assign material 'RustyBarrel' to SubEntity of 'Ogre/MO19' because this Material does not exist in group 'General'. Have you forgotten to define it in a .material script?
16:51:35: Mesh: Loading ninja.mesh.
16:51:35: Skeleton: Loading ninja.skeleton
16:51:35: Ogre::FileNotFoundException::FileNotFoundException: Cannot locate resource ninja.skeleton in resource group General. in ResourceGroupManager::openResource at d:\fdi\ig2_18_19\ogre-master\ogremain\src\ogreresourcegroupmanager.cpp (line 698)
16:51:35: Error: Unable to load skeleton 'ninja.skeleton' for Mesh 'ninja.mesh'. This Mesh will not be animated. You can ignore this message if you are using an offline tool.
16:51:35: Can't assign material 'Examples/Ninja' to SubEntity of 'Ogre/MO20' because this Material does not exist in group 'General'. Have you forgotten to define it in a .material script?
16:51:35: Can't assign material 'Examples/Ninja' to SubEntity of 'Ogre/MO20' because this Material does not exist in group 'General'. Have you forgotten to define it in a .material script?
16:51:35: Can't assign material 'RustyBarrel' to SubEntity of 'Ogre/MO21' because this Material does not exist in group 'General'. Have you forgotten to define it in a .material script?
16:51:35: Can't assign material 'RustyBarrel' to SubEntity of 'Ogre/MO23' because this Material does not exist in group 'General'. Have you forgotten to define it in a .material script?
16:51:35: Can't assign material 'RustyBarrel' to SubEntity of 'Ogre/MO25' because this Material does not exist in group 'General'. Have you forgotten to define it in a .material script?
16:51:35: Can't assign material 'RustyBarrel' to SubEntity of 'Ogre/MO27' because this Material does not exist in group 'General'. Have you forgotten to define it in a .material script?
16:51:35: Can't assign material 'RustyBarrel' to SubEntity of 'Ogre/MO29' because this Material does not exist in group 'General'. Have you forgotten to define it in a .material script?
16:51:35: Can't assign material 'RustyBarrel' to SubEntity of 'Ogre/MO31' because this Material does not exist in group 'General'. Have you forgotten to define it in a .material script?
16:51:35: Can't assign material 'RustyBarrel' to SubEntity of 'Ogre/MO33' because this Material does not exist in group 'General'. Have you forgotten to define it in a .material script?
16:51:35: Can't assign material 'RustyBarrel' to SubEntity of 'Ogre/MO34' because this Material does not exist in group 'General'. Have you forgotten to define it in a .material script?
16:51:35: Can't assign material 'RustyBarrel' to SubEntity of 'Ogre/MO36' because this Material does not exist in group 'General'. Have you forgotten to define it in a .material script?
16:51:35: Can't assign material 'RustyBarrel' to SubEntity of 'Ogre/MO38' because this Material does not exist in group 'General'. Have you forgotten to define it in a .material script?
16:51:35: Can't assign material 'RustyBarrel' to SubEntity of 'Ogre/MO40' because this Material does not exist in group 'General'. Have you forgotten to define it in a .material script?
16:51:35: Can't assign material 'RustyBarrel' to SubEntity of 'Ogre/MO42' because this Material does not exist in group 'General'. Have you forgotten to define it in a .material script?
16:51:35: Can't assign material 'RustyBarrel' to SubEntity of 'Ogre/MO44' because this Material does not exist in group 'General'. Have you forgotten to define it in a .material script?
16:51:35: Can't assign material 'RustyBarrel' to SubEntity of 'Ogre/MO46' because this Material does not exist in group 'General'. Have you forgotten to define it in a .material script?
16:51:35: Mesh: Loading Sinbad.mesh.
16:51:35: Skeleton: Loading Sinbad.skeleton
16:51:35: Texture: sinbad_body.tga: Loading 1 faces(PF_B8G8R8,512x512x1) with 9 hardware generated mipmaps from Image. Internal format is PF_B8G8R8,512x512x1.
16:51:35: Texture: sinbad_clothes.tga: Loading 1 faces(PF_B8G8R8,512x512x1) with 9 hardware generated mipmaps from Image. Internal format is PF_B8G8R8,512x512x1.
16:51:35: Texture: sinbad_sword.tga: Loading 1 faces(PF_B8G8R8,256x256x1) with 8 hardware generated mipmaps from Image. Internal format is PF_B8G8R8,256x256x1.
16:51:35: Warning: the mesh 'Sinbad.mesh' includes vertices with more than 4 bone assignments. The lowest weighted assignments beyond this limit have been removed, so your animation may look slightly different. To eliminate this, reduce the number of bone assignments per vertex on your mesh to 4.
16:51:35: Texture: Water02.jpg: Loading 1 faces(PF_B8G8R8,512x512x1) with 9 hardware generated mipmaps from Image. Internal format is PF_B8G8R8,512x512x1.
16:51:35: 'Ogre/ShadowExtrudePointLight' WARNING: 0:2: '' :  #version directive missing


16:51:35: 'Ogre/ShadowExtrudeDirLight' WARNING: 0:2: '' :  #version directive missing


16:51:35: 'Ogre/ShadowExtrudePointLightFinite' WARNING: 0:2: '' :  #version directive missing


16:51:35: 'Ogre/ShadowExtrudeDirLightFinite' WARNING: 0:2: '' :  #version directive missing


16:51:35: 'Ogre/ShadowBlendVP' WARNING: 0:1: '' :  #version directive missing


16:51:35: 'Ogre/ShadowBlendFP' WARNING: 0:1: '' :  #version directive missing


16:51:35: 'Ogre/ShadowFrgProgram' WARNING: 0:1: '' :  #version directive missing


16:51:35: Texture: spot_shadow_fade.png: Loading 1 faces(PF_B8G8R8,128x128x1) with 7 hardware generated mipmaps from Image. Internal format is PF_B8G8R8,128x128x1.
16:51:35: Font SdkTrays/Caption using texture size 256x256
16:51:35: Texture: SdkTrays/CaptionTexture: Loading 1 faces(PF_BYTE_LA,256x256x1) Internal format is PF_BYTE_LA,256x256x1.
16:51:35: Font SdkTrays/Value using texture size 512x256
16:51:35: Texture: SdkTrays/ValueTexture: Loading 1 faces(PF_BYTE_LA,512x256x1) Internal format is PF_BYTE_LA,512x256x1.
16:51:45: Unregistering ResourceManager for type Font
16:51:45: DefaultWorkQueue('Root') shutting down on thread 4724.
16:51:45: DefaultWorkQueue('Root')::WorkerFunc - thread 6284 stopped.
16:51:45: DefaultWorkQueue('Root')::WorkerFunc - thread 7944 stopped.
16:51:45: DefaultWorkQueue('Root')::WorkerFunc - thread 20148 stopped.
16:51:45: DefaultWorkQueue('Root')::WorkerFunc - thread 2416 stopped.
16:51:45: DefaultWorkQueue('Root')::WorkerFunc - thread 14520 stopped.
16:51:45: DefaultWorkQueue('Root')::WorkerFunc - thread 18004 stopped.
16:51:45: DefaultWorkQueue('Root')::WorkerFunc - thread 15092 stopped.
16:16:51:4551: :45: DefaultWorkQueue('Root')::WorkerFunc - thread 20688 stopped.DefaultWorkQueue('Root')::WorkerFunc - thread 19656 stopped.

16:51:45: DefaultWorkQueue('Root')::WorkerFunc - thread 10264 stopped.
1616::5151:45:45: : DefaultWorkQueue('Root')::WorkerFunc - thread 19112 stopped.DefaultWorkQueue('Root')::WorkerFunc - thread 17344 stopped.

16:51:45: PCZone Factory Type 'ZoneType_Octree' unregistered
16:51:45: *-*-* OGRE Shutdown
16:51:45: Unregistering ResourceManager for type Compositor
16:51:45: Uninstalling plugin: Octree Scene Manager
16:51:45: Plugin successfully uninstalled
16:51:45: Unloading library C:/Users/felip/OneDrive/Desktop/Programas/Repositorios/IG-II/Practica 1.3y1.4/bin/.\Plugin_OctreeSceneManager
16:51:45: Uninstalling plugin: Octree Zone Factory
16:51:45: Plugin successfully uninstalled
16:51:45: Unloading library C:/Users/felip/OneDrive/Desktop/Programas/Repositorios/IG-II/Practica 1.3y1.4/bin/.\Plugin_OctreeZone
16:51:45: Uninstalling plugin: Portal Connected Zone Scene Manager
16:51:45: Plugin successfully uninstalled
16:51:45: Unloading library C:/Users/felip/OneDrive/Desktop/Programas/Repositorios/IG-II/Practica 1.3y1.4/bin/.\Plugin_PCZSceneManager
16:51:45: Unloading library C:/Users/felip/OneDrive/Desktop/Programas/Repositorios/IG-II/Practica 1.3y1.4/bin/.\Codec_STBI
16:51:45: Uninstalling plugin: BSP Scene Manager
16:51:45: Plugin successfully uninstalled
16:51:45: Unloading library C:/Users/felip/OneDrive/Desktop/Programas/Repositorios/IG-II/Practica 1.3y1.4/bin/.\Plugin_BSPSceneManager
16:51:45: Uninstalling plugin: ParticleFX
16:51:45: Plugin successfully uninstalled
16:51:45: Unloading library C:/Users/felip/OneDrive/Desktop/Programas/Repositorios/IG-II/Practica 1.3y1.4/bin/.\Plugin_ParticleFX
16:51:45: Uninstalling plugin: GL 3+ RenderSystem
16:51:45: *** Stopping Win32GL Subsystem ***
16:51:45: Plugin successfully uninstalled
16:51:45: Unloading library C:/Users/felip/OneDrive/Desktop/Programas/Repositorios/IG-II/Practica 1.3y1.4/bin/.\RenderSystem_GL3Plus
16:51:45: Uninstalling plugin: GL RenderSystem
16:51:45: Unregistering ResourceManager for type GpuProgram
16:51:45: *** Stopping Win32GL Subsystem ***
16:51:45: Unregistering ResourceManager for type Texture
16:51:45: Plugin successfully uninstalled
16:51:45: Unloading library C:/Users/felip/OneDrive/Desktop/Programas/Repositorios/IG-II/Practica 1.3y1.4/bin/.\RenderSystem_GL
16:51:45: Unregistering ResourceManager for type Skeleton
16:51:45: Unregistering ResourceManager for type Mesh
16:51:45: Unregistering ResourceManager for type HighLevelGpuProgram
16:51:45: Unregistering ResourceManager for type Material
